{"/Users/azaafouri/Workspace/Kata/kata-gilded-rose/js/spec/gilded_rose_spec.js":{"path":"/Users/azaafouri/Workspace/Kata/kata-gilded-rose/js/spec/gilded_rose_spec.js","s":{"1":1,"2":1,"3":1,"4":1,"5":1,"6":1,"7":1,"8":1,"9":1,"10":1,"11":1,"12":1,"13":1,"14":1,"15":1,"16":1,"17":1,"18":1,"19":1,"20":1,"21":1,"22":1,"23":1,"24":1,"25":1,"26":1,"27":1,"28":1,"29":1,"30":1,"31":1,"32":1,"33":1,"34":1,"35":1,"36":1,"37":1,"38":1,"39":1,"40":1,"41":1,"42":1,"43":1,"44":1,"45":1,"46":1,"47":1,"48":1,"49":1,"50":1,"51":1,"52":1,"53":1,"54":1,"55":1,"56":1,"57":1,"58":1,"59":1,"60":1,"61":1,"62":1,"63":1},"b":{},"f":{"1":1,"2":1,"3":1,"4":1,"5":1,"6":1,"7":1,"8":1,"9":1,"10":1,"11":1},"fnMap":{"1":{"name":"(anonymous_1)","line":4,"loc":{"start":{"line":4,"column":24},"end":{"line":4,"column":35}}},"2":{"name":"(anonymous_2)","line":6,"loc":{"start":{"line":6,"column":89},"end":{"line":6,"column":100}}},"3":{"name":"(anonymous_3)","line":14,"loc":{"start":{"line":14,"column":89},"end":{"line":14,"column":100}}},"4":{"name":"(anonymous_4)","line":22,"loc":{"start":{"line":22,"column":110},"end":{"line":22,"column":121}}},"5":{"name":"(anonymous_5)","line":30,"loc":{"start":{"line":30,"column":118},"end":{"line":30,"column":129}}},"6":{"name":"(anonymous_6)","line":38,"loc":{"start":{"line":38,"column":109},"end":{"line":38,"column":120}}},"7":{"name":"(anonymous_7)","line":46,"loc":{"start":{"line":46,"column":102},"end":{"line":46,"column":113}}},"8":{"name":"(anonymous_8)","line":54,"loc":{"start":{"line":54,"column":81},"end":{"line":54,"column":92}}},"9":{"name":"(anonymous_9)","line":62,"loc":{"start":{"line":62,"column":81},"end":{"line":62,"column":92}}},"10":{"name":"(anonymous_10)","line":71,"loc":{"start":{"line":71,"column":77},"end":{"line":71,"column":88}}},"11":{"name":"(anonymous_11)","line":79,"loc":{"start":{"line":79,"column":76},"end":{"line":79,"column":87}}}},"statementMap":{"1":{"start":{"line":1,"column":0},"end":{"line":1,"column":45}},"2":{"start":{"line":2,"column":0},"end":{"line":2,"column":45}},"3":{"start":{"line":4,"column":0},"end":{"line":87,"column":3}},"4":{"start":{"line":6,"column":2},"end":{"line":12,"column":5}},"5":{"start":{"line":7,"column":4},"end":{"line":7,"column":65}},"6":{"start":{"line":8,"column":4},"end":{"line":8,"column":45}},"7":{"start":{"line":9,"column":4},"end":{"line":9,"column":47}},"8":{"start":{"line":10,"column":4},"end":{"line":10,"column":39}},"9":{"start":{"line":11,"column":4},"end":{"line":11,"column":40}},"10":{"start":{"line":14,"column":2},"end":{"line":20,"column":5}},"11":{"start":{"line":15,"column":4},"end":{"line":15,"column":66}},"12":{"start":{"line":16,"column":4},"end":{"line":16,"column":45}},"13":{"start":{"line":17,"column":4},"end":{"line":17,"column":47}},"14":{"start":{"line":18,"column":4},"end":{"line":18,"column":40}},"15":{"start":{"line":19,"column":4},"end":{"line":19,"column":40}},"16":{"start":{"line":22,"column":2},"end":{"line":28,"column":5}},"17":{"start":{"line":23,"column":4},"end":{"line":23,"column":98}},"18":{"start":{"line":24,"column":4},"end":{"line":24,"column":45}},"19":{"start":{"line":25,"column":4},"end":{"line":25,"column":79}},"20":{"start":{"line":26,"column":4},"end":{"line":26,"column":40}},"21":{"start":{"line":27,"column":4},"end":{"line":27,"column":40}},"22":{"start":{"line":30,"column":2},"end":{"line":36,"column":5}},"23":{"start":{"line":31,"column":4},"end":{"line":31,"column":97}},"24":{"start":{"line":32,"column":4},"end":{"line":32,"column":45}},"25":{"start":{"line":33,"column":4},"end":{"line":33,"column":79}},"26":{"start":{"line":34,"column":4},"end":{"line":34,"column":39}},"27":{"start":{"line":35,"column":4},"end":{"line":35,"column":40}},"28":{"start":{"line":38,"column":2},"end":{"line":44,"column":5}},"29":{"start":{"line":39,"column":4},"end":{"line":39,"column":97}},"30":{"start":{"line":40,"column":4},"end":{"line":40,"column":45}},"31":{"start":{"line":41,"column":4},"end":{"line":41,"column":79}},"32":{"start":{"line":42,"column":4},"end":{"line":42,"column":39}},"33":{"start":{"line":43,"column":4},"end":{"line":43,"column":40}},"34":{"start":{"line":46,"column":2},"end":{"line":52,"column":5}},"35":{"start":{"line":47,"column":4},"end":{"line":47,"column":97}},"36":{"start":{"line":48,"column":4},"end":{"line":48,"column":45}},"37":{"start":{"line":49,"column":4},"end":{"line":49,"column":79}},"38":{"start":{"line":50,"column":4},"end":{"line":50,"column":40}},"39":{"start":{"line":51,"column":4},"end":{"line":51,"column":40}},"40":{"start":{"line":54,"column":2},"end":{"line":60,"column":5}},"41":{"start":{"line":55,"column":4},"end":{"line":55,"column":82}},"42":{"start":{"line":56,"column":4},"end":{"line":56,"column":45}},"43":{"start":{"line":57,"column":4},"end":{"line":57,"column":64}},"44":{"start":{"line":58,"column":4},"end":{"line":58,"column":39}},"45":{"start":{"line":59,"column":4},"end":{"line":59,"column":40}},"46":{"start":{"line":62,"column":2},"end":{"line":68,"column":5}},"47":{"start":{"line":63,"column":4},"end":{"line":63,"column":82}},"48":{"start":{"line":64,"column":4},"end":{"line":64,"column":45}},"49":{"start":{"line":65,"column":4},"end":{"line":65,"column":64}},"50":{"start":{"line":66,"column":4},"end":{"line":66,"column":39}},"51":{"start":{"line":67,"column":4},"end":{"line":67,"column":40}},"52":{"start":{"line":71,"column":2},"end":{"line":77,"column":5}},"53":{"start":{"line":72,"column":4},"end":{"line":72,"column":78}},"54":{"start":{"line":73,"column":4},"end":{"line":73,"column":45}},"55":{"start":{"line":74,"column":4},"end":{"line":74,"column":60}},"56":{"start":{"line":75,"column":4},"end":{"line":75,"column":39}},"57":{"start":{"line":76,"column":4},"end":{"line":76,"column":40}},"58":{"start":{"line":79,"column":2},"end":{"line":85,"column":5}},"59":{"start":{"line":80,"column":4},"end":{"line":80,"column":79}},"60":{"start":{"line":81,"column":4},"end":{"line":81,"column":45}},"61":{"start":{"line":82,"column":4},"end":{"line":82,"column":60}},"62":{"start":{"line":83,"column":4},"end":{"line":83,"column":40}},"63":{"start":{"line":84,"column":4},"end":{"line":84,"column":40}}},"branchMap":{}},"/Users/azaafouri/Workspace/Kata/kata-gilded-rose/js/src/gilded_rose.js":{"path":"/Users/azaafouri/Workspace/Kata/kata-gilded-rose/js/src/gilded_rose.js","s":{"1":10,"2":10,"3":10,"4":10,"5":10,"6":2,"7":2,"8":2,"9":4,"10":4,"11":4,"12":4,"13":2,"14":2,"15":2,"16":2,"17":10,"18":10,"19":10,"20":10,"21":10,"22":1},"b":{"1":[2,4,2,2],"2":[1,1],"3":[2,2],"4":[1,1],"5":[1,3],"6":[1,1]},"f":{"1":10,"2":10,"3":10,"4":10},"fnMap":{"1":{"name":"(anonymous_1)","line":2,"loc":{"start":{"line":2,"column":13},"end":{"line":2,"column":36}}},"2":{"name":"(anonymous_2)","line":10,"loc":{"start":{"line":10,"column":13},"end":{"line":10,"column":23}}},"3":{"name":"(anonymous_3)","line":14,"loc":{"start":{"line":14,"column":19},"end":{"line":14,"column":26}}},"4":{"name":"(anonymous_4)","line":39,"loc":{"start":{"line":39,"column":15},"end":{"line":39,"column":18}}}},"statementMap":{"1":{"start":{"line":3,"column":4},"end":{"line":3,"column":21}},"2":{"start":{"line":4,"column":4},"end":{"line":4,"column":25}},"3":{"start":{"line":5,"column":4},"end":{"line":5,"column":27}},"4":{"start":{"line":11,"column":4},"end":{"line":11,"column":23}},"5":{"start":{"line":16,"column":4},"end":{"line":33,"column":5}},"6":{"start":{"line":18,"column":8},"end":{"line":18,"column":77}},"7":{"start":{"line":19,"column":8},"end":{"line":19,"column":25}},"8":{"start":{"line":20,"column":8},"end":{"line":20,"column":14}},"9":{"start":{"line":23,"column":8},"end":{"line":23,"column":74}},"10":{"start":{"line":24,"column":8},"end":{"line":24,"column":75}},"11":{"start":{"line":25,"column":8},"end":{"line":25,"column":25}},"12":{"start":{"line":26,"column":8},"end":{"line":26,"column":14}},"13":{"start":{"line":28,"column":8},"end":{"line":28,"column":19}},"14":{"start":{"line":29,"column":8},"end":{"line":29,"column":14}},"15":{"start":{"line":31,"column":8},"end":{"line":31,"column":78}},"16":{"start":{"line":32,"column":8},"end":{"line":32,"column":25}},"17":{"start":{"line":35,"column":4},"end":{"line":35,"column":59}},"18":{"start":{"line":37,"column":4},"end":{"line":37,"column":16}},"19":{"start":{"line":40,"column":6},"end":{"line":42,"column":9}},"20":{"start":{"line":41,"column":8},"end":{"line":41,"column":44}},"21":{"start":{"line":44,"column":4},"end":{"line":44,"column":17}},"22":{"start":{"line":48,"column":0},"end":{"line":51,"column":2}}},"branchMap":{"1":{"line":16,"type":"switch","locations":[{"start":{"line":17,"column":6},"end":{"line":20,"column":14}},{"start":{"line":22,"column":6},"end":{"line":26,"column":14}},{"start":{"line":27,"column":6},"end":{"line":29,"column":14}},{"start":{"line":30,"column":6},"end":{"line":32,"column":25}}]},"2":{"line":18,"type":"cond-expr","locations":[{"start":{"line":18,"column":42},"end":{"line":18,"column":58}},{"start":{"line":18,"column":62},"end":{"line":18,"column":76}}]},"3":{"line":23,"type":"cond-expr","locations":[{"start":{"line":23,"column":45},"end":{"line":23,"column":46}},{"start":{"line":23,"column":49},"end":{"line":23,"column":74}}]},"4":{"line":23,"type":"cond-expr","locations":[{"start":{"line":23,"column":69},"end":{"line":23,"column":70}},{"start":{"line":23,"column":73},"end":{"line":23,"column":74}}]},"5":{"line":24,"type":"cond-expr","locations":[{"start":{"line":24,"column":42},"end":{"line":24,"column":43}},{"start":{"line":24,"column":47},"end":{"line":24,"column":73}}]},"6":{"line":31,"type":"cond-expr","locations":[{"start":{"line":31,"column":41},"end":{"line":31,"column":55}},{"start":{"line":31,"column":59},"end":{"line":31,"column":75}}]}}},"/Users/azaafouri/Workspace/Kata/kata-gilded-rose/js/lib/jasmine-1.1.0/jasmine-html.js":{"path":"/Users/azaafouri/Workspace/Kata/kata-gilded-rose/js/lib/jasmine-1.1.0/jasmine-html.js","s":{"1":0,"2":0,"3":0,"4":0,"5":0,"6":0,"7":0,"8":0,"9":0,"10":0,"11":0,"12":0,"13":0,"14":0,"15":0,"16":0,"17":0,"18":0,"19":0,"20":0,"21":0,"22":0,"23":0,"24":0,"25":0,"26":0,"27":0,"28":0,"29":0,"30":0,"31":0,"32":0,"33":0,"34":0,"35":0,"36":0,"37":0,"38":0,"39":0,"40":0,"41":0,"42":0,"43":0,"44":0,"45":0,"46":0,"47":0,"48":0,"49":0,"50":0,"51":0,"52":0,"53":0,"54":0,"55":0,"56":0,"57":0,"58":0,"59":0,"60":0,"61":0,"62":0,"63":0,"64":0,"65":0,"66":0,"67":0,"68":0,"69":0,"70":0,"71":0,"72":0,"73":0,"74":0,"75":0,"76":0,"77":0,"78":0,"79":0,"80":0,"81":0,"82":0,"83":0,"84":0,"85":0,"86":0,"87":0,"88":0,"89":0,"90":0,"91":0,"92":0,"93":0,"94":0,"95":0,"96":0,"97":0,"98":0,"99":0},"b":{"1":[0,0],"2":[0,0],"3":[0,0],"4":[0,0],"5":[0,0],"6":[0,0],"7":[0,0],"8":[0,0],"9":[0,0],"10":[0,0],"11":[0,0],"12":[0,0],"13":[0,0],"14":[0,0],"15":[0,0],"16":[0,0],"17":[0,0],"18":[0,0],"19":[0,0,0],"20":[0,0],"21":[0,0],"22":[0,0],"23":[0,0],"24":[0,0],"25":[0,0]},"f":{"1":0,"2":0,"3":0,"4":0,"5":0,"6":0,"7":0,"8":0,"9":0,"10":0,"11":0,"12":0},"fnMap":{"1":{"name":"(anonymous_1)","line":1,"loc":{"start":{"line":1,"column":26},"end":{"line":1,"column":40}}},"2":{"name":"(anonymous_2)","line":7,"loc":{"start":{"line":7,"column":46},"end":{"line":7,"column":85}}},"3":{"name":"(anonymous_3)","line":31,"loc":{"start":{"line":31,"column":57},"end":{"line":31,"column":74}}},"4":{"name":"(anonymous_4)","line":73,"loc":{"start":{"line":73,"column":23},"end":{"line":73,"column":37}}},"5":{"name":"(anonymous_5)","line":81,"loc":{"start":{"line":81,"column":24},"end":{"line":81,"column":38}}},"6":{"name":"(anonymous_6)","line":90,"loc":{"start":{"line":90,"column":56},"end":{"line":90,"column":73}}},"7":{"name":"(anonymous_7)","line":110,"loc":{"start":{"line":110,"column":55},"end":{"line":110,"column":71}}},"8":{"name":"(anonymous_8)","line":119,"loc":{"start":{"line":119,"column":55},"end":{"line":119,"column":70}}},"9":{"name":"(anonymous_9)","line":125,"loc":{"start":{"line":125,"column":54},"end":{"line":125,"column":69}}},"10":{"name":"(anonymous_10)","line":163,"loc":{"start":{"line":163,"column":40},"end":{"line":163,"column":51}}},"11":{"name":"(anonymous_11)","line":174,"loc":{"start":{"line":174,"column":48},"end":{"line":174,"column":59}}},"12":{"name":"(anonymous_12)","line":178,"loc":{"start":{"line":178,"column":47},"end":{"line":178,"column":62}}}},"statementMap":{"1":{"start":{"line":1,"column":0},"end":{"line":5,"column":2}},"2":{"start":{"line":2,"column":2},"end":{"line":2,"column":34}},"3":{"start":{"line":3,"column":2},"end":{"line":3,"column":22}},"4":{"start":{"line":4,"column":2},"end":{"line":4,"column":31}},"5":{"start":{"line":7,"column":0},"end":{"line":29,"column":2}},"6":{"start":{"line":8,"column":2},"end":{"line":8,"column":40}},"7":{"start":{"line":10,"column":2},"end":{"line":18,"column":3}},"8":{"start":{"line":11,"column":4},"end":{"line":11,"column":29}},"9":{"start":{"line":13,"column":4},"end":{"line":17,"column":5}},"10":{"start":{"line":14,"column":6},"end":{"line":14,"column":53}},"11":{"start":{"line":16,"column":6},"end":{"line":16,"column":43}},"12":{"start":{"line":16,"column":19},"end":{"line":16,"column":41}},"13":{"start":{"line":20,"column":2},"end":{"line":26,"column":3}},"14":{"start":{"line":21,"column":4},"end":{"line":25,"column":5}},"15":{"start":{"line":22,"column":6},"end":{"line":22,"column":29}},"16":{"start":{"line":24,"column":6},"end":{"line":24,"column":41}},"17":{"start":{"line":28,"column":2},"end":{"line":28,"column":12}},"18":{"start":{"line":31,"column":0},"end":{"line":88,"column":2}},"19":{"start":{"line":32,"column":2},"end":{"line":32,"column":30}},"20":{"start":{"line":34,"column":2},"end":{"line":52,"column":8}},"21":{"start":{"line":54,"column":2},"end":{"line":54,"column":48}},"22":{"start":{"line":56,"column":2},"end":{"line":56,"column":31}},"23":{"start":{"line":57,"column":2},"end":{"line":68,"column":3}},"24":{"start":{"line":58,"column":4},"end":{"line":58,"column":26}},"25":{"start":{"line":59,"column":4},"end":{"line":61,"column":136}},"26":{"start":{"line":62,"column":4},"end":{"line":62,"column":40}},"27":{"start":{"line":63,"column":4},"end":{"line":63,"column":34}},"28":{"start":{"line":64,"column":4},"end":{"line":66,"column":5}},"29":{"start":{"line":65,"column":6},"end":{"line":65,"column":55}},"30":{"start":{"line":67,"column":4},"end":{"line":67,"column":36}},"31":{"start":{"line":70,"column":2},"end":{"line":70,"column":30}},"32":{"start":{"line":72,"column":2},"end":{"line":72,"column":18}},"33":{"start":{"line":73,"column":2},"end":{"line":79,"column":4}},"34":{"start":{"line":74,"column":4},"end":{"line":78,"column":5}},"35":{"start":{"line":75,"column":6},"end":{"line":75,"column":48}},"36":{"start":{"line":77,"column":6},"end":{"line":77,"column":84}},"37":{"start":{"line":81,"column":2},"end":{"line":87,"column":4}},"38":{"start":{"line":82,"column":4},"end":{"line":86,"column":5}},"39":{"start":{"line":83,"column":6},"end":{"line":83,"column":49}},"40":{"start":{"line":85,"column":6},"end":{"line":85,"column":85}},"41":{"start":{"line":90,"column":0},"end":{"line":108,"column":2}},"42":{"start":{"line":91,"column":2},"end":{"line":91,"column":33}},"43":{"start":{"line":92,"column":2},"end":{"line":92,"column":80}},"44":{"start":{"line":93,"column":2},"end":{"line":93,"column":50}},"45":{"start":{"line":95,"column":2},"end":{"line":95,"column":54}},"46":{"start":{"line":96,"column":2},"end":{"line":96,"column":29}},"47":{"start":{"line":97,"column":2},"end":{"line":97,"column":20}},"48":{"start":{"line":98,"column":2},"end":{"line":102,"column":3}},"49":{"start":{"line":99,"column":4},"end":{"line":101,"column":5}},"50":{"start":{"line":100,"column":6},"end":{"line":100,"column":18}},"51":{"start":{"line":103,"column":2},"end":{"line":103,"column":156}},"52":{"start":{"line":104,"column":2},"end":{"line":104,"column":87}},"53":{"start":{"line":105,"column":2},"end":{"line":105,"column":143}},"54":{"start":{"line":107,"column":2},"end":{"line":107,"column":99}},"55":{"start":{"line":110,"column":0},"end":{"line":117,"column":2}},"56":{"start":{"line":111,"column":2},"end":{"line":111,"column":32}},"57":{"start":{"line":112,"column":2},"end":{"line":112,"column":54}},"58":{"start":{"line":113,"column":2},"end":{"line":115,"column":3}},"59":{"start":{"line":114,"column":4},"end":{"line":114,"column":23}},"60":{"start":{"line":116,"column":2},"end":{"line":116,"column":53}},"61":{"start":{"line":119,"column":0},"end":{"line":123,"column":2}},"62":{"start":{"line":120,"column":2},"end":{"line":122,"column":3}},"63":{"start":{"line":121,"column":4},"end":{"line":121,"column":94}},"64":{"start":{"line":125,"column":0},"end":{"line":161,"column":2}},"65":{"start":{"line":126,"column":2},"end":{"line":126,"column":31}},"66":{"start":{"line":127,"column":2},"end":{"line":127,"column":54}},"67":{"start":{"line":128,"column":2},"end":{"line":130,"column":3}},"68":{"start":{"line":129,"column":4},"end":{"line":129,"column":23}},"69":{"start":{"line":131,"column":2},"end":{"line":137,"column":28}},"70":{"start":{"line":140,"column":2},"end":{"line":140,"column":39}},"71":{"start":{"line":141,"column":2},"end":{"line":141,"column":69}},"72":{"start":{"line":142,"column":2},"end":{"line":154,"column":3}},"73":{"start":{"line":143,"column":4},"end":{"line":143,"column":32}},"74":{"start":{"line":145,"column":4},"end":{"line":153,"column":5}},"75":{"start":{"line":146,"column":6},"end":{"line":146,"column":106}},"76":{"start":{"line":147,"column":11},"end":{"line":153,"column":5}},"77":{"start":{"line":148,"column":6},"end":{"line":148,"column":104}},"78":{"start":{"line":150,"column":6},"end":{"line":152,"column":7}},"79":{"start":{"line":151,"column":8},"end":{"line":151,"column":102}},"80":{"start":{"line":156,"column":2},"end":{"line":158,"column":3}},"81":{"start":{"line":157,"column":4},"end":{"line":157,"column":37}},"82":{"start":{"line":160,"column":2},"end":{"line":160,"column":53}},"83":{"start":{"line":163,"column":0},"end":{"line":172,"column":2}},"84":{"start":{"line":164,"column":2},"end":{"line":164,"column":44}},"85":{"start":{"line":165,"column":2},"end":{"line":171,"column":3}},"86":{"start":{"line":166,"column":4},"end":{"line":170,"column":5}},"87":{"start":{"line":167,"column":6},"end":{"line":167,"column":44}},"88":{"start":{"line":169,"column":6},"end":{"line":169,"column":29}},"89":{"start":{"line":174,"column":0},"end":{"line":176,"column":2}},"90":{"start":{"line":175,"column":2},"end":{"line":175,"column":32}},"91":{"start":{"line":178,"column":0},"end":{"line":190,"column":2}},"92":{"start":{"line":179,"column":2},"end":{"line":179,"column":20}},"93":{"start":{"line":180,"column":2},"end":{"line":180,"column":65}},"94":{"start":{"line":181,"column":2},"end":{"line":184,"column":3}},"95":{"start":{"line":182,"column":4},"end":{"line":182,"column":33}},"96":{"start":{"line":183,"column":4},"end":{"line":183,"column":66}},"97":{"start":{"line":186,"column":2},"end":{"line":188,"column":3}},"98":{"start":{"line":187,"column":4},"end":{"line":187,"column":16}},"99":{"start":{"line":189,"column":2},"end":{"line":189,"column":57}}},"branchMap":{"1":{"line":2,"type":"binary-expr","locations":[{"start":{"line":2,"column":18},"end":{"line":2,"column":21}},{"start":{"line":2,"column":25},"end":{"line":2,"column":33}}]},"2":{"line":13,"type":"if","locations":[{"start":{"line":13,"column":4},"end":{"line":13,"column":4}},{"start":{"line":13,"column":4},"end":{"line":13,"column":4}}]},"3":{"line":16,"type":"if","locations":[{"start":{"line":16,"column":6},"end":{"line":16,"column":6}},{"start":{"line":16,"column":6},"end":{"line":16,"column":6}}]},"4":{"line":21,"type":"if","locations":[{"start":{"line":21,"column":4},"end":{"line":21,"column":4}},{"start":{"line":21,"column":4},"end":{"line":21,"column":4}}]},"5":{"line":64,"type":"if","locations":[{"start":{"line":64,"column":4},"end":{"line":64,"column":4}},{"start":{"line":64,"column":4},"end":{"line":64,"column":4}}]},"6":{"line":74,"type":"if","locations":[{"start":{"line":74,"column":4},"end":{"line":74,"column":4}},{"start":{"line":74,"column":4},"end":{"line":74,"column":4}}]},"7":{"line":82,"type":"if","locations":[{"start":{"line":82,"column":4},"end":{"line":82,"column":4}},{"start":{"line":82,"column":4},"end":{"line":82,"column":4}}]},"8":{"line":92,"type":"cond-expr","locations":[{"start":{"line":92,"column":46},"end":{"line":92,"column":61}},{"start":{"line":92,"column":64},"end":{"line":92,"column":79}}]},"9":{"line":99,"type":"if","locations":[{"start":{"line":99,"column":4},"end":{"line":99,"column":4}},{"start":{"line":99,"column":4},"end":{"line":99,"column":4}}]},"10":{"line":103,"type":"cond-expr","locations":[{"start":{"line":103,"column":61},"end":{"line":103,"column":63}},{"start":{"line":103,"column":66},"end":{"line":103,"column":69}}]},"11":{"line":103,"type":"cond-expr","locations":[{"start":{"line":103,"column":146},"end":{"line":103,"column":148}},{"start":{"line":103,"column":151},"end":{"line":103,"column":154}}]},"12":{"line":112,"type":"cond-expr","locations":[{"start":{"line":112,"column":34},"end":{"line":112,"column":42}},{"start":{"line":112,"column":45},"end":{"line":112,"column":53}}]},"13":{"line":113,"type":"if","locations":[{"start":{"line":113,"column":2},"end":{"line":113,"column":2}},{"start":{"line":113,"column":2},"end":{"line":113,"column":2}}]},"14":{"line":120,"type":"if","locations":[{"start":{"line":120,"column":2},"end":{"line":120,"column":2}},{"start":{"line":120,"column":2},"end":{"line":120,"column":2}}]},"15":{"line":127,"type":"cond-expr","locations":[{"start":{"line":127,"column":34},"end":{"line":127,"column":42}},{"start":{"line":127,"column":45},"end":{"line":127,"column":53}}]},"16":{"line":128,"type":"if","locations":[{"start":{"line":128,"column":2},"end":{"line":128,"column":2}},{"start":{"line":128,"column":2},"end":{"line":128,"column":2}}]},"17":{"line":145,"type":"if","locations":[{"start":{"line":145,"column":4},"end":{"line":145,"column":4}},{"start":{"line":145,"column":4},"end":{"line":145,"column":4}}]},"18":{"line":147,"type":"if","locations":[{"start":{"line":147,"column":11},"end":{"line":147,"column":11}},{"start":{"line":147,"column":11},"end":{"line":147,"column":11}}]},"19":{"line":147,"type":"binary-expr","locations":[{"start":{"line":147,"column":15},"end":{"line":147,"column":38}},{"start":{"line":147,"column":42},"end":{"line":147,"column":55}},{"start":{"line":147,"column":59},"end":{"line":147,"column":75}}]},"20":{"line":150,"type":"if","locations":[{"start":{"line":150,"column":6},"end":{"line":150,"column":6}},{"start":{"line":150,"column":6},"end":{"line":150,"column":6}}]},"21":{"line":156,"type":"if","locations":[{"start":{"line":156,"column":2},"end":{"line":156,"column":2}},{"start":{"line":156,"column":2},"end":{"line":156,"column":2}}]},"22":{"line":165,"type":"if","locations":[{"start":{"line":165,"column":2},"end":{"line":165,"column":2}},{"start":{"line":165,"column":2},"end":{"line":165,"column":2}}]},"23":{"line":165,"type":"binary-expr","locations":[{"start":{"line":165,"column":6},"end":{"line":165,"column":13}},{"start":{"line":165,"column":17},"end":{"line":165,"column":28}}]},"24":{"line":166,"type":"if","locations":[{"start":{"line":166,"column":4},"end":{"line":166,"column":4}},{"start":{"line":166,"column":4},"end":{"line":166,"column":4}}]},"25":{"line":186,"type":"if","locations":[{"start":{"line":186,"column":2},"end":{"line":186,"column":2}},{"start":{"line":186,"column":2},"end":{"line":186,"column":2}}]}}},"/Users/azaafouri/Workspace/Kata/kata-gilded-rose/js/lib/jasmine-1.1.0/jasmine.js":{"path":"/Users/azaafouri/Workspace/Kata/kata-gilded-rose/js/lib/jasmine-1.1.0/jasmine.js","s":{"1":0,"2":0,"3":0,"4":0,"5":0,"6":0,"7":0,"8":0,"9":0,"10":0,"11":0,"12":0,"13":0,"14":0,"15":0,"16":0,"17":0,"18":0,"19":0,"20":0,"21":0,"22":0,"23":0,"24":0,"25":0,"26":0,"27":0,"28":0,"29":0,"30":0,"31":0,"32":0,"33":0,"34":0,"35":0,"36":0,"37":0,"38":0,"39":0,"40":0,"41":0,"42":0,"43":0,"44":0,"45":0,"46":0,"47":0,"48":0,"49":0,"50":0,"51":0,"52":0,"53":0,"54":0,"55":0,"56":0,"57":0,"58":0,"59":0,"60":0,"61":0,"62":0,"63":0,"64":0,"65":0,"66":0,"67":0,"68":0,"69":0,"70":0,"71":0,"72":0,"73":0,"74":0,"75":0,"76":0,"77":0,"78":0,"79":0,"80":0,"81":0,"82":0,"83":0,"84":0,"85":0,"86":0,"87":0,"88":0,"89":0,"90":0,"91":0,"92":0,"93":0,"94":0,"95":0,"96":0,"97":0,"98":0,"99":0,"100":0,"101":0,"102":0,"103":0,"104":0,"105":0,"106":0,"107":0,"108":0,"109":0,"110":0,"111":0,"112":0,"113":0,"114":0,"115":0,"116":0,"117":0,"118":0,"119":0,"120":0,"121":0,"122":0,"123":0,"124":0,"125":0,"126":0,"127":0,"128":0,"129":0,"130":0,"131":0,"132":0,"133":0,"134":0,"135":0,"136":0,"137":0,"138":0,"139":0,"140":0,"141":0,"142":0,"143":0,"144":0,"145":0,"146":0,"147":0,"148":0,"149":0,"150":0,"151":0,"152":0,"153":0,"154":0,"155":0,"156":0,"157":0,"158":0,"159":0,"160":0,"161":0,"162":0,"163":0,"164":0,"165":0,"166":0,"167":0,"168":0,"169":0,"170":0,"171":0,"172":0,"173":0,"174":0,"175":0,"176":0,"177":0,"178":0,"179":0,"180":0,"181":0,"182":0,"183":0,"184":0,"185":0,"186":0,"187":0,"188":0,"189":0,"190":0,"191":0,"192":0,"193":0,"194":0,"195":0,"196":0,"197":0,"198":0,"199":0,"200":0,"201":0,"202":0,"203":0,"204":0,"205":0,"206":0,"207":0,"208":0,"209":0,"210":0,"211":0,"212":0,"213":0,"214":0,"215":0,"216":0,"217":0,"218":0,"219":0,"220":0,"221":0,"222":0,"223":0,"224":0,"225":0,"226":0,"227":0,"228":0,"229":0,"230":0,"231":0,"232":0,"233":0,"234":0,"235":0,"236":0,"237":0,"238":0,"239":0,"240":0,"241":0,"242":0,"243":0,"244":0,"245":0,"246":0,"247":0,"248":0,"249":0,"250":0,"251":0,"252":0,"253":0,"254":0,"255":0,"256":0,"257":0,"258":0,"259":0,"260":0,"261":0,"262":0,"263":0,"264":0,"265":0,"266":0,"267":0,"268":0,"269":0,"270":0,"271":0,"272":0,"273":0,"274":0,"275":0,"276":0,"277":0,"278":0,"279":0,"280":0,"281":0,"282":0,"283":0,"284":0,"285":0,"286":0,"287":0,"288":0,"289":0,"290":0,"291":0,"292":0,"293":0,"294":0,"295":0,"296":0,"297":0,"298":0,"299":0,"300":0,"301":0,"302":0,"303":0,"304":0,"305":0,"306":0,"307":0,"308":0,"309":0,"310":0,"311":0,"312":0,"313":0,"314":0,"315":0,"316":0,"317":0,"318":0,"319":0,"320":0,"321":0,"322":0,"323":0,"324":0,"325":0,"326":0,"327":0,"328":0,"329":0,"330":0,"331":0,"332":0,"333":0,"334":0,"335":0,"336":0,"337":0,"338":0,"339":0,"340":0,"341":0,"342":0,"343":0,"344":0,"345":0,"346":0,"347":0,"348":0,"349":0,"350":0,"351":0,"352":0,"353":0,"354":0,"355":0,"356":0,"357":0,"358":0,"359":0,"360":0,"361":0,"362":0,"363":0,"364":0,"365":0,"366":0,"367":0,"368":0,"369":0,"370":0,"371":0,"372":0,"373":0,"374":0,"375":0,"376":0,"377":0,"378":0,"379":0,"380":0,"381":0,"382":0,"383":0,"384":0,"385":0,"386":0,"387":0,"388":0,"389":0,"390":0,"391":0,"392":0,"393":0,"394":0,"395":0,"396":0,"397":0,"398":0,"399":0,"400":0,"401":0,"402":0,"403":0,"404":0,"405":0,"406":0,"407":0,"408":0,"409":0,"410":0,"411":0,"412":0,"413":0,"414":0,"415":0,"416":0,"417":0,"418":0,"419":0,"420":0,"421":0,"422":0,"423":0,"424":0,"425":0,"426":0,"427":0,"428":0,"429":0,"430":0,"431":0,"432":0,"433":0,"434":0,"435":0,"436":0,"437":0,"438":0,"439":0,"440":0,"441":0,"442":0,"443":0,"444":0,"445":0,"446":0,"447":0,"448":0,"449":0,"450":0,"451":0,"452":0,"453":0,"454":0,"455":0,"456":0,"457":0,"458":0,"459":0,"460":0,"461":0,"462":0,"463":0,"464":0,"465":0,"466":0,"467":0,"468":0,"469":0,"470":0,"471":0,"472":0,"473":0,"474":0,"475":0,"476":0,"477":0,"478":0,"479":0,"480":0,"481":0,"482":0,"483":0,"484":0,"485":0,"486":0,"487":0,"488":0,"489":0,"490":0,"491":0,"492":0,"493":0,"494":0,"495":0,"496":0,"497":0,"498":0,"499":0,"500":0,"501":0,"502":0,"503":0,"504":0,"505":0,"506":0,"507":0,"508":0,"509":0,"510":0,"511":0,"512":0,"513":0,"514":0,"515":0,"516":0,"517":0,"518":0,"519":0,"520":0,"521":0,"522":0,"523":0,"524":0,"525":0,"526":0,"527":0,"528":0,"529":0,"530":0,"531":0,"532":0,"533":0,"534":0,"535":0,"536":0,"537":0,"538":0,"539":0,"540":0,"541":0,"542":0,"543":0,"544":0,"545":0,"546":0,"547":0,"548":0,"549":0,"550":0,"551":0,"552":0,"553":0,"554":0,"555":0,"556":0,"557":0,"558":0,"559":0,"560":0,"561":0,"562":0,"563":0,"564":0,"565":0,"566":0,"567":0,"568":0,"569":0,"570":0,"571":0,"572":0,"573":0,"574":0,"575":0,"576":0,"577":0,"578":0,"579":0,"580":0,"581":0,"582":0,"583":0,"584":0,"585":0,"586":0,"587":0,"588":0,"589":0,"590":0,"591":0,"592":0,"593":0,"594":0,"595":0,"596":0,"597":0,"598":0,"599":0,"600":0,"601":0,"602":0,"603":0,"604":0,"605":0,"606":0,"607":0,"608":0,"609":0,"610":0,"611":0,"612":0,"613":0,"614":0,"615":0,"616":0,"617":0,"618":0,"619":0,"620":0,"621":0,"622":0,"623":0,"624":0,"625":0,"626":0,"627":0,"628":0,"629":0,"630":0,"631":0,"632":0,"633":0,"634":0,"635":0,"636":0,"637":0,"638":0,"639":0,"640":0,"641":0,"642":0,"643":0,"644":0,"645":0,"646":0,"647":0,"648":0,"649":0,"650":0,"651":0,"652":0,"653":0,"654":0,"655":0,"656":0,"657":0,"658":0,"659":0,"660":0,"661":0,"662":0,"663":0,"664":0,"665":0,"666":0,"667":0,"668":0,"669":0,"670":0,"671":0,"672":0,"673":0,"674":0,"675":0,"676":0,"677":0,"678":0,"679":0,"680":0,"681":0,"682":0,"683":0,"684":0,"685":0,"686":0,"687":0,"688":0,"689":0,"690":0,"691":0,"692":0,"693":0,"694":0,"695":0,"696":0,"697":0,"698":0,"699":0,"700":0,"701":0,"702":0,"703":0,"704":0,"705":0,"706":0,"707":0,"708":0,"709":0,"710":0,"711":0,"712":0,"713":0,"714":0,"715":0,"716":0,"717":0,"718":0,"719":0,"720":0,"721":0,"722":0,"723":0,"724":0,"725":0,"726":0,"727":0,"728":0,"729":0,"730":0,"731":0,"732":0,"733":0,"734":0,"735":0,"736":0,"737":0,"738":0,"739":0,"740":0,"741":0,"742":0,"743":0,"744":0,"745":0,"746":0,"747":0,"748":0,"749":0,"750":0,"751":0,"752":0,"753":0,"754":0,"755":0,"756":0,"757":0,"758":0,"759":0,"760":0,"761":0,"762":0,"763":0,"764":0,"765":0,"766":0,"767":0,"768":0,"769":0,"770":0,"771":0,"772":0,"773":0,"774":0,"775":0,"776":0,"777":0,"778":0,"779":0,"780":0,"781":0,"782":0,"783":0,"784":0,"785":0,"786":0,"787":0,"788":0,"789":0,"790":0,"791":0,"792":0,"793":0,"794":0,"795":0,"796":0,"797":0,"798":0,"799":0,"800":0,"801":0,"802":0,"803":0,"804":0,"805":0,"806":0,"807":0,"808":0,"809":0,"810":0,"811":0,"812":0,"813":0,"814":0,"815":0,"816":0,"817":0,"818":0,"819":0,"820":0,"821":0,"822":0,"823":0,"824":0,"825":0,"826":0,"827":0,"828":0,"829":0,"830":0,"831":0,"832":0,"833":0,"834":0,"835":0,"836":0,"837":0,"838":0,"839":0,"840":0,"841":0,"842":0,"843":0,"844":0,"845":0,"846":0,"847":0,"848":0,"849":0,"850":0,"851":0,"852":0,"853":0,"854":0,"855":0,"856":0,"857":0,"858":0,"859":0,"860":0,"861":0,"862":0,"863":0,"864":0,"865":0,"866":0,"867":0,"868":0,"869":0,"870":0,"871":0,"872":0,"873":0,"874":0,"875":0,"876":0,"877":0,"878":0,"879":0,"880":0,"881":0,"882":0,"883":0,"884":0,"885":0,"886":0,"887":0,"888":0,"889":0,"890":0,"891":0,"892":0,"893":0,"894":0,"895":0,"896":0,"897":0,"898":0,"899":0,"900":0,"901":0,"902":0,"903":0,"904":0,"905":0,"906":0,"907":0,"908":0,"909":0,"910":0,"911":0,"912":0,"913":0,"914":0,"915":0,"916":0,"917":0,"918":0,"919":0,"920":0,"921":0,"922":0,"923":0,"924":0,"925":0,"926":0,"927":0,"928":0,"929":0,"930":0,"931":0,"932":0,"933":0,"934":0,"935":0,"936":0,"937":0,"938":0,"939":0,"940":0,"941":0,"942":0,"943":0,"944":0,"945":0,"946":0,"947":0,"948":0,"949":0,"950":0,"951":0,"952":0,"953":0,"954":0,"955":0,"956":0,"957":0,"958":0,"959":0,"960":0,"961":0,"962":0,"963":0,"964":0,"965":0,"966":0,"967":0,"968":0,"969":0,"970":0,"971":0,"972":0,"973":0,"974":0,"975":0,"976":0,"977":0,"978":0,"979":0,"980":0,"981":0,"982":0,"983":0,"984":0,"985":0,"986":0,"987":0,"988":0,"989":0,"990":0,"991":0,"992":0,"993":0,"994":0,"995":0,"996":0,"997":0,"998":0,"999":0,"1000":0,"1001":0,"1002":0,"1003":0,"1004":0,"1005":0,"1006":0,"1007":0,"1008":0,"1009":0,"1010":0,"1011":0,"1012":0,"1013":0,"1014":0,"1015":0,"1016":0,"1017":0,"1018":0,"1019":0,"1020":0,"1021":0,"1022":0,"1023":0,"1024":0,"1025":0,"1026":0,"1027":0,"1028":0,"1029":0,"1030":0,"1031":0,"1032":0,"1033":0,"1034":0,"1035":0,"1036":0,"1037":0,"1038":0,"1039":0,"1040":0,"1041":0,"1042":0,"1043":0,"1044":0,"1045":0,"1046":0,"1047":0,"1048":0,"1049":0,"1050":0,"1051":0,"1052":0,"1053":0,"1054":0,"1055":0,"1056":0,"1057":0,"1058":0,"1059":0,"1060":0,"1061":0,"1062":0},"b":{"1":[0,0],"2":[0,0],"3":[0,0],"4":[0,0],"5":[0,0],"6":[0,0],"7":[0,0],"8":[0,0],"9":[0,0],"10":[0,0],"11":[0,0],"12":[0,0],"13":[0,0],"14":[0,0],"15":[0,0],"16":[0,0],"17":[0,0],"18":[0,0],"19":[0,0],"20":[0,0],"21":[0,0],"22":[0,0],"23":[0,0],"24":[0,0],"25":[0,0,0,0],"26":[0,0],"27":[0,0],"28":[0,0],"29":[0,0],"30":[0,0],"31":[0,0],"32":[0,0],"33":[0,0],"34":[0,0],"35":[0,0],"36":[0,0],"37":[0,0],"38":[0,0],"39":[0,0],"40":[0,0],"41":[0,0],"42":[0,0],"43":[0,0],"44":[0,0],"45":[0,0],"46":[0,0],"47":[0,0],"48":[0,0],"49":[0,0],"50":[0,0],"51":[0,0],"52":[0,0],"53":[0,0],"54":[0,0],"55":[0,0],"56":[0,0,0],"57":[0,0],"58":[0,0],"59":[0,0],"60":[0,0],"61":[0,0],"62":[0,0],"63":[0,0,0,0],"64":[0,0],"65":[0,0],"66":[0,0],"67":[0,0],"68":[0,0],"69":[0,0],"70":[0,0],"71":[0,0],"72":[0,0],"73":[0,0],"74":[0,0],"75":[0,0],"76":[0,0],"77":[0,0],"78":[0,0],"79":[0,0],"80":[0,0],"81":[0,0],"82":[0,0],"83":[0,0],"84":[0,0],"85":[0,0],"86":[0,0],"87":[0,0],"88":[0,0],"89":[0,0],"90":[0,0],"91":[0,0],"92":[0,0],"93":[0,0],"94":[0,0],"95":[0,0],"96":[0,0],"97":[0,0],"98":[0,0],"99":[0,0],"100":[0,0],"101":[0,0],"102":[0,0],"103":[0,0],"104":[0,0],"105":[0,0],"106":[0,0],"107":[0,0],"108":[0,0],"109":[0,0],"110":[0,0],"111":[0,0],"112":[0,0],"113":[0,0],"114":[0,0,0],"115":[0,0],"116":[0,0],"117":[0,0],"118":[0,0],"119":[0,0],"120":[0,0],"121":[0,0],"122":[0,0],"123":[0,0],"124":[0,0],"125":[0,0],"126":[0,0],"127":[0,0],"128":[0,0],"129":[0,0],"130":[0,0],"131":[0,0],"132":[0,0],"133":[0,0],"134":[0,0],"135":[0,0],"136":[0,0],"137":[0,0],"138":[0,0],"139":[0,0],"140":[0,0],"141":[0,0],"142":[0,0],"143":[0,0],"144":[0,0],"145":[0,0],"146":[0,0],"147":[0,0],"148":[0,0],"149":[0,0],"150":[0,0],"151":[0,0],"152":[0,0],"153":[0,0],"154":[0,0],"155":[0,0],"156":[0,0],"157":[0,0],"158":[0,0],"159":[0,0],"160":[0,0],"161":[0,0],"162":[0,0],"163":[0,0],"164":[0,0],"165":[0,0],"166":[0,0],"167":[0,0],"168":[0,0],"169":[0,0],"170":[0,0],"171":[0,0],"172":[0,0,0],"173":[0,0],"174":[0,0],"175":[0,0],"176":[0,0],"177":[0,0],"178":[0,0],"179":[0,0],"180":[0,0],"181":[0,0],"182":[0,0,0],"183":[0,0],"184":[0,0],"185":[0,0],"186":[0,0],"187":[0,0],"188":[0,0],"189":[0,0],"190":[0,0],"191":[0,0],"192":[0,0],"193":[0,0],"194":[0,0,0],"195":[0,0],"196":[0,0],"197":[0,0],"198":[0,0],"199":[0,0],"200":[0,0],"201":[0,0],"202":[0,0]},"f":{"1":0,"2":0,"3":0,"4":0,"5":0,"6":0,"7":0,"8":0,"9":0,"10":0,"11":0,"12":0,"13":0,"14":0,"15":0,"16":0,"17":0,"18":0,"19":0,"20":0,"21":0,"22":0,"23":0,"24":0,"25":0,"26":0,"27":0,"28":0,"29":0,"30":0,"31":0,"32":0,"33":0,"34":0,"35":0,"36":0,"37":0,"38":0,"39":0,"40":0,"41":0,"42":0,"43":0,"44":0,"45":0,"46":0,"47":0,"48":0,"49":0,"50":0,"51":0,"52":0,"53":0,"54":0,"55":0,"56":0,"57":0,"58":0,"59":0,"60":0,"61":0,"62":0,"63":0,"64":0,"65":0,"66":0,"67":0,"68":0,"69":0,"70":0,"71":0,"72":0,"73":0,"74":0,"75":0,"76":0,"77":0,"78":0,"79":0,"80":0,"81":0,"82":0,"83":0,"84":0,"85":0,"86":0,"87":0,"88":0,"89":0,"90":0,"91":0,"92":0,"93":0,"94":0,"95":0,"96":0,"97":0,"98":0,"99":0,"100":0,"101":0,"102":0,"103":0,"104":0,"105":0,"106":0,"107":0,"108":0,"109":0,"110":0,"111":0,"112":0,"113":0,"114":0,"115":0,"116":0,"117":0,"118":0,"119":0,"120":0,"121":0,"122":0,"123":0,"124":0,"125":0,"126":0,"127":0,"128":0,"129":0,"130":0,"131":0,"132":0,"133":0,"134":0,"135":0,"136":0,"137":0,"138":0,"139":0,"140":0,"141":0,"142":0,"143":0,"144":0,"145":0,"146":0,"147":0,"148":0,"149":0,"150":0,"151":0,"152":0,"153":0,"154":0,"155":0,"156":0,"157":0,"158":0,"159":0,"160":0,"161":0,"162":0,"163":0,"164":0,"165":0,"166":0,"167":0,"168":0,"169":0,"170":0,"171":0,"172":0,"173":0,"174":0,"175":0,"176":0,"177":0,"178":0,"179":0,"180":0,"181":0,"182":0,"183":0,"184":0,"185":0,"186":0,"187":0,"188":0,"189":0,"190":0,"191":0,"192":0,"193":0,"194":0,"195":0,"196":0,"197":0,"198":0,"199":0,"200":0,"201":0,"202":0,"203":0,"204":0,"205":0,"206":0,"207":0,"208":0,"209":0,"210":0,"211":0,"212":0,"213":0,"214":0,"215":0,"216":0,"217":0,"218":0,"219":0,"220":0,"221":0,"222":0,"223":0,"224":0,"225":0,"226":0,"227":0,"228":0,"229":0,"230":0,"231":0,"232":0,"233":0,"234":0,"235":0,"236":0,"237":0,"238":0,"239":0,"240":0,"241":0,"242":0,"243":0},"fnMap":{"1":{"name":"(anonymous_1)","line":13,"loc":{"start":{"line":13,"column":31},"end":{"line":13,"column":42}}},"2":{"name":"(anonymous_2)","line":42,"loc":{"start":{"line":42,"column":20},"end":{"line":42,"column":31}}},"3":{"name":"getGlobal","line":43,"loc":{"start":{"line":43,"column":2},"end":{"line":43,"column":23}}},"4":{"name":"(anonymous_4)","line":58,"loc":{"start":{"line":58,"column":24},"end":{"line":58,"column":45}}},"5":{"name":"(anonymous_5)","line":61,"loc":{"start":{"line":61,"column":11},"end":{"line":61,"column":22}}},"6":{"name":"(anonymous_6)","line":75,"loc":{"start":{"line":75,"column":24},"end":{"line":75,"column":41}}},"7":{"name":"(anonymous_7)","line":81,"loc":{"start":{"line":81,"column":43},"end":{"line":81,"column":54}}},"8":{"name":"(anonymous_8)","line":94,"loc":{"start":{"line":94,"column":28},"end":{"line":94,"column":45}}},"9":{"name":"(anonymous_9)","line":106,"loc":{"start":{"line":106,"column":47},"end":{"line":106,"column":59}}},"10":{"name":"(anonymous_10)","line":110,"loc":{"start":{"line":110,"column":45},"end":{"line":110,"column":57}}},"11":{"name":"(anonymous_11)","line":117,"loc":{"start":{"line":117,"column":17},"end":{"line":117,"column":28}}},"12":{"name":"(anonymous_12)","line":128,"loc":{"start":{"line":128,"column":19},"end":{"line":128,"column":35}}},"13":{"name":"(anonymous_13)","line":138,"loc":{"start":{"line":138,"column":20},"end":{"line":138,"column":36}}},"14":{"name":"(anonymous_14)","line":148,"loc":{"start":{"line":148,"column":20},"end":{"line":148,"column":36}}},"15":{"name":"(anonymous_15)","line":159,"loc":{"start":{"line":159,"column":15},"end":{"line":159,"column":41}}},"16":{"name":"(anonymous_16)","line":169,"loc":{"start":{"line":169,"column":13},"end":{"line":169,"column":29}}},"17":{"name":"(anonymous_17)","line":181,"loc":{"start":{"line":181,"column":20},"end":{"line":181,"column":34}}},"18":{"name":"(anonymous_18)","line":195,"loc":{"start":{"line":195,"column":14},"end":{"line":195,"column":30}}},"19":{"name":"(anonymous_19)","line":243,"loc":{"start":{"line":243,"column":14},"end":{"line":243,"column":29}}},"20":{"name":"(anonymous_20)","line":255,"loc":{"start":{"line":255,"column":14},"end":{"line":255,"column":25}}},"21":{"name":"(anonymous_21)","line":291,"loc":{"start":{"line":291,"column":39},"end":{"line":291,"column":50}}},"22":{"name":"(anonymous_22)","line":308,"loc":{"start":{"line":308,"column":34},"end":{"line":308,"column":50}}},"23":{"name":"(anonymous_23)","line":309,"loc":{"start":{"line":309,"column":14},"end":{"line":309,"column":25}}},"24":{"name":"(anonymous_24)","line":327,"loc":{"start":{"line":327,"column":33},"end":{"line":327,"column":56}}},"25":{"name":"(anonymous_25)","line":328,"loc":{"start":{"line":328,"column":14},"end":{"line":328,"column":25}}},"26":{"name":"(anonymous_26)","line":349,"loc":{"start":{"line":349,"column":36},"end":{"line":349,"column":55}}},"27":{"name":"(anonymous_27)","line":368,"loc":{"start":{"line":368,"column":30},"end":{"line":368,"column":41}}},"28":{"name":"(anonymous_28)","line":376,"loc":{"start":{"line":376,"column":20},"end":{"line":376,"column":35}}},"29":{"name":"(anonymous_29)","line":378,"loc":{"start":{"line":378,"column":15},"end":{"line":378,"column":26}}},"30":{"name":"(anonymous_30)","line":406,"loc":{"start":{"line":406,"column":16},"end":{"line":406,"column":38}}},"31":{"name":"(anonymous_31)","line":417,"loc":{"start":{"line":417,"column":23},"end":{"line":417,"column":55}}},"32":{"name":"(anonymous_32)","line":433,"loc":{"start":{"line":433,"column":14},"end":{"line":433,"column":25}}},"33":{"name":"(anonymous_33)","line":453,"loc":{"start":{"line":453,"column":12},"end":{"line":453,"column":38}}},"34":{"name":"(anonymous_34)","line":471,"loc":{"start":{"line":471,"column":9},"end":{"line":471,"column":30}}},"35":{"name":"(anonymous_35)","line":484,"loc":{"start":{"line":484,"column":10},"end":{"line":484,"column":31}}},"36":{"name":"(anonymous_36)","line":497,"loc":{"start":{"line":497,"column":13},"end":{"line":497,"column":30}}},"37":{"name":"(anonymous_37)","line":507,"loc":{"start":{"line":507,"column":11},"end":{"line":507,"column":26}}},"38":{"name":"(anonymous_38)","line":518,"loc":{"start":{"line":518,"column":12},"end":{"line":518,"column":30}}},"39":{"name":"(anonymous_39)","line":530,"loc":{"start":{"line":530,"column":15},"end":{"line":530,"column":82}}},"40":{"name":"(anonymous_40)","line":542,"loc":{"start":{"line":542,"column":17},"end":{"line":542,"column":46}}},"41":{"name":"(anonymous_41)","line":554,"loc":{"start":{"line":554,"column":16},"end":{"line":554,"column":44}}},"42":{"name":"(anonymous_42)","line":574,"loc":{"start":{"line":574,"column":15},"end":{"line":574,"column":54}}},"43":{"name":"(anonymous_43)","line":585,"loc":{"start":{"line":585,"column":16},"end":{"line":585,"column":55}}},"44":{"name":"(anonymous_44)","line":592,"loc":{"start":{"line":592,"column":66},"end":{"line":592,"column":77}}},"45":{"name":"tryIt","line":593,"loc":{"start":{"line":593,"column":2},"end":{"line":593,"column":20}}},"46":{"name":"(anonymous_46)","line":601,"loc":{"start":{"line":601,"column":18},"end":{"line":601,"column":29}}},"47":{"name":"(anonymous_47)","line":604,"loc":{"start":{"line":604,"column":10},"end":{"line":604,"column":21}}},"48":{"name":"(anonymous_48)","line":607,"loc":{"start":{"line":607,"column":10},"end":{"line":607,"column":21}}},"49":{"name":"(anonymous_49)","line":610,"loc":{"start":{"line":610,"column":10},"end":{"line":610,"column":21}}},"50":{"name":"(anonymous_50)","line":630,"loc":{"start":{"line":630,"column":23},"end":{"line":630,"column":57}}},"51":{"name":"(anonymous_51)","line":634,"loc":{"start":{"line":634,"column":17},"end":{"line":634,"column":28}}},"52":{"name":"(anonymous_52)","line":640,"loc":{"start":{"line":640,"column":31},"end":{"line":640,"column":43}}},"53":{"name":"(anonymous_53)","line":667,"loc":{"start":{"line":667,"column":26},"end":{"line":667,"column":40}}},"54":{"name":"(anonymous_54)","line":674,"loc":{"start":{"line":674,"column":27},"end":{"line":674,"column":42}}},"55":{"name":"(anonymous_55)","line":680,"loc":{"start":{"line":680,"column":22},"end":{"line":680,"column":52}}},"56":{"name":"(anonymous_56)","line":690,"loc":{"start":{"line":690,"column":14},"end":{"line":690,"column":25}}},"57":{"name":"(anonymous_57)","line":700,"loc":{"start":{"line":700,"column":20},"end":{"line":700,"column":31}}},"58":{"name":"(anonymous_58)","line":709,"loc":{"start":{"line":709,"column":23},"end":{"line":709,"column":34}}},"59":{"name":"(anonymous_59)","line":726,"loc":{"start":{"line":726,"column":32},"end":{"line":726,"column":44}}},"60":{"name":"(anonymous_60)","line":737,"loc":{"start":{"line":737,"column":38},"end":{"line":737,"column":49}}},"61":{"name":"(anonymous_61)","line":754,"loc":{"start":{"line":754,"column":35},"end":{"line":754,"column":47}}},"62":{"name":"(anonymous_62)","line":761,"loc":{"start":{"line":761,"column":36},"end":{"line":761,"column":48}}},"63":{"name":"(anonymous_63)","line":769,"loc":{"start":{"line":769,"column":36},"end":{"line":769,"column":55}}},"64":{"name":"(anonymous_64)","line":773,"loc":{"start":{"line":773,"column":32},"end":{"line":773,"column":43}}},"65":{"name":"(anonymous_65)","line":777,"loc":{"start":{"line":777,"column":33},"end":{"line":777,"column":72}}},"66":{"name":"(anonymous_66)","line":797,"loc":{"start":{"line":797,"column":51},"end":{"line":797,"column":62}}},"67":{"name":"(anonymous_67)","line":807,"loc":{"start":{"line":807,"column":35},"end":{"line":807,"column":64}}},"68":{"name":"(anonymous_68)","line":815,"loc":{"start":{"line":815,"column":38},"end":{"line":815,"column":50}}},"69":{"name":"(anonymous_69)","line":819,"loc":{"start":{"line":819,"column":34},"end":{"line":819,"column":62}}},"70":{"name":"(anonymous_70)","line":828,"loc":{"start":{"line":828,"column":34},"end":{"line":828,"column":66}}},"71":{"name":"(anonymous_71)","line":830,"loc":{"start":{"line":830,"column":13},"end":{"line":830,"column":24}}},"72":{"name":"(anonymous_72)","line":835,"loc":{"start":{"line":835,"column":27},"end":{"line":835,"column":55}}},"73":{"name":"(anonymous_73)","line":847,"loc":{"start":{"line":847,"column":28},"end":{"line":847,"column":49}}},"74":{"name":"(anonymous_74)","line":850,"loc":{"start":{"line":850,"column":10},"end":{"line":850,"column":21}}},"75":{"name":"(anonymous_75)","line":855,"loc":{"start":{"line":855,"column":40},"end":{"line":855,"column":85}}},"76":{"name":"(anonymous_76)","line":863,"loc":{"start":{"line":863,"column":15},"end":{"line":863,"column":38}}},"77":{"name":"(anonymous_77)","line":893,"loc":{"start":{"line":893,"column":32},"end":{"line":893,"column":77}}},"78":{"name":"(anonymous_78)","line":941,"loc":{"start":{"line":941,"column":34},"end":{"line":941,"column":61}}},"79":{"name":"(anonymous_79)","line":951,"loc":{"start":{"line":951,"column":42},"end":{"line":951,"column":67}}},"80":{"name":"(anonymous_80)","line":958,"loc":{"start":{"line":958,"column":19},"end":{"line":958,"column":30}}},"81":{"name":"(anonymous_81)","line":962,"loc":{"start":{"line":962,"column":50},"end":{"line":962,"column":67}}},"82":{"name":"(anonymous_82)","line":966,"loc":{"start":{"line":966,"column":49},"end":{"line":966,"column":66}}},"83":{"name":"(anonymous_83)","line":970,"loc":{"start":{"line":970,"column":48},"end":{"line":970,"column":64}}},"84":{"name":"(anonymous_84)","line":974,"loc":{"start":{"line":974,"column":48},"end":{"line":974,"column":63}}},"85":{"name":"(anonymous_85)","line":978,"loc":{"start":{"line":978,"column":47},"end":{"line":978,"column":62}}},"86":{"name":"(anonymous_86)","line":982,"loc":{"start":{"line":982,"column":33},"end":{"line":982,"column":47}}},"87":{"name":"(anonymous_87)","line":993,"loc":{"start":{"line":993,"column":16},"end":{"line":993,"column":42}}},"88":{"name":"(anonymous_88)","line":999,"loc":{"start":{"line":999,"column":34},"end":{"line":999,"column":55}}},"89":{"name":"(anonymous_89)","line":1011,"loc":{"start":{"line":1011,"column":24},"end":{"line":1011,"column":35}}},"90":{"name":"(anonymous_90)","line":1018,"loc":{"start":{"line":1018,"column":55},"end":{"line":1018,"column":72}}},"91":{"name":"(anonymous_91)","line":1027,"loc":{"start":{"line":1027,"column":41},"end":{"line":1027,"column":52}}},"92":{"name":"(anonymous_92)","line":1031,"loc":{"start":{"line":1031,"column":45},"end":{"line":1031,"column":67}}},"93":{"name":"(anonymous_93)","line":1049,"loc":{"start":{"line":1049,"column":42},"end":{"line":1049,"column":53}}},"94":{"name":"(anonymous_94)","line":1053,"loc":{"start":{"line":1053,"column":49},"end":{"line":1053,"column":66}}},"95":{"name":"(anonymous_95)","line":1058,"loc":{"start":{"line":1058,"column":54},"end":{"line":1058,"column":71}}},"96":{"name":"(anonymous_96)","line":1063,"loc":{"start":{"line":1063,"column":53},"end":{"line":1063,"column":69}}},"97":{"name":"(anonymous_97)","line":1067,"loc":{"start":{"line":1067,"column":52},"end":{"line":1067,"column":67}}},"98":{"name":"(anonymous_98)","line":1075,"loc":{"start":{"line":1075,"column":38},"end":{"line":1075,"column":52}}},"99":{"name":"(anonymous_99)","line":1078,"loc":{"start":{"line":1078,"column":50},"end":{"line":1078,"column":67}}},"100":{"name":"(anonymous_100)","line":1087,"loc":{"start":{"line":1087,"column":51},"end":{"line":1087,"column":67}}},"101":{"name":"(anonymous_101)","line":1115,"loc":{"start":{"line":1115,"column":19},"end":{"line":1115,"column":58}}},"102":{"name":"(anonymous_102)","line":1124,"loc":{"start":{"line":1124,"column":22},"end":{"line":1124,"column":36}}},"103":{"name":"(anonymous_103)","line":1129,"loc":{"start":{"line":1129,"column":36},"end":{"line":1129,"column":79}}},"104":{"name":"(anonymous_104)","line":1133,"loc":{"start":{"line":1133,"column":29},"end":{"line":1133,"column":64}}},"105":{"name":"(anonymous_105)","line":1141,"loc":{"start":{"line":1141,"column":30},"end":{"line":1141,"column":69}}},"106":{"name":"(anonymous_106)","line":1142,"loc":{"start":{"line":1142,"column":9},"end":{"line":1142,"column":20}}},"107":{"name":"(anonymous_107)","line":1160,"loc":{"start":{"line":1160,"column":62},"end":{"line":1160,"column":74}}},"108":{"name":"(anonymous_108)","line":1190,"loc":{"start":{"line":1190,"column":34},"end":{"line":1190,"column":53}}},"109":{"name":"(anonymous_109)","line":1199,"loc":{"start":{"line":1199,"column":37},"end":{"line":1199,"column":56}}},"110":{"name":"(anonymous_110)","line":1208,"loc":{"start":{"line":1208,"column":37},"end":{"line":1208,"column":56}}},"111":{"name":"(anonymous_111)","line":1217,"loc":{"start":{"line":1217,"column":40},"end":{"line":1217,"column":59}}},"112":{"name":"(anonymous_112)","line":1227,"loc":{"start":{"line":1227,"column":37},"end":{"line":1227,"column":56}}},"113":{"name":"(anonymous_113)","line":1236,"loc":{"start":{"line":1236,"column":40},"end":{"line":1236,"column":59}}},"114":{"name":"(anonymous_114)","line":1243,"loc":{"start":{"line":1243,"column":41},"end":{"line":1243,"column":52}}},"115":{"name":"(anonymous_115)","line":1250,"loc":{"start":{"line":1250,"column":43},"end":{"line":1250,"column":54}}},"116":{"name":"(anonymous_116)","line":1257,"loc":{"start":{"line":1257,"column":38},"end":{"line":1257,"column":49}}},"117":{"name":"(anonymous_117)","line":1264,"loc":{"start":{"line":1264,"column":40},"end":{"line":1264,"column":51}}},"118":{"name":"(anonymous_118)","line":1272,"loc":{"start":{"line":1272,"column":39},"end":{"line":1272,"column":50}}},"119":{"name":"(anonymous_119)","line":1280,"loc":{"start":{"line":1280,"column":46},"end":{"line":1280,"column":57}}},"120":{"name":"(anonymous_120)","line":1289,"loc":{"start":{"line":1289,"column":17},"end":{"line":1289,"column":28}}},"121":{"name":"(anonymous_121)","line":1307,"loc":{"start":{"line":1307,"column":42},"end":{"line":1307,"column":53}}},"122":{"name":"(anonymous_122)","line":1316,"loc":{"start":{"line":1316,"column":17},"end":{"line":1316,"column":28}}},"123":{"name":"(anonymous_123)","line":1332,"loc":{"start":{"line":1332,"column":50},"end":{"line":1332,"column":61}}},"124":{"name":"(anonymous_124)","line":1337,"loc":{"start":{"line":1337,"column":17},"end":{"line":1337,"column":28}}},"125":{"name":"(anonymous_125)","line":1359,"loc":{"start":{"line":1359,"column":46},"end":{"line":1359,"column":57}}},"126":{"name":"(anonymous_126)","line":1365,"loc":{"start":{"line":1365,"column":17},"end":{"line":1365,"column":28}}},"127":{"name":"(anonymous_127)","line":1380,"loc":{"start":{"line":1380,"column":39},"end":{"line":1380,"column":58}}},"128":{"name":"(anonymous_128)","line":1390,"loc":{"start":{"line":1390,"column":42},"end":{"line":1390,"column":61}}},"129":{"name":"(anonymous_129)","line":1394,"loc":{"start":{"line":1394,"column":42},"end":{"line":1394,"column":61}}},"130":{"name":"(anonymous_130)","line":1398,"loc":{"start":{"line":1398,"column":45},"end":{"line":1398,"column":64}}},"131":{"name":"(anonymous_131)","line":1409,"loc":{"start":{"line":1409,"column":41},"end":{"line":1409,"column":71}}},"132":{"name":"(anonymous_132)","line":1424,"loc":{"start":{"line":1424,"column":37},"end":{"line":1424,"column":56}}},"133":{"name":"(anonymous_133)","line":1441,"loc":{"start":{"line":1441,"column":17},"end":{"line":1441,"column":28}}},"134":{"name":"(anonymous_134)","line":1452,"loc":{"start":{"line":1452,"column":23},"end":{"line":1452,"column":47}}},"135":{"name":"(anonymous_135)","line":1456,"loc":{"start":{"line":1456,"column":41},"end":{"line":1456,"column":57}}},"136":{"name":"(anonymous_136)","line":1476,"loc":{"start":{"line":1476,"column":42},"end":{"line":1476,"column":53}}},"137":{"name":"(anonymous_137)","line":1483,"loc":{"start":{"line":1483,"column":24},"end":{"line":1483,"column":35}}},"138":{"name":"(anonymous_138)","line":1488,"loc":{"start":{"line":1488,"column":46},"end":{"line":1488,"column":65}}},"139":{"name":"(anonymous_139)","line":1492,"loc":{"start":{"line":1492,"column":1},"end":{"line":1492,"column":12}}},"140":{"name":"(anonymous_140)","line":1503,"loc":{"start":{"line":1503,"column":53},"end":{"line":1503,"column":76}}},"141":{"name":"(anonymous_141)","line":1504,"loc":{"start":{"line":1504,"column":13},"end":{"line":1504,"column":24}}},"142":{"name":"(anonymous_142)","line":1520,"loc":{"start":{"line":1520,"column":24},"end":{"line":1520,"column":35}}},"143":{"name":"(anonymous_143)","line":1548,"loc":{"start":{"line":1548,"column":47},"end":{"line":1548,"column":64}}},"144":{"name":"(anonymous_144)","line":1558,"loc":{"start":{"line":1558,"column":38},"end":{"line":1558,"column":55}}},"145":{"name":"(anonymous_145)","line":1565,"loc":{"start":{"line":1565,"column":43},"end":{"line":1565,"column":54}}},"146":{"name":"(anonymous_146)","line":1573,"loc":{"start":{"line":1573,"column":44},"end":{"line":1573,"column":61}}},"147":{"name":"(anonymous_147)","line":1592,"loc":{"start":{"line":1592,"column":41},"end":{"line":1592,"column":52}}},"148":{"name":"(anonymous_148)","line":1598,"loc":{"start":{"line":1598,"column":24},"end":{"line":1598,"column":35}}},"149":{"name":"(anonymous_149)","line":1607,"loc":{"start":{"line":1607,"column":41},"end":{"line":1607,"column":57}}},"150":{"name":"(anonymous_150)","line":1652,"loc":{"start":{"line":1652,"column":48},"end":{"line":1652,"column":66}}},"151":{"name":"(anonymous_151)","line":1665,"loc":{"start":{"line":1665,"column":30},"end":{"line":1665,"column":41}}},"152":{"name":"(anonymous_152)","line":1672,"loc":{"start":{"line":1672,"column":51},"end":{"line":1672,"column":67}}},"153":{"name":"(anonymous_153)","line":1676,"loc":{"start":{"line":1676,"column":51},"end":{"line":1676,"column":67}}},"154":{"name":"(anonymous_154)","line":1680,"loc":{"start":{"line":1680,"column":50},"end":{"line":1680,"column":66}}},"155":{"name":"(anonymous_155)","line":1691,"loc":{"start":{"line":1691,"column":51},"end":{"line":1691,"column":65}}},"156":{"name":"(anonymous_156)","line":1696,"loc":{"start":{"line":1696,"column":26},"end":{"line":1696,"column":55}}},"157":{"name":"(anonymous_157)","line":1715,"loc":{"start":{"line":1715,"column":47},"end":{"line":1715,"column":63}}},"158":{"name":"(anonymous_158)","line":1718,"loc":{"start":{"line":1718,"column":16},"end":{"line":1718,"column":30}}},"159":{"name":"(anonymous_159)","line":1727,"loc":{"start":{"line":1727,"column":36},"end":{"line":1727,"column":52}}},"160":{"name":"(anonymous_160)","line":1731,"loc":{"start":{"line":1731,"column":30},"end":{"line":1731,"column":46}}},"161":{"name":"(anonymous_161)","line":1735,"loc":{"start":{"line":1735,"column":37},"end":{"line":1735,"column":53}}},"162":{"name":"(anonymous_162)","line":1740,"loc":{"start":{"line":1740,"column":32},"end":{"line":1740,"column":53}}},"163":{"name":"(anonymous_163)","line":1746,"loc":{"start":{"line":1746,"column":36},"end":{"line":1746,"column":47}}},"164":{"name":"(anonymous_164)","line":1752,"loc":{"start":{"line":1752,"column":32},"end":{"line":1752,"column":43}}},"165":{"name":"(anonymous_165)","line":1763,"loc":{"start":{"line":1763,"column":23},"end":{"line":1763,"column":35}}},"166":{"name":"(anonymous_166)","line":1779,"loc":{"start":{"line":1779,"column":30},"end":{"line":1779,"column":41}}},"167":{"name":"(anonymous_167)","line":1806,"loc":{"start":{"line":1806,"column":34},"end":{"line":1806,"column":45}}},"168":{"name":"(anonymous_168)","line":1823,"loc":{"start":{"line":1823,"column":17},"end":{"line":1823,"column":31}}},"169":{"name":"(anonymous_169)","line":1832,"loc":{"start":{"line":1832,"column":35},"end":{"line":1832,"column":46}}},"170":{"name":"(anonymous_170)","line":1837,"loc":{"start":{"line":1837,"column":19},"end":{"line":1837,"column":31}}},"171":{"name":"(anonymous_171)","line":1842,"loc":{"start":{"line":1842,"column":38},"end":{"line":1842,"column":67}}},"172":{"name":"(anonymous_172)","line":1847,"loc":{"start":{"line":1847,"column":37},"end":{"line":1847,"column":65}}},"173":{"name":"(anonymous_173)","line":1853,"loc":{"start":{"line":1853,"column":42},"end":{"line":1853,"column":53}}},"174":{"name":"(anonymous_174)","line":1857,"loc":{"start":{"line":1857,"column":36},"end":{"line":1857,"column":52}}},"175":{"name":"(anonymous_175)","line":1861,"loc":{"start":{"line":1861,"column":31},"end":{"line":1861,"column":47}}},"176":{"name":"(anonymous_176)","line":1868,"loc":{"start":{"line":1868,"column":33},"end":{"line":1868,"column":45}}},"177":{"name":"(anonymous_177)","line":1877,"loc":{"start":{"line":1877,"column":34},"end":{"line":1877,"column":45}}},"178":{"name":"(anonymous_178)","line":1881,"loc":{"start":{"line":1881,"column":42},"end":{"line":1881,"column":53}}},"179":{"name":"(anonymous_179)","line":1891,"loc":{"start":{"line":1891,"column":35},"end":{"line":1891,"column":46}}},"180":{"name":"(anonymous_180)","line":1902,"loc":{"start":{"line":1902,"column":15},"end":{"line":1902,"column":49}}},"181":{"name":"(anonymous_181)","line":1924,"loc":{"start":{"line":1924,"column":37},"end":{"line":1924,"column":48}}},"182":{"name":"(anonymous_182)","line":1929,"loc":{"start":{"line":1929,"column":33},"end":{"line":1929,"column":44}}},"183":{"name":"(anonymous_183)","line":1938,"loc":{"start":{"line":1938,"column":29},"end":{"line":1938,"column":40}}},"184":{"name":"(anonymous_184)","line":1942,"loc":{"start":{"line":1942,"column":30},"end":{"line":1942,"column":46}}},"185":{"name":"(anonymous_185)","line":1948,"loc":{"start":{"line":1948,"column":36},"end":{"line":1948,"column":53}}},"186":{"name":"(anonymous_186)","line":1959,"loc":{"start":{"line":1959,"column":42},"end":{"line":1959,"column":59}}},"187":{"name":"(anonymous_187)","line":1963,"loc":{"start":{"line":1963,"column":32},"end":{"line":1963,"column":49}}},"188":{"name":"(anonymous_188)","line":1975,"loc":{"start":{"line":1975,"column":31},"end":{"line":1975,"column":49}}},"189":{"name":"(anonymous_189)","line":1988,"loc":{"start":{"line":1988,"column":34},"end":{"line":1988,"column":101}}},"190":{"name":"(anonymous_190)","line":2013,"loc":{"start":{"line":2013,"column":30},"end":{"line":2013,"column":43}}},"191":{"name":"(anonymous_191)","line":2022,"loc":{"start":{"line":2022,"column":43},"end":{"line":2022,"column":54}}},"192":{"name":"(anonymous_192)","line":2026,"loc":{"start":{"line":2026,"column":37},"end":{"line":2026,"column":65}}},"193":{"name":"(anonymous_193)","line":2028,"loc":{"start":{"line":2028,"column":25},"end":{"line":2028,"column":36}}},"194":{"name":"(anonymous_194)","line":2036,"loc":{"start":{"line":2036,"column":40},"end":{"line":2036,"column":51}}},"195":{"name":"(anonymous_195)","line":2040,"loc":{"start":{"line":2040,"column":32},"end":{"line":2040,"column":53}}},"196":{"name":"(anonymous_196)","line":2048,"loc":{"start":{"line":2048,"column":31},"end":{"line":2048,"column":49}}},"197":{"name":"(anonymous_197)","line":2056,"loc":{"start":{"line":2056,"column":33},"end":{"line":2056,"column":54}}},"198":{"name":"(anonymous_198)","line":2070,"loc":{"start":{"line":2070,"column":19},"end":{"line":2070,"column":31}}},"199":{"name":"(anonymous_199)","line":2075,"loc":{"start":{"line":2075,"column":52},"end":{"line":2075,"column":63}}},"200":{"name":"(anonymous_200)","line":2100,"loc":{"start":{"line":2100,"column":34},"end":{"line":2100,"column":45}}},"201":{"name":"(anonymous_201)","line":2104,"loc":{"start":{"line":2104,"column":31},"end":{"line":2104,"column":82}}},"202":{"name":"(anonymous_202)","line":2129,"loc":{"start":{"line":2129,"column":40},"end":{"line":2129,"column":51}}},"203":{"name":"(anonymous_203)","line":2146,"loc":{"start":{"line":2146,"column":16},"end":{"line":2146,"column":73}}},"204":{"name":"(anonymous_204)","line":2160,"loc":{"start":{"line":2160,"column":38},"end":{"line":2160,"column":49}}},"205":{"name":"(anonymous_205)","line":2168,"loc":{"start":{"line":2168,"column":33},"end":{"line":2168,"column":54}}},"206":{"name":"(anonymous_206)","line":2176,"loc":{"start":{"line":2176,"column":37},"end":{"line":2176,"column":66}}},"207":{"name":"(anonymous_207)","line":2181,"loc":{"start":{"line":2181,"column":36},"end":{"line":2181,"column":64}}},"208":{"name":"(anonymous_208)","line":2186,"loc":{"start":{"line":2186,"column":34},"end":{"line":2186,"column":45}}},"209":{"name":"(anonymous_209)","line":2190,"loc":{"start":{"line":2190,"column":30},"end":{"line":2190,"column":52}}},"210":{"name":"(anonymous_210)","line":2201,"loc":{"start":{"line":2201,"column":32},"end":{"line":2201,"column":43}}},"211":{"name":"(anonymous_211)","line":2205,"loc":{"start":{"line":2205,"column":33},"end":{"line":2205,"column":44}}},"212":{"name":"(anonymous_212)","line":2209,"loc":{"start":{"line":2209,"column":35},"end":{"line":2209,"column":46}}},"213":{"name":"(anonymous_213)","line":2213,"loc":{"start":{"line":2213,"column":34},"end":{"line":2213,"column":55}}},"214":{"name":"(anonymous_214)","line":2215,"loc":{"start":{"line":2215,"column":19},"end":{"line":2215,"column":31}}},"215":{"name":"(anonymous_215)","line":2219,"loc":{"start":{"line":2219,"column":21},"end":{"line":2219,"column":50}}},"216":{"name":"(anonymous_216)","line":2226,"loc":{"start":{"line":2226,"column":39},"end":{"line":2226,"column":61}}},"217":{"name":"(anonymous_217)","line":2230,"loc":{"start":{"line":2230,"column":22},"end":{"line":2230,"column":34}}},"218":{"name":"(anonymous_218)","line":2245,"loc":{"start":{"line":2245,"column":24},"end":{"line":2245,"column":77}}},"219":{"name":"(anonymous_219)","line":2256,"loc":{"start":{"line":2256,"column":42},"end":{"line":2256,"column":63}}},"220":{"name":"(anonymous_220)","line":2283,"loc":{"start":{"line":2283,"column":24},"end":{"line":2283,"column":35}}},"221":{"name":"(anonymous_221)","line":2291,"loc":{"start":{"line":2291,"column":20},"end":{"line":2291,"column":31}}},"222":{"name":"(anonymous_222)","line":2295,"loc":{"start":{"line":2295,"column":20},"end":{"line":2295,"column":49}}},"223":{"name":"(anonymous_223)","line":2301,"loc":{"start":{"line":2301,"column":21},"end":{"line":2301,"column":50}}},"224":{"name":"(anonymous_224)","line":2307,"loc":{"start":{"line":2307,"column":22},"end":{"line":2307,"column":43}}},"225":{"name":"(anonymous_225)","line":2311,"loc":{"start":{"line":2311,"column":23},"end":{"line":2311,"column":44}}},"226":{"name":"(anonymous_226)","line":2317,"loc":{"start":{"line":2317,"column":36},"end":{"line":2317,"column":47}}},"227":{"name":"(anonymous_227)","line":2323,"loc":{"start":{"line":2323,"column":35},"end":{"line":2323,"column":52}}},"228":{"name":"(anonymous_228)","line":2330,"loc":{"start":{"line":2330,"column":54},"end":{"line":2330,"column":85}}},"229":{"name":"(anonymous_229)","line":2344,"loc":{"start":{"line":2344,"column":20},"end":{"line":2344,"column":35}}},"230":{"name":"(anonymous_230)","line":2365,"loc":{"start":{"line":2365,"column":47},"end":{"line":2365,"column":99}}},"231":{"name":"(anonymous_231)","line":2381,"loc":{"start":{"line":2381,"column":9},"end":{"line":2381,"column":20}}},"232":{"name":"(anonymous_232)","line":2386,"loc":{"start":{"line":2386,"column":8},"end":{"line":2386,"column":25}}},"233":{"name":"(anonymous_233)","line":2391,"loc":{"start":{"line":2391,"column":27},"end":{"line":2391,"column":58}}},"234":{"name":"(anonymous_234)","line":2395,"loc":{"start":{"line":2395,"column":20},"end":{"line":2395,"column":72}}},"235":{"name":"(anonymous_235)","line":2399,"loc":{"start":{"line":2399,"column":11},"end":{"line":2399,"column":22}}},"236":{"name":"(anonymous_236)","line":2408,"loc":{"start":{"line":2408,"column":15},"end":{"line":2408,"column":26}}},"237":{"name":"(anonymous_237)","line":2412,"loc":{"start":{"line":2412,"column":17},"end":{"line":2412,"column":28}}},"238":{"name":"(anonymous_238)","line":2424,"loc":{"start":{"line":2424,"column":19},"end":{"line":2424,"column":30}}},"239":{"name":"(anonymous_239)","line":2430,"loc":{"start":{"line":2430,"column":15},"end":{"line":2430,"column":26}}},"240":{"name":"(anonymous_240)","line":2439,"loc":{"start":{"line":2439,"column":33},"end":{"line":2439,"column":62}}},"241":{"name":"(anonymous_241)","line":2447,"loc":{"start":{"line":2447,"column":34},"end":{"line":2447,"column":63}}},"242":{"name":"(anonymous_242)","line":2455,"loc":{"start":{"line":2455,"column":35},"end":{"line":2455,"column":56}}},"243":{"name":"(anonymous_243)","line":2463,"loc":{"start":{"line":2463,"column":36},"end":{"line":2463,"column":57}}}},"statementMap":{"1":{"start":{"line":1,"column":0},"end":{"line":1,"column":46}},"2":{"start":{"line":8,"column":0},"end":{"line":8,"column":17}},"3":{"start":{"line":9,"column":0},"end":{"line":9,"column":42}},"4":{"start":{"line":9,"column":16},"end":{"line":9,"column":42}},"5":{"start":{"line":13,"column":0},"end":{"line":15,"column":2}},"6":{"start":{"line":14,"column":2},"end":{"line":14,"column":42}},"7":{"start":{"line":23,"column":0},"end":{"line":23,"column":44}},"8":{"start":{"line":29,"column":0},"end":{"line":29,"column":24}},"9":{"start":{"line":35,"column":0},"end":{"line":35,"column":38}},"10":{"start":{"line":40,"column":0},"end":{"line":40,"column":40}},"11":{"start":{"line":42,"column":0},"end":{"line":48,"column":2}},"12":{"start":{"line":43,"column":2},"end":{"line":45,"column":3}},"13":{"start":{"line":44,"column":4},"end":{"line":44,"column":16}},"14":{"start":{"line":47,"column":2},"end":{"line":47,"column":21}},"15":{"start":{"line":58,"column":0},"end":{"line":68,"column":2}},"16":{"start":{"line":59,"column":2},"end":{"line":59,"column":28}},"17":{"start":{"line":60,"column":2},"end":{"line":67,"column":3}},"18":{"start":{"line":61,"column":4},"end":{"line":63,"column":6}},"19":{"start":{"line":62,"column":6},"end":{"line":62,"column":45}},"20":{"start":{"line":66,"column":4},"end":{"line":66,"column":37}},"21":{"start":{"line":70,"column":0},"end":{"line":70,"column":78}},"22":{"start":{"line":71,"column":0},"end":{"line":71,"column":82}},"23":{"start":{"line":72,"column":0},"end":{"line":72,"column":80}},"24":{"start":{"line":73,"column":0},"end":{"line":73,"column":84}},"25":{"start":{"line":75,"column":0},"end":{"line":79,"column":2}},"26":{"start":{"line":76,"column":2},"end":{"line":76,"column":20}},"27":{"start":{"line":77,"column":2},"end":{"line":77,"column":23}},"28":{"start":{"line":78,"column":2},"end":{"line":78,"column":27}},"29":{"start":{"line":81,"column":0},"end":{"line":92,"column":2}},"30":{"start":{"line":82,"column":2},"end":{"line":82,"column":16}},"31":{"start":{"line":83,"column":2},"end":{"line":90,"column":3}},"32":{"start":{"line":84,"column":4},"end":{"line":84,"column":27}},"33":{"start":{"line":84,"column":15},"end":{"line":84,"column":27}},"34":{"start":{"line":85,"column":4},"end":{"line":89,"column":5}},"35":{"start":{"line":86,"column":6},"end":{"line":86,"column":29}},"36":{"start":{"line":88,"column":6},"end":{"line":88,"column":41}},"37":{"start":{"line":91,"column":2},"end":{"line":91,"column":14}},"38":{"start":{"line":94,"column":0},"end":{"line":104,"column":2}},"39":{"start":{"line":95,"column":2},"end":{"line":95,"column":23}},"40":{"start":{"line":96,"column":2},"end":{"line":96,"column":40}},"41":{"start":{"line":97,"column":2},"end":{"line":97,"column":31}},"42":{"start":{"line":98,"column":2},"end":{"line":98,"column":34}},"43":{"start":{"line":99,"column":2},"end":{"line":99,"column":30}},"44":{"start":{"line":100,"column":2},"end":{"line":100,"column":59}},"45":{"start":{"line":102,"column":2},"end":{"line":102,"column":56}},"46":{"start":{"line":103,"column":2},"end":{"line":103,"column":41}},"47":{"start":{"line":106,"column":0},"end":{"line":108,"column":2}},"48":{"start":{"line":107,"column":2},"end":{"line":107,"column":22}},"49":{"start":{"line":110,"column":0},"end":{"line":112,"column":2}},"50":{"start":{"line":111,"column":2},"end":{"line":111,"column":22}},"51":{"start":{"line":117,"column":0},"end":{"line":120,"column":2}},"52":{"start":{"line":118,"column":2},"end":{"line":118,"column":75}},"53":{"start":{"line":119,"column":2},"end":{"line":119,"column":13}},"54":{"start":{"line":128,"column":0},"end":{"line":130,"column":2}},"55":{"start":{"line":129,"column":2},"end":{"line":129,"column":38}},"56":{"start":{"line":138,"column":0},"end":{"line":140,"column":2}},"57":{"start":{"line":139,"column":2},"end":{"line":139,"column":39}},"58":{"start":{"line":148,"column":0},"end":{"line":150,"column":2}},"59":{"start":{"line":149,"column":2},"end":{"line":149,"column":39}},"60":{"start":{"line":159,"column":0},"end":{"line":161,"column":2}},"61":{"start":{"line":160,"column":2},"end":{"line":160,"column":80}},"62":{"start":{"line":169,"column":0},"end":{"line":173,"column":2}},"63":{"start":{"line":170,"column":2},"end":{"line":170,"column":62}},"64":{"start":{"line":171,"column":2},"end":{"line":171,"column":36}},"65":{"start":{"line":172,"column":2},"end":{"line":172,"column":36}},"66":{"start":{"line":181,"column":0},"end":{"line":183,"column":2}},"67":{"start":{"line":182,"column":2},"end":{"line":182,"column":26}},"68":{"start":{"line":195,"column":0},"end":{"line":197,"column":2}},"69":{"start":{"line":196,"column":2},"end":{"line":196,"column":41}},"70":{"start":{"line":243,"column":0},"end":{"line":278,"column":2}},"71":{"start":{"line":247,"column":2},"end":{"line":247,"column":36}},"72":{"start":{"line":251,"column":2},"end":{"line":251,"column":20}},"73":{"start":{"line":255,"column":2},"end":{"line":256,"column":4}},"74":{"start":{"line":264,"column":2},"end":{"line":264,"column":27}},"75":{"start":{"line":276,"column":2},"end":{"line":276,"column":24}},"76":{"start":{"line":277,"column":2},"end":{"line":277,"column":18}},"77":{"start":{"line":291,"column":0},"end":{"line":294,"column":2}},"78":{"start":{"line":292,"column":2},"end":{"line":292,"column":33}},"79":{"start":{"line":293,"column":2},"end":{"line":293,"column":14}},"80":{"start":{"line":308,"column":0},"end":{"line":313,"column":2}},"81":{"start":{"line":309,"column":2},"end":{"line":311,"column":4}},"82":{"start":{"line":310,"column":4},"end":{"line":310,"column":17}},"83":{"start":{"line":312,"column":2},"end":{"line":312,"column":14}},"84":{"start":{"line":327,"column":0},"end":{"line":332,"column":2}},"85":{"start":{"line":328,"column":2},"end":{"line":330,"column":4}},"86":{"start":{"line":329,"column":4},"end":{"line":329,"column":23}},"87":{"start":{"line":331,"column":2},"end":{"line":331,"column":14}},"88":{"start":{"line":349,"column":0},"end":{"line":352,"column":2}},"89":{"start":{"line":350,"column":2},"end":{"line":350,"column":23}},"90":{"start":{"line":351,"column":2},"end":{"line":351,"column":14}},"91":{"start":{"line":368,"column":0},"end":{"line":374,"column":2}},"92":{"start":{"line":369,"column":2},"end":{"line":369,"column":25}},"93":{"start":{"line":370,"column":2},"end":{"line":370,"column":21}},"94":{"start":{"line":371,"column":2},"end":{"line":371,"column":24}},"95":{"start":{"line":372,"column":2},"end":{"line":372,"column":18}},"96":{"start":{"line":373,"column":2},"end":{"line":373,"column":27}},"97":{"start":{"line":376,"column":0},"end":{"line":398,"column":2}},"98":{"start":{"line":378,"column":2},"end":{"line":387,"column":4}},"99":{"start":{"line":379,"column":4},"end":{"line":379,"column":28}},"100":{"start":{"line":380,"column":4},"end":{"line":380,"column":23}},"101":{"start":{"line":381,"column":4},"end":{"line":381,"column":51}},"102":{"start":{"line":382,"column":4},"end":{"line":382,"column":40}},"103":{"start":{"line":383,"column":4},"end":{"line":383,"column":38}},"104":{"start":{"line":384,"column":4},"end":{"line":384,"column":34}},"105":{"start":{"line":385,"column":4},"end":{"line":385,"column":50}},"106":{"start":{"line":386,"column":4},"end":{"line":386,"column":46}},"107":{"start":{"line":389,"column":2},"end":{"line":389,"column":34}},"108":{"start":{"line":391,"column":2},"end":{"line":393,"column":3}},"109":{"start":{"line":392,"column":4},"end":{"line":392,"column":29}},"110":{"start":{"line":395,"column":2},"end":{"line":395,"column":17}},"111":{"start":{"line":397,"column":2},"end":{"line":397,"column":16}},"112":{"start":{"line":406,"column":0},"end":{"line":408,"column":2}},"113":{"start":{"line":407,"column":2},"end":{"line":407,"column":42}},"114":{"start":{"line":417,"column":0},"end":{"line":426,"column":2}},"115":{"start":{"line":418,"column":2},"end":{"line":420,"column":3}},"116":{"start":{"line":419,"column":4},"end":{"line":419,"column":99}},"117":{"start":{"line":421,"column":2},"end":{"line":421,"column":15}},"118":{"start":{"line":422,"column":2},"end":{"line":424,"column":3}},"119":{"start":{"line":423,"column":4},"end":{"line":423,"column":77}},"120":{"start":{"line":425,"column":2},"end":{"line":425,"column":13}},"121":{"start":{"line":433,"column":0},"end":{"line":436,"column":2}},"122":{"start":{"line":434,"column":2},"end":{"line":434,"column":42}},"123":{"start":{"line":435,"column":2},"end":{"line":435,"column":34}},"124":{"start":{"line":453,"column":0},"end":{"line":455,"column":2}},"125":{"start":{"line":454,"column":2},"end":{"line":454,"column":61}},"126":{"start":{"line":456,"column":0},"end":{"line":456,"column":38}},"127":{"start":{"line":456,"column":16},"end":{"line":456,"column":38}},"128":{"start":{"line":471,"column":0},"end":{"line":473,"column":2}},"129":{"start":{"line":472,"column":2},"end":{"line":472,"column":41}},"130":{"start":{"line":474,"column":0},"end":{"line":474,"column":32}},"131":{"start":{"line":474,"column":16},"end":{"line":474,"column":32}},"132":{"start":{"line":484,"column":0},"end":{"line":486,"column":2}},"133":{"start":{"line":485,"column":2},"end":{"line":485,"column":42}},"134":{"start":{"line":487,"column":0},"end":{"line":487,"column":34}},"135":{"start":{"line":487,"column":16},"end":{"line":487,"column":34}},"136":{"start":{"line":497,"column":0},"end":{"line":499,"column":2}},"137":{"start":{"line":498,"column":2},"end":{"line":498,"column":53}},"138":{"start":{"line":500,"column":0},"end":{"line":500,"column":40}},"139":{"start":{"line":500,"column":16},"end":{"line":500,"column":40}},"140":{"start":{"line":507,"column":0},"end":{"line":509,"column":2}},"141":{"start":{"line":508,"column":2},"end":{"line":508,"column":42}},"142":{"start":{"line":510,"column":0},"end":{"line":510,"column":36}},"143":{"start":{"line":510,"column":16},"end":{"line":510,"column":36}},"144":{"start":{"line":518,"column":0},"end":{"line":520,"column":2}},"145":{"start":{"line":519,"column":2},"end":{"line":519,"column":46}},"146":{"start":{"line":521,"column":0},"end":{"line":521,"column":38}},"147":{"start":{"line":521,"column":16},"end":{"line":521,"column":38}},"148":{"start":{"line":530,"column":0},"end":{"line":532,"column":2}},"149":{"start":{"line":531,"column":2},"end":{"line":531,"column":87}},"150":{"start":{"line":533,"column":0},"end":{"line":533,"column":44}},"151":{"start":{"line":533,"column":16},"end":{"line":533,"column":44}},"152":{"start":{"line":542,"column":0},"end":{"line":544,"column":2}},"153":{"start":{"line":543,"column":2},"end":{"line":543,"column":50}},"154":{"start":{"line":545,"column":0},"end":{"line":545,"column":48}},"155":{"start":{"line":545,"column":16},"end":{"line":545,"column":48}},"156":{"start":{"line":554,"column":0},"end":{"line":556,"column":2}},"157":{"start":{"line":555,"column":2},"end":{"line":555,"column":48}},"158":{"start":{"line":557,"column":0},"end":{"line":557,"column":46}},"159":{"start":{"line":557,"column":16},"end":{"line":557,"column":46}},"160":{"start":{"line":574,"column":0},"end":{"line":576,"column":2}},"161":{"start":{"line":575,"column":2},"end":{"line":575,"column":65}},"162":{"start":{"line":577,"column":0},"end":{"line":577,"column":44}},"163":{"start":{"line":577,"column":16},"end":{"line":577,"column":44}},"164":{"start":{"line":585,"column":0},"end":{"line":587,"column":2}},"165":{"start":{"line":586,"column":2},"end":{"line":586,"column":66}},"166":{"start":{"line":588,"column":0},"end":{"line":588,"column":46}},"167":{"start":{"line":588,"column":16},"end":{"line":588,"column":46}},"168":{"start":{"line":592,"column":0},"end":{"line":617,"column":19}},"169":{"start":{"line":593,"column":2},"end":{"line":599,"column":3}},"170":{"start":{"line":594,"column":4},"end":{"line":597,"column":5}},"171":{"start":{"line":595,"column":6},"end":{"line":595,"column":17}},"172":{"start":{"line":598,"column":4},"end":{"line":598,"column":16}},"173":{"start":{"line":601,"column":2},"end":{"line":612,"column":7}},"174":{"start":{"line":602,"column":4},"end":{"line":602,"column":51}},"175":{"start":{"line":605,"column":6},"end":{"line":605,"column":53}},"176":{"start":{"line":608,"column":6},"end":{"line":608,"column":49}},"177":{"start":{"line":611,"column":6},"end":{"line":611,"column":52}},"178":{"start":{"line":614,"column":2},"end":{"line":614,"column":77}},"179":{"start":{"line":614,"column":12},"end":{"line":614,"column":77}},"180":{"start":{"line":616,"column":2},"end":{"line":616,"column":13}},"181":{"start":{"line":621,"column":0},"end":{"line":621,"column":18}},"182":{"start":{"line":630,"column":0},"end":{"line":638,"column":2}},"183":{"start":{"line":634,"column":2},"end":{"line":635,"column":4}},"184":{"start":{"line":636,"column":2},"end":{"line":636,"column":45}},"185":{"start":{"line":637,"column":2},"end":{"line":637,"column":40}},"186":{"start":{"line":640,"column":0},"end":{"line":665,"column":2}},"187":{"start":{"line":641,"column":2},"end":{"line":641,"column":17}},"188":{"start":{"line":642,"column":2},"end":{"line":647,"column":3}},"189":{"start":{"line":643,"column":4},"end":{"line":643,"column":24}},"190":{"start":{"line":645,"column":7},"end":{"line":647,"column":3}},"191":{"start":{"line":646,"column":4},"end":{"line":646,"column":30}},"192":{"start":{"line":649,"column":2},"end":{"line":649,"column":11}},"193":{"start":{"line":651,"column":2},"end":{"line":656,"column":3}},"194":{"start":{"line":652,"column":4},"end":{"line":652,"column":23}},"195":{"start":{"line":654,"column":7},"end":{"line":656,"column":3}},"196":{"start":{"line":655,"column":4},"end":{"line":655,"column":22}},"197":{"start":{"line":658,"column":2},"end":{"line":658,"column":83}},"198":{"start":{"line":660,"column":2},"end":{"line":662,"column":3}},"199":{"start":{"line":661,"column":4},"end":{"line":661,"column":60}},"200":{"start":{"line":664,"column":2},"end":{"line":664,"column":17}},"201":{"start":{"line":667,"column":0},"end":{"line":672,"column":2}},"202":{"start":{"line":668,"column":2},"end":{"line":668,"column":23}},"203":{"start":{"line":668,"column":12},"end":{"line":668,"column":23}},"204":{"start":{"line":669,"column":2},"end":{"line":671,"column":27}},"205":{"start":{"line":674,"column":0},"end":{"line":678,"column":2}},"206":{"start":{"line":675,"column":2},"end":{"line":675,"column":23}},"207":{"start":{"line":676,"column":2},"end":{"line":676,"column":66}},"208":{"start":{"line":676,"column":40},"end":{"line":676,"column":66}},"209":{"start":{"line":677,"column":2},"end":{"line":677,"column":21}},"210":{"start":{"line":680,"column":0},"end":{"line":683,"column":2}},"211":{"start":{"line":681,"column":2},"end":{"line":681,"column":72}},"212":{"start":{"line":681,"column":31},"end":{"line":681,"column":72}},"213":{"start":{"line":682,"column":2},"end":{"line":682,"column":21}},"214":{"start":{"line":690,"column":0},"end":{"line":715,"column":2}},"215":{"start":{"line":691,"column":2},"end":{"line":691,"column":26}},"216":{"start":{"line":692,"column":2},"end":{"line":692,"column":27}},"217":{"start":{"line":693,"column":2},"end":{"line":693,"column":49}},"218":{"start":{"line":695,"column":2},"end":{"line":695,"column":46}},"
[...]
8,"column":4}},{"start":{"line":8738,"column":4},"end":{"line":8738,"column":4}}]},"1520":{"line":8743,"type":"if","locations":[{"start":{"line":8743,"column":4},"end":{"line":8743,"column":4}},{"start":{"line":8743,"column":4},"end":{"line":8743,"column":4}}]},"1521":{"line":8743,"type":"binary-expr","locations":[{"start":{"line":8743,"column":9},"end":{"line":8743,"column":21}},{"start":{"line":8743,"column":25},"end":{"line":8743,"column":37}}]},"1522":{"line":8757,"type":"if","locations":[{"start":{"line":8757,"column":4},"end":{"line":8757,"column":4}},{"start":{"line":8757,"column":4},"end":{"line":8757,"column":4}}]},"1523":{"line":8768,"type":"if","locations":[{"start":{"line":8768,"column":3},"end":{"line":8768,"column":3}},{"start":{"line":8768,"column":3},"end":{"line":8768,"column":3}}]},"1524":{"line":8795,"type":"if","locations":[{"start":{"line":8795,"column":3},"end":{"line":8795,"column":3}},{"start":{"line":8795,"column":3},"end":{"line":8795,"column":3}}]},"1525":{"line":8795,"type":"binary-expr","locations":[{"start":{"line":8795,"column":8},"end":{"line":8795,"column":16}},{"start":{"line":8795,"column":20},"end":{"line":8795,"column":41}}]},"1526":{"line":8800,"type":"if","locations":[{"start":{"line":8800,"column":2},"end":{"line":8800,"column":2}},{"start":{"line":8800,"column":2},"end":{"line":8800,"column":2}}]},"1527":{"line":8825,"type":"if","locations":[{"start":{"line":8825,"column":3},"end":{"line":8825,"column":3}},{"start":{"line":8825,"column":3},"end":{"line":8825,"column":3}}]},"1528":{"line":8825,"type":"binary-expr","locations":[{"start":{"line":8825,"column":8},"end":{"line":8825,"column":21}},{"start":{"line":8825,"column":25},"end":{"line":8825,"column":57}}]},"1529":{"line":8842,"type":"if","locations":[{"start":{"line":8842,"column":0},"end":{"line":8842,"column":0}},{"start":{"line":8842,"column":0},"end":{"line":8842,"column":0}}]},"1530":{"line":8842,"type":"binary-expr","locations":[{"start":{"line":8842,"column":5},"end":{"line":8842,"column":16}},{"start":{"line":8842,"column":20},"end":{"line":8842,"column":39}}]},"1531":{"line":8853,"type":"if","locations":[{"start":{"line":8853,"column":1},"end":{"line":8853,"column":1}},{"start":{"line":8853,"column":1},"end":{"line":8853,"column":1}}]},"1532":{"line":8862,"type":"if","locations":[{"start":{"line":8862,"column":2},"end":{"line":8862,"column":2}},{"start":{"line":8862,"column":2},"end":{"line":8862,"column":2}}]},"1533":{"line":8862,"type":"binary-expr","locations":[{"start":{"line":8862,"column":7},"end":{"line":8862,"column":25}},{"start":{"line":8862,"column":29},"end":{"line":8862,"column":43}}]},"1534":{"line":8864,"type":"if","locations":[{"start":{"line":8864,"column":3},"end":{"line":8864,"column":3}},{"start":{"line":8864,"column":3},"end":{"line":8864,"column":3}}]},"1535":{"line":8874,"type":"if","locations":[{"start":{"line":8874,"column":3},"end":{"line":8874,"column":3}},{"start":{"line":8874,"column":3},"end":{"line":8874,"column":3}}]},"1536":{"line":8874,"type":"binary-expr","locations":[{"start":{"line":8874,"column":8},"end":{"line":8874,"column":18}},{"start":{"line":8874,"column":22},"end":{"line":8874,"column":43}}]},"1537":{"line":8875,"type":"binary-expr","locations":[{"start":{"line":8875,"column":18},"end":{"line":8875,"column":38}},{"start":{"line":8875,"column":42},"end":{"line":8875,"column":64}}]},"1538":{"line":8876,"type":"cond-expr","locations":[{"start":{"line":8876,"column":62},"end":{"line":8876,"column":79}},{"start":{"line":8876,"column":82},"end":{"line":8876,"column":84}}]},"1539":{"line":8901,"type":"if","locations":[{"start":{"line":8901,"column":0},"end":{"line":8901,"column":0}},{"start":{"line":8901,"column":0},"end":{"line":8901,"column":0}}]},"1540":{"line":8905,"type":"if","locations":[{"start":{"line":8905,"column":2},"end":{"line":8905,"column":2}},{"start":{"line":8905,"column":2},"end":{"line":8905,"column":2}}]},"1541":{"line":8911,"type":"if","locations":[{"start":{"line":8911,"column":2},"end":{"line":8911,"column":2}},{"start":{"line":8911,"column":2},"end":{"line":8911,"column":2}}]},"1542":{"line":8911,"type":"binary-expr","locations":[{"start":{"line":8911,"column":7},"end":{"line":8911,"column":12}},{"start":{"line":8911,"column":16},"end":{"line":8911,"column":35}}]},"1543":{"line":8915,"type":"if","locations":[{"start":{"line":8915,"column":2},"end":{"line":8915,"column":2}},{"start":{"line":8915,"column":2},"end":{"line":8915,"column":2}}]},"1544":{"line":8927,"type":"if","locations":[{"start":{"line":8927,"column":2},"end":{"line":8927,"column":2}},{"start":{"line":8927,"column":2},"end":{"line":8927,"column":2}}]},"1545":{"line":8927,"type":"binary-expr","locations":[{"start":{"line":8927,"column":7},"end":{"line":8927,"column":11}},{"start":{"line":8927,"column":15},"end":{"line":8927,"column":48}}]},"1546":{"line":8928,"type":"cond-expr","locations":[{"start":{"line":8928,"column":16},"end":{"line":8928,"column":48}},{"start":{"line":8928,"column":51},"end":{"line":8928,"column":70}}]},"1547":{"line":8933,"type":"binary-expr","locations":[{"start":{"line":8933,"column":16},"end":{"line":8933,"column":33}},{"start":{"line":8933,"column":38},"end":{"line":8933,"column":52}},{"start":{"line":8933,"column":57},"end":{"line":8933,"column":58}}]},"1548":{"line":8934,"type":"binary-expr","locations":[{"start":{"line":8934,"column":16},"end":{"line":8934,"column":34}},{"start":{"line":8934,"column":38},"end":{"line":8934,"column":53}},{"start":{"line":8934,"column":57},"end":{"line":8934,"column":58}}]},"1549":{"line":8935,"type":"binary-expr","locations":[{"start":{"line":8935,"column":16},"end":{"line":8935,"column":31}},{"start":{"line":8935,"column":35},"end":{"line":8935,"column":58}},{"start":{"line":8935,"column":62},"end":{"line":8935,"column":79}},{"start":{"line":8935,"column":84},"end":{"line":8935,"column":98}}]},"1550":{"line":8936,"type":"binary-expr","locations":[{"start":{"line":8936,"column":16},"end":{"line":8936,"column":31}},{"start":{"line":8936,"column":35},"end":{"line":8936,"column":58}},{"start":{"line":8936,"column":62},"end":{"line":8936,"column":80}},{"start":{"line":8936,"column":84},"end":{"line":8936,"column":99}}]},"1551":{"line":8947,"type":"if","locations":[{"start":{"line":8947,"column":2},"end":{"line":8947,"column":2}},{"start":{"line":8947,"column":2},"end":{"line":8947,"column":2}}]},"1552":{"line":8953,"type":"if","locations":[{"start":{"line":8953,"column":2},"end":{"line":8953,"column":2}},{"start":{"line":8953,"column":2},"end":{"line":8953,"column":2}}]},"1553":{"line":8953,"type":"binary-expr","locations":[{"start":{"line":8953,"column":7},"end":{"line":8953,"column":12}},{"start":{"line":8953,"column":16},"end":{"line":8953,"column":35}}]},"1554":{"line":8957,"type":"if","locations":[{"start":{"line":8957,"column":2},"end":{"line":8957,"column":2}},{"start":{"line":8957,"column":2},"end":{"line":8957,"column":2}}]},"1555":{"line":8968,"type":"cond-expr","locations":[{"start":{"line":8968,"column":37},"end":{"line":8968,"column":79}},{"start":{"line":8968,"column":82},"end":{"line":8968,"column":99}}]},"1556":{"line":8972,"type":"binary-expr","locations":[{"start":{"line":8972,"column":11},"end":{"line":8972,"column":33}},{"start":{"line":8972,"column":38},"end":{"line":8972,"column":51}},{"start":{"line":8972,"column":55},"end":{"line":8972,"column":71}}]},"1557":{"line":8973,"type":"if","locations":[{"start":{"line":8973,"column":3},"end":{"line":8973,"column":3}},{"start":{"line":8973,"column":3},"end":{"line":8973,"column":3}}]},"1558":{"line":8973,"type":"binary-expr","locations":[{"start":{"line":8973,"column":8},"end":{"line":8973,"column":36}},{"start":{"line":8973,"column":40},"end":{"line":8973,"column":78}}]},"1559":{"line":8977,"type":"cond-expr","locations":[{"start":{"line":8977,"column":33},"end":{"line":8977,"column":73}},{"start":{"line":8977,"column":76},"end":{"line":8977,"column":93}}]},"1560":{"line":8981,"type":"if","locations":[{"start":{"line":8981,"column":3},"end":{"line":8981,"column":3}},{"start":{"line":8981,"column":3},"end":{"line":8981,"column":3}}]},"1561":{"line":8985,"type":"if","locations":[{"start":{"line":8985,"column":4},"end":{"line":8985,"column":4}},{"start":{"line":8985,"column":4},"end":{"line":8985,"column":4}}]},"1562":{"line":8985,"type":"binary-expr","locations":[{"start":{"line":8985,"column":9},"end":{"line":8985,"column":40}},{"start":{"line":8985,"column":44},"end":{"line":8985,"column":121}}]},"1563":{"line":8985,"type":"binary-expr","locations":[{"start":{"line":8985,"column":46},"end":{"line":8985,"column":90}},{"start":{"line":8985,"column":94},"end":{"line":8985,"column":120}}]},"1564":{"line":8986,"type":"binary-expr","locations":[{"start":{"line":8986,"column":13},"end":{"line":8986,"column":56}},{"start":{"line":8986,"column":60},"end":{"line":8986,"column":61}}]},"1565":{"line":8987,"type":"binary-expr","locations":[{"start":{"line":8987,"column":13},"end":{"line":8987,"column":56}},{"start":{"line":8987,"column":60},"end":{"line":8987,"column":61}}]},"1566":{"line":8994,"type":"if","locations":[{"start":{"line":8994,"column":3},"end":{"line":8994,"column":3}},{"start":{"line":8994,"column":3},"end":{"line":8994,"column":3}}]},"1567":{"line":8994,"type":"binary-expr","locations":[{"start":{"line":8994,"column":8},"end":{"line":8994,"column":59}},{"start":{"line":8994,"column":63},"end":{"line":8994,"column":99}}]},"1568":{"line":8995,"type":"binary-expr","locations":[{"start":{"line":8995,"column":12},"end":{"line":8995,"column":55}},{"start":{"line":8995,"column":59},"end":{"line":8995,"column":60}}]},"1569":{"line":8996,"type":"binary-expr","locations":[{"start":{"line":8996,"column":12},"end":{"line":8996,"column":55}},{"start":{"line":8996,"column":59},"end":{"line":8996,"column":60}}]},"1570":{"line":9002,"type":"if","locations":[{"start":{"line":9002,"column":2},"end":{"line":9002,"column":2}},{"start":{"line":9002,"column":2},"end":{"line":9002,"column":2}}]},"1571":{"line":9002,"type":"binary-expr","locations":[{"start":{"line":9002,"column":7},"end":{"line":9002,"column":48}},{"start":{"line":9002,"column":52},"end":{"line":9002,"column":91}}]},"1572":{"line":9007,"type":"if","locations":[{"start":{"line":9007,"column":2},"end":{"line":9007,"column":2}},{"start":{"line":9007,"column":2},"end":{"line":9007,"column":2}}]},"1573":{"line":9007,"type":"binary-expr","locations":[{"start":{"line":9007,"column":7},"end":{"line":9007,"column":35}},{"start":{"line":9007,"column":39},"end":{"line":9007,"column":77}}]},"1574":{"line":9022,"type":"if","locations":[{"start":{"line":9022,"column":2},"end":{"line":9022,"column":2}},{"start":{"line":9022,"column":2},"end":{"line":9022,"column":2}}]},"1575":{"line":9023,"type":"binary-expr","locations":[{"start":{"line":9023,"column":11},"end":{"line":9023,"column":54}},{"start":{"line":9023,"column":58},"end":{"line":9023,"column":59}}]},"1576":{"line":9024,"type":"binary-expr","locations":[{"start":{"line":9024,"column":11},"end":{"line":9024,"column":55}},{"start":{"line":9024,"column":59},"end":{"line":9024,"column":60}}]},"1577":{"line":9034,"type":"if","locations":[{"start":{"line":9034,"column":2},"end":{"line":9034,"column":2}},{"start":{"line":9034,"column":2},"end":{"line":9034,"column":2}}]},"1578":{"line":9042,"type":"binary-expr","locations":[{"start":{"line":9042,"column":25},"end":{"line":9042,"column":48}},{"start":{"line":9042,"column":52},"end":{"line":9042,"column":72}},{"start":{"line":9042,"column":78},"end":{"line":9042,"column":130}}]},"1579":{"line":9046,"type":"if","locations":[{"start":{"line":9046,"column":2},"end":{"line":9046,"column":2}},{"start":{"line":9046,"column":2},"end":{"line":9046,"column":2}}]},"1580":{"line":9051,"type":"binary-expr","locations":[{"start":{"line":9051,"column":12},"end":{"line":9051,"column":35}},{"start":{"line":9051,"column":39},"end":{"line":9051,"column":40}}]},"1581":{"line":9052,"type":"binary-expr","locations":[{"start":{"line":9052,"column":13},"end":{"line":9052,"column":37}},{"start":{"line":9052,"column":41},"end":{"line":9052,"column":42}}]},"1582":{"line":9055,"type":"if","locations":[{"start":{"line":9055,"column":2},"end":{"line":9055,"column":2}},{"start":{"line":9055,"column":2},"end":{"line":9055,"column":2}}]},"1583":{"line":9059,"type":"if","locations":[{"start":{"line":9059,"column":2},"end":{"line":9059,"column":2}},{"start":{"line":9059,"column":2},"end":{"line":9059,"column":2}}]},"1584":{"line":9062,"type":"if","locations":[{"start":{"line":9062,"column":2},"end":{"line":9062,"column":2}},{"start":{"line":9062,"column":2},"end":{"line":9062,"column":2}}]},"1585":{"line":9066,"type":"if","locations":[{"start":{"line":9066,"column":2},"end":{"line":9066,"column":2}},{"start":{"line":9066,"column":2},"end":{"line":9066,"column":2}}]},"1586":{"line":9078,"type":"if","locations":[{"start":{"line":9078,"column":2},"end":{"line":9078,"column":2}},{"start":{"line":9078,"column":2},"end":{"line":9078,"column":2}}]},"1587":{"line":9089,"type":"cond-expr","locations":[{"start":{"line":9089,"column":56},"end":{"line":9089,"column":75}},{"start":{"line":9089,"column":78},"end":{"line":9089,"column":99}}]},"1588":{"line":9094,"type":"binary-expr","locations":[{"start":{"line":9094,"column":17},"end":{"line":9094,"column":60}},{"start":{"line":9094,"column":64},"end":{"line":9094,"column":65}}]},"1589":{"line":9095,"type":"binary-expr","locations":[{"start":{"line":9095,"column":17},"end":{"line":9095,"column":61}},{"start":{"line":9095,"column":65},"end":{"line":9095,"column":66}}]},"1590":{"line":9098,"type":"binary-expr","locations":[{"start":{"line":9098,"column":23},"end":{"line":9098,"column":82}},{"start":{"line":9098,"column":86},"end":{"line":9098,"column":87}}]},"1591":{"line":9099,"type":"binary-expr","locations":[{"start":{"line":9099,"column":23},"end":{"line":9099,"column":83}},{"start":{"line":9099,"column":87},"end":{"line":9099,"column":88}}]},"1592":{"line":9110,"type":"binary-expr","locations":[{"start":{"line":9110,"column":22},"end":{"line":9110,"column":39}},{"start":{"line":9110,"column":43},"end":{"line":9110,"column":56}}]},"1593":{"line":9111,"type":"binary-expr","locations":[{"start":{"line":9111,"column":11},"end":{"line":9111,"column":23}},{"start":{"line":9111,"column":28},"end":{"line":9111,"column":62}},{"start":{"line":9111,"column":66},"end":{"line":9111,"column":115}}]},"1594":{"line":9127,"type":"if","locations":[{"start":{"line":9127,"column":2},"end":{"line":9127,"column":2}},{"start":{"line":9127,"column":2},"end":{"line":9127,"column":2}}]},"1595":{"line":9130,"type":"if","locations":[{"start":{"line":9130,"column":3},"end":{"line":9130,"column":3}},{"start":{"line":9130,"column":3},"end":{"line":9130,"column":3}}]},"1596":{"line":9137,"type":"cond-expr","locations":[{"start":{"line":9137,"column":16},"end":{"line":9139,"column":32}},{"start":{"line":9140,"column":4},"end":{"line":9140,"column":18}}]},"1597":{"line":9137,"type":"cond-expr","locations":[{"start":{"line":9137,"column":41},"end":{"line":9137,"column":81}},{"start":{"line":9138,"column":4},"end":{"line":9139,"column":32}}]},"1598":{"line":9137,"type":"cond-expr","locations":[{"start":{"line":9137,"column":50},"end":{"line":9137,"column":63}},{"start":{"line":9137,"column":66},"end":{"line":9137,"column":79}}]},"1599":{"line":9138,"type":"binary-expr","locations":[{"start":{"line":9138,"column":4},"end":{"line":9138,"column":27}},{"start":{"line":9138,"column":31},"end":{"line":9138,"column":69}},{"start":{"line":9139,"column":5},"end":{"line":9139,"column":32}}]},"1600":{"line":9147,"type":"if","locations":[{"start":{"line":9147,"column":3},"end":{"line":9147,"column":3}},{"start":{"line":9147,"column":3},"end":{"line":9147,"column":3}}]},"1601":{"line":9149,"type":"cond-expr","locations":[{"start":{"line":9149,"column":10},"end":{"line":9149,"column":13}},{"start":{"line":9149,"column":16},"end":{"line":9149,"column":42}}]},"1602":{"line":9150,"type":"cond-expr","locations":[{"start":{"line":9150,"column":10},"end":{"line":9150,"column":13}},{"start":{"line":9150,"column":16},"end":{"line":9150,"column":41}}]},"1603":{"line":9161,"type":"cond-expr","locations":[{"start":{"line":9162,"column":2},"end":{"line":9162,"column":6}},{"start":{"line":9163,"column":2},"end":{"line":9165,"column":8}}]},"1604":{"line":9163,"type":"cond-expr","locations":[{"start":{"line":9164,"column":3},"end":{"line":9164,"column":40}},{"start":{"line":9165,"column":3},"end":{"line":9165,"column":8}}]},"1605":{"line":9164,"type":"binary-expr","locations":[{"start":{"line":9164,"column":3},"end":{"line":9164,"column":19}},{"start":{"line":9164,"column":23},"end":{"line":9164,"column":40}}]},"1606":{"line":9179,"type":"cond-expr","locations":[{"start":{"line":9180,"column":3},"end":{"line":9182,"column":17}},{"start":{"line":9183,"column":3},"end":{"line":9183,"column":7}}]},"1607":{"line":9180,"type":"cond-expr","locations":[{"start":{"line":9181,"column":3},"end":{"line":9181,"column":52}},{"start":{"line":9182,"column":3},"end":{"line":9182,"column":17}}]},"1608":{"line":9189,"type":"cond-expr","locations":[{"start":{"line":9190,"column":3},"end":{"line":9192,"column":17}},{"start":{"line":9193,"column":3},"end":{"line":9193,"column":7}}]},"1609":{"line":9190,"type":"cond-expr","locations":[{"start":{"line":9191,"column":3},"end":{"line":9191,"column":71}},{"start":{"line":9192,"column":3},"end":{"line":9192,"column":17}}]},"1610":{"line":9191,"type":"cond-expr","locations":[{"start":{"line":9191,"column":48},"end":{"line":9191,"column":56}},{"start":{"line":9191,"column":59},"end":{"line":9191,"column":67}}]},"1611":{"line":9199,"type":"if","locations":[{"start":{"line":9199,"column":2},"end":{"line":9199,"column":2}},{"start":{"line":9199,"column":2},"end":{"line":9199,"column":2}}]},"1612":{"line":9200,"type":"cond-expr","locations":[{"start":{"line":9200,"column":25},"end":{"line":9200,"column":29}},{"start":{"line":9200,"column":32},"end":{"line":9200,"column":36}}]},"1613":{"line":9203,"type":"if","locations":[{"start":{"line":9203,"column":2},"end":{"line":9203,"column":2}},{"start":{"line":9203,"column":2},"end":{"line":9203,"column":2}}]},"1614":{"line":9210,"type":"if","locations":[{"start":{"line":9210,"column":2},"end":{"line":9210,"column":2}},{"start":{"line":9210,"column":2},"end":{"line":9210,"column":2}}]},"1615":{"line":9215,"type":"binary-expr","locations":[{"start":{"line":9215,"column":10},"end":{"line":9215,"column":51}},{"start":{"line":9215,"column":55},"end":{"line":9215,"column":66}},{"start":{"line":9216,"column":4},"end":{"line":9216,"column":8}},{"start":{"line":9216,"column":12},"end":{"line":9216,"column":35}},{"start":{"line":9216,"column":39},"end":{"line":9216,"column":50}}]},"1616":{"line":9219,"type":"if","locations":[{"start":{"line":9219,"column":9},"end":{"line":9219,"column":9}},{"start":{"line":9219,"column":9},"end":{"line":9219,"column":9}}]},"1617":{"line":9228,"type":"if","locations":[{"start":{"line":9228,"column":9},"end":{"line":9228,"column":9}},{"start":{"line":9228,"column":9},"end":{"line":9228,"column":9}}]},"1618":{"line":9232,"type":"cond-expr","locations":[{"start":{"line":9232,"column":36},"end":{"line":9232,"column":39}},{"start":{"line":9232,"column":42},"end":{"line":9232,"column":46}}]},"1619":{"line":9236,"type":"cond-expr","locations":[{"start":{"line":9236,"column":53},"end":{"line":9236,"column":57}},{"start":{"line":9236,"column":60},"end":{"line":9236,"column":71}}]},"1620":{"line":9260,"type":"if","locations":[{"start":{"line":9260,"column":0},"end":{"line":9260,"column":0}},{"start":{"line":9260,"column":0},"end":{"line":9260,"column":0}}]},"1621":{"line":9260,"type":"binary-expr","locations":[{"start":{"line":9260,"column":5},"end":{"line":9260,"column":33}},{"start":{"line":9260,"column":37},"end":{"line":9260,"column":47}},{"start":{"line":9260,"column":51},"end":{"line":9260,"column":68}}]}}}}