TN:
SF:/Users/azaafouri/Workspace/Kata/kata-gilded-rose/js/spec/gilded_rose_spec.js
FN:4,(anonymous_1)
FN:6,(anonymous_2)
FN:14,(anonymous_3)
FN:22,(anonymous_4)
FN:30,(anonymous_5)
FN:38,(anonymous_6)
FN:46,(anonymous_7)
FN:54,(anonymous_8)
FN:62,(anonymous_9)
FN:71,(anonymous_10)
FN:79,(anonymous_11)
FNF:11
FNH:11
FNDA:1,(anonymous_1)
FNDA:1,(anonymous_2)
FNDA:1,(anonymous_3)
FNDA:1,(anonymous_4)
FNDA:1,(anonymous_5)
FNDA:1,(anonymous_6)
FNDA:1,(anonymous_7)
FNDA:1,(anonymous_8)
FNDA:1,(anonymous_9)
FNDA:1,(anonymous_10)
FNDA:1,(anonymous_11)
DA:1,1
DA:2,1
DA:4,1
DA:6,1
DA:7,1
DA:8,1
DA:9,1
DA:10,1
DA:11,1
DA:14,1
DA:15,1
DA:16,1
DA:17,1
DA:18,1
DA:19,1
DA:22,1
DA:23,1
DA:24,1
DA:25,1
DA:26,1
DA:27,1
DA:30,1
DA:31,1
DA:32,1
DA:33,1
DA:34,1
DA:35,1
DA:38,1
DA:39,1
DA:40,1
DA:41,1
DA:42,1
DA:43,1
DA:46,1
DA:47,1
DA:48,1
DA:49,1
DA:50,1
DA:51,1
DA:54,1
DA:55,1
DA:56,1
DA:57,1
DA:58,1
DA:59,1
DA:62,1
DA:63,1
DA:64,1
DA:65,1
DA:66,1
DA:67,1
DA:71,1
DA:72,1
DA:73,1
DA:74,1
DA:75,1
DA:76,1
DA:79,1
DA:80,1
DA:81,1
DA:82,1
DA:83,1
DA:84,1
LF:63
LH:63
BRF:0
BRH:0
end_of_record
TN:
SF:/Users/azaafouri/Workspace/Kata/kata-gilded-rose/js/src/gilded_rose.js
FN:2,(anonymous_1)
FN:10,(anonymous_2)
FN:14,(anonymous_3)
FN:39,(anonymous_4)
FNF:4
FNH:4
FNDA:10,(anonymous_1)
FNDA:10,(anonymous_2)
FNDA:10,(anonymous_3)
FNDA:10,(anonymous_4)
DA:3,10
DA:4,10
DA:5,10
DA:11,10
DA:16,10
DA:18,2
DA:19,2
DA:20,2
DA:23,4
DA:24,4
DA:25,4
DA:26,4
DA:28,2
DA:29,2
DA:31,2
DA:32,2
DA:35,10
DA:37,10
DA:40,10
DA:41,10
DA:44,10
DA:48,1
LF:22
LH:22
BRDA:16,1,0,2
BRDA:16,1,1,4
BRDA:16,1,2,2
BRDA:16,1,3,2
BRDA:18,2,0,1
BRDA:18,2,1,1
BRDA:23,3,0,2
BRDA:23,3,1,2
BRDA:23,4,0,1
BRDA:23,4,1,1
BRDA:24,5,0,1
BRDA:24,5,1,3
BRDA:31,6,0,1
BRDA:31,6,1,1
BRF:14
BRH:14
end_of_record
TN:
SF:/Users/azaafouri/Workspace/Kata/kata-gilded-rose/js/lib/jasmine-1.1.0/jasmine-html.js
FN:1,(anonymous_1)
FN:7,(anonymous_2)
FN:31,(anonymous_3)
FN:73,(anonymous_4)
FN:81,(anonymous_5)
FN:90,(anonymous_6)
FN:110,(anonymous_7)
FN:119,(anonymous_8)
FN:125,(anonymous_9)
FN:163,(anonymous_10)
FN:174,(anonymous_11)
FN:178,(anonymous_12)
FNF:12
FNH:0
FNDA:0,(anonymous_1)
FNDA:0,(anonymous_2)
FNDA:0,(anonymous_3)
FNDA:0,(anonymous_4)
FNDA:0,(anonymous_5)
FNDA:0,(anonymous_6)
FNDA:0,(anonymous_7)
FNDA:0,(anonymous_8)
FNDA:0,(anonymous_9)
FNDA:0,(anonymous_10)
FNDA:0,(anonymous_11)
FNDA:0,(anonymous_12)
DA:1,0
DA:2,0
DA:3,0
DA:4,0
DA:7,0
DA:8,0
DA:10,0
DA:11,0
DA:13,0
DA:14,0
DA:16,0
DA:20,0
DA:21,0
DA:22,0
DA:24,0
DA:28,0
DA:31,0
DA:32,0
DA:34,0
DA:54,0
DA:56,0
DA:57,0
DA:58,0
DA:59,0
DA:62,0
DA:63,0
DA:64,0
DA:65,0
DA:67,0
DA:70,0
DA:72,0
DA:73,0
DA:74,0
DA:75,0
DA:77,0
DA:81,0
DA:82,0
DA:83,0
DA:85,0
DA:90,0
DA:91,0
DA:92,0
DA:93,0
DA:95,0
DA:96,0
DA:97,0
DA:98,0
DA:99,0
DA:100,0
DA:103,0
DA:104,0
DA:105,0
DA:107,0
DA:110,0
DA:111,0
DA:112,0
DA:113,0
DA:114,0
DA:116,0
DA:119,0
DA:120,0
DA:121,0
DA:125,0
DA:126,0
DA:127,0
DA:128,0
DA:129,0
DA:131,0
DA:140,0
DA:141,0
DA:142,0
DA:143,0
DA:145,0
DA:146,0
DA:147,0
DA:148,0
DA:150,0
DA:151,0
DA:156,0
DA:157,0
DA:160,0
DA:163,0
DA:164,0
DA:165,0
DA:166,0
DA:167,0
DA:169,0
DA:174,0
DA:175,0
DA:178,0
DA:179,0
DA:180,0
DA:181,0
DA:182,0
DA:183,0
DA:186,0
DA:187,0
DA:189,0
LF:98
LH:0
BRDA:2,1,0,0
BRDA:2,1,1,0
BRDA:13,2,0,0
BRDA:13,2,1,0
BRDA:16,3,0,0
BRDA:16,3,1,0
BRDA:21,4,0,0
BRDA:21,4,1,0
BRDA:64,5,0,0
BRDA:64,5,1,0
BRDA:74,6,0,0
BRDA:74,6,1,0
BRDA:82,7,0,0
BRDA:82,7,1,0
BRDA:92,8,0,0
BRDA:92,8,1,0
BRDA:99,9,0,0
BRDA:99,9,1,0
BRDA:103,10,0,0
BRDA:103,10,1,0
BRDA:103,11,0,0
BRDA:103,11,1,0
BRDA:112,12,0,0
BRDA:112,12,1,0
BRDA:113,13,0,0
BRDA:113,13,1,0
BRDA:120,14,0,0
BRDA:120,14,1,0
BRDA:127,15,0,0
BRDA:127,15,1,0
BRDA:128,16,0,0
BRDA:128,16,1,0
BRDA:145,17,0,0
BRDA:145,17,1,0
BRDA:147,18,0,0
BRDA:147,18,1,0
BRDA:147,19,0,0
BRDA:147,19,1,0
BRDA:147,19,2,0
BRDA:150,20,0,0
BRDA:150,20,1,0
BRDA:156,21,0,0
BRDA:156,21,1,0
BRDA:165,22,0,0
BRDA:165,22,1,0
BRDA:165,23,0,0
BRDA:165,23,1,0
BRDA:166,24,0,0
BRDA:166,24,1,0
BRDA:186,25,0,0
BRDA:186,25,1,0
BRF:51
BRH:0
end_of_record
TN:
SF:/Users/azaafouri/Workspace/Kata/kata-gilded-rose/js/lib/jasmine-1.1.0/jasmine.js
FN:13,(anonymous_1)
FN:42,(anonymous_2)
FN:43,getGlobal
FN:58,(anonymous_4)
FN:61,(anonymous_5)
FN:75,(anonymous_6)
FN:81,(anonymous_7)
FN:94,(anonymous_8)
FN:106,(anonymous_9)
FN:110,(anonymous_10)
FN:117,(anonymous_11)
FN:128,(anonymous_12)
FN:138,(anonymous_13)
FN:148,(anonymous_14)
FN:159,(anonymous_15)
FN:169,(anonymous_16)
FN:181,(anonymous_17)
FN:195,(anonymous_18)
FN:243,(anonymous_19)
FN:255,(anonymous_20)
FN:291,(anonymous_21)
FN:308,(anonymous_22)
FN:309,(anonymous_23)
FN:327,(anonymous_24)
FN:328,(anonymous_25)
FN:349,(anonymous_26)
FN:368,(anonymous_27)
FN:376,(anonymous_28)
FN:378,(anonymous_29)
FN:406,(anonymous_30)
FN:417,(anonymous_31)
FN:433,(anonymous_32)
FN:453,(anonymous_33)
FN:471,(anonymous_34)
FN:484,(anonymous_35)
FN:497,(anonymous_36)
FN:507,(anonymous_37)
FN:518,(anonymous_38)
FN:530,(anonymous_39)
FN:542,(anonymous_40)
FN:554,(anonymous_41)
FN:574,(anonymous_42)
FN:585,(anonymous_43)
FN:592,(anonymous_44)
FN:593,tryIt
FN:601,(anonymous_46)
FN:604,(anonymous_47)
FN:607,(anonymous_48)
FN:610,(anonymous_49)
FN:630,(anonymous_50)
FN:634,(anonymous_51)
FN:640,(anonymous_52)
FN:667,(anonymous_53)
FN:674,(anonymous_54)
FN:680,(anonymous_55)
FN:690,(anonymous_56)
FN:700,(anonymous_57)
FN:709,(anonymous_58)
FN:726,(anonymous_59)
FN:737,(anonymous_60)
FN:754,(anonymous_61)
FN:761,(anonymous_62)
FN:769,(anonymous_63)
FN:773,(anonymous_64)
FN:777,(anonymous_65)
FN:797,(anonymous_66)
FN:807,(anonymous_67)
FN:815,(anonymous_68)
FN:819,(anonymous_69)
FN:828,(anonymous_70)
FN:830,(anonymous_71)
FN:835,(anonymous_72)
FN:847,(anonymous_73)
FN:850,(anonymous_74)
FN:855,(anonymous_75)
FN:863,(anonymous_76)
FN:893,(anonymous_77)
FN:941,(anonymous_78)
FN:951,(anonymous_79)
FN:958,(anonymous_80)
FN:962,(anonymous_81)
FN:966,(anonymous_82)
FN:970,(anonymous_83)
FN:974,(anonymous_84)
FN:978,(anonymous_85)
FN:982,(anonymous_86)
FN:993,(anonymous_87)
FN:999,(anonymous_88)
FN:1011,(anonymous_89)
FN:1018,(anonymous_90)
FN:1027,(anonymous_91)
FN:1031,(anonymous_92)
FN:1049,(anonymous_93)
FN:1053,(anonymous_94)
FN:1058,(anonymous_95)
FN:1063,(anonymous_96)
FN:1067,(anonymous_97)
FN:1075,(anonymous_98)
FN:1078,(anonymous_99)
FN:1087,(anonymous_100)
FN:1115,(anonymous_101)
FN:1124,(anonymous_102)
FN:1129,(anonymous_103)
FN:1133,(anonymous_104)
FN:1141,(anonymous_105)
FN:1142,(anonymous_106)
FN:1160,(anonymous_107)
FN:1190,(anonymous_108)
FN:1199,(anonymous_109)
FN:1208,(anonymous_110)
FN:1217,(anonymous_111)
FN:1227,(anonymous_112)
FN:1236,(anonymous_113)
FN:1243,(anonymous_114)
FN:1250,(anonymous_115)
FN:1257,(anonymous_116)
FN:1264,(anonymous_117)
FN:1272,(anonymous_118)
FN:1280,(anonymous_119)
FN:1289,(anonymous_120)
FN:1307,(anonymous_121)
FN:1316,(anonymous_122)
FN:1332,(anonymous_123)
FN:1337,(anonymous_124)
FN:1359,(anonymous_125)
FN:1365,(anonymous_126)
FN:1380,(anonymous_127)
FN:1390,(anonymous_128)
FN:1394,(anonymous_129)
FN:1398,(anonymous_130)
FN:1409,(anonymous_131)
FN:1424,(anonymous_132)
FN:1441,(anonymous_133)
FN:1452,(anonymous_134)
FN:1456,(anonymous_135)
FN:1476,(anonymous_136)
FN:1483,(anonymous_137)
FN:1488,(anonymous_138)
FN:1492,(anonymous_139)
FN:1503,(anonymous_140)
FN:1504,(anonymous_141)
FN:1520,(anonymous_142)
FN:1548,(anonymous_143)
FN:1558,(anonymous_144)
FN:1565,(anonymous_145)
FN:1573,(anonymous_146)
FN:1592,(anonymous_147)
FN:1598,(anonymous_148)
FN:1607,(anonymous_149)
FN:1652,(anonymous_150)
FN:1665,(anonymous_151)
FN:1672,(anonymous_152)
FN:1676,(anonymous_153)
FN:1680,(anonymous_154)
FN:1691,(anonymous_155)
FN:1696,(anonymous_156)
FN:1715,(anonymous_157)
FN:1718,(anonymous_158)
FN:1727,(anonymous_159)
FN:1731,(anonymous_160)
FN:1735,(anonymous_161)
FN:1740,(anonymous_162)
FN:1746,(anonymous_163)
FN:1752,(anonymous_164)
FN:1763,(anonymous_165)
FN:1779,(anonymous_166)
FN:1806,(anonymous_167)
FN:1823,(anonymous_168)
FN:1832,(anonymous_169)
FN:1837,(anonymous_170)
FN:1842,(anonymous_171)
FN:1847,(anonymous_172)
FN:1853,(anonymous_173)
FN:1857,(anonymous_174)
FN:1861,(anonymous_175)
FN:1868,(anonymous_176)
FN:1877,(anonymous_177)
FN:1881,(anonymous_178)
FN:1891,(anonymous_179)
FN:1902,(anonymous_180)
FN:1924,(anonymous_181)
FN:1929,(anonymous_182)
FN:1938,(anonymous_183)
FN:1942,(anonymous_184)
FN:1948,(anonymous_185)
FN:1959,(anonymous_186)
FN:1963,(anonymous_187)
FN:1975,(anonymous_188)
FN:1988,(anonymous_189)
FN:2013,(anonymous_190)
FN:2022,(anonymous_191)
FN:2026,(anonymous_192)
FN:2028,(anonymous_193)
FN:2036,(anonymous_194)
FN:2040,(anonymous_195)
FN:2048,(anonymous_196)
FN:2056,(anonymous_197)
FN:2070,(anonymous_198)
FN:2075,(anonymous_199)
FN:2100,(anonymous_200)
FN:2104,(anonymous_201)
FN:2129,(anonymous_202)
FN:2146,(anonymous_203)
FN:2160,(anonymous_204)
FN:2168,(anonymous_205)
FN:2176,(anonymous_206)
FN:2181,(anonymous_207)
FN:2186,(anonymous_208)
FN:2190,(anonymous_209)
FN:2201,(anonymous_210)
FN:2205,(anonymous_211)
FN:2209,(anonymous_212)
FN:2213,(anonymous_213)
FN:2215,(anonymous_214)
FN:2219,(anonymous_215)
FN:2226,(anonymous_216)
FN:2230,(anonymous_217)
FN:2245,(anonymous_218)
FN:2256,(anonymous_219)
FN:2283,(anonymous_220)
FN:2291,(anonymous_221)
FN:2295,(anonymous_222)
FN:2301,(anonymous_223)
FN:2307,(anonymous_224)
FN:2311,(anonymous_225)
FN:2317,(anonymous_226)
FN:2323,(anonymous_227)
FN:2330,(anonymous_228)
FN:2344,(anonymous_229)
FN:2365,(anonymous_230)
FN:2381,(anonymous_231)
FN:2386,(anonymous_232)
FN:2391,(anonymous_233)
FN:2395,(anonymous_234)
FN:2399,(anonymous_235)
FN:2408,(anonymous_236)
FN:2412,(anonymous_237)
FN:2424,(anonymous_238)
FN:2430,(anonymous_239)
FN:2439,(anonymous_240)
FN:2447,(anonymous_241)
FN:2455,(anonymous_242)
FN:2463,(anonymous_243)
FNF:243
FNH:0
FNDA:0,(anonymous_1)
FNDA:0,(anonymous_2)
FNDA:0,getGlobal
FNDA:0,(anonymous_4)
FNDA:0,(anonymous_5)
FNDA:0,(anonymous_6)
FNDA:0,(anonymous_7)
FNDA:0,(anonymous_8)
FNDA:0,(anonymous_9)
FNDA:0,(anonymous_10)
FNDA:0,(anonymous_11)
FNDA:0,(anonymous_12)
FNDA:0,(anonymous_13)
FNDA:0,(anonymous_14)
FNDA:0,(anonymous_15)
FNDA:0,(anonymous_16)
FNDA:0,(anonymous_17)
FNDA:0,(anonymous_18)
FNDA:0,(anonymous_19)
FNDA:0,(anonymous_20)
FNDA:0,(anonymous_21)
FNDA:0,(anonymous_22)
FNDA:0,(anonymous_23)
FNDA:0,(anonymous_24)
FNDA:0,(anonymous_25)
FNDA:0,(anonymous_26)
FNDA:0,(anonymous_27)
FNDA:0,(anonymous_28)
FNDA:0,(anonymous_29)
FNDA:0,(anonymous_30)
FNDA:0,(anonymous_31)
FNDA:0,(anonymous_32)
FNDA:0,(anonymous_33)
FNDA:0,(anonymous_34)
FNDA:0,(anonymous_35)
FNDA:0,(anonymous_36)
FNDA:0,(anonymous_37)
FNDA:0,(anonymous_38)
FNDA:0,(anonymous_39)
FNDA:0,(anonymous_40)
FNDA:0,(anonymous_41)
FNDA:0,(anonymous_42)
FNDA:0,(anonymous_43)
FNDA:0,(anonymous_44)
FNDA:0,tryIt
FNDA:0,(anonymous_46)
FNDA:0,(anonymous_47)
FNDA:0,(anonymous_48)
FNDA:0,(anonymous_49)
FNDA:0,(anonymous_50)
FNDA:0,(anonymous_51)
FNDA:0,(anonymous_52)
FNDA:0,(anonymous_53)
FNDA:0,(anonymous_54)
FNDA:0,(anonymous_55)
FNDA:0,(anonymous_56)
FNDA:0,(anonymous_57)
FNDA:0,(anonymous_58)
FNDA:0,(anonymous_59)
FNDA:0,(anonymous_60)
FNDA:0,(anonymous_61)
FNDA:0,(anonymous_62)
FNDA:0,(anonymous_63)
FNDA:0,(anonymous_64)
FNDA:0,(anonymous_65)
FNDA:0,(anonymous_66)
FNDA:0,(anonymous_67)
FNDA:0,(anonymous_68)
FNDA:0,(anonymous_69)
FNDA:0,(anonymous_70)
FNDA:0,(anonymous_71)
FNDA:0,(anonymous_72)
FNDA:0,(anonymous_73)
FNDA:0,(anonymous_74)
FNDA:0,(anonymous_75)
FNDA:0,(anonymous_76)
FNDA:0,(anonymous_77)
FNDA:0,(anonymous_78)
FNDA:0,(anonymous_79)
FNDA:0,(anonymous_80)
FNDA:0,(anonymous_81)
FNDA:0,(anonymous_82)
FNDA:0,(anonymous_83)
FNDA:0,(anonymous_84)
FNDA:0,(anonymous_85)
FNDA:0,(anonymous_86)
FNDA:0,(anonymous_87)
FNDA:0,(anonymous_88)
FNDA:0,(anonymous_89)
FNDA:0,(anonymous_90)
FNDA:0,(anonymous_91)
FNDA:0,(anonymous_92)
FNDA:0,(anonymous_93)
FNDA:0,(anonymous_94)
FNDA:0,(anonymous_95)
FNDA:0,(anonymous_96)
FNDA:0,(anonymous_97)
FNDA:0,(anonymous_98)
FNDA:0,(anonymous_99)
FNDA:0,(anonymous_100)
FNDA:0,(anonymous_101)
FNDA:0,(anonymous_102)
FNDA:0,(anonymous_103)
FNDA:0,(anonymous_104)
FNDA:0,(anonymous_105)
FNDA:0,(anonymous_106)
FNDA:0,(anonymous_107)
FNDA:0,(anonymous_108)
FNDA:0,(anonymous_109)
FNDA:0,(anonymous_110)
FNDA:0,(anonymous_111)
FNDA:0,(anonymous_112)
FNDA:0,(anonymous_113)
FNDA:0,(anonymous_114)
FNDA:0,(anonymous_115)
FNDA:0,(anonymous_116)
FNDA:0,(anonymous_117)
FNDA:0,(anonymous_118)
FNDA:0,(anonymous_119)
FNDA:0,(anonymous_120)
FNDA:0,(anonymous_121)
FNDA:0,(anonymous_122)
FNDA:0,(anonymous_123)
FNDA:0,(anonymous_124)
FNDA:0,(anonymous_125)
FNDA:0,(anonymous_126)
FNDA:0,(anonymous_127)
FNDA:0,(anonymous_128)
FNDA:0,(anonymous_129)
FNDA:0,(anonymous_130)
FNDA:0,(anonymous_131)
FNDA:0,(anonymous_132)
FNDA:0,(anonymous_133)
FNDA:0,(anonymous_134)
FNDA:0,(anonymous_135)
FNDA:0,(anonymous_136)
FNDA:0,(anonymous_137)
FNDA:0,(anonymous_138)
FNDA:0,(anonymous_139)
FNDA:0,(anonymous_140)
FNDA:0,(anonymous_141)
FNDA:0,(anonymous_142)
FNDA:0,(anonymous_143)
FNDA:0,(anonymous_144)
FNDA:0,(anonymous_145)
FNDA:0,(anonymous_146)
FNDA:0,(anonymous_147)
FNDA:0,(anonymous_148)
FNDA:0,(anonymous_149)
FNDA:0,(anonymous_150)
FNDA:0,(anonymous_151)
FNDA:0,(anonymous_152)
FNDA:0,(anonymous_153)
FNDA:0,(anonymous_154)
FNDA:0,(anonymous_155)
FNDA:0,(anonymous_156)
FNDA:0,(anonymous_157)
FNDA:0,(anonymous_158)
FNDA:0,(anonymous_159)
FNDA:0,(anonymous_160)
FNDA:0,(anonymous_161)
FNDA:0,(anonymous_162)
FNDA:0,(anonymous_163)
FNDA:0,(anonymous_164)
FNDA:0,(anonymous_165)
FNDA:0,(anonymous_166)
FNDA:0,(anonymous_167)
FNDA:0,(anonymous_168)
FNDA:0,(anonymous_169)
FNDA:0,(anonymous_170)
FNDA:0,(anonymous_171)
FNDA:0,(anonymous_172)
FNDA:0,(anonymous_173)
FNDA:0,(anonymous_174)
FNDA:0,(anonymous_175)
FNDA:0,(anonymous_176)
FNDA:0,(anonymous_177)
FNDA:0,(anonymous_178)
FNDA:0,(anonymous_179)
FNDA:0,(anonymous_180)
FNDA:0,(anonymous_181)
FNDA:0,(anonymous_182)
FNDA:0,(anonymous_183)
FNDA:0,(anonymous_184)
FNDA:0,(anonymous_185)
FNDA:0,(anonymous_186)
FNDA:0,(anonymous_187)
FNDA:0,(anonymous_188)
FNDA:0,(anonymous_189)
FNDA:0,(anonymous_190)
FNDA:0,(anonymous_191)
FNDA:0,(anonymous_192)
FNDA:0,(anonymous_193)
FNDA:0,(anonymous_194)
FNDA:0,(anonymous_195)
FNDA:0,(anonymous_196)
FNDA:0,(anonymous_197)
FNDA:0,(anonymous_198)
FNDA:0,(anonymous_199)
FNDA:0,(anonymous_200)
FNDA:0,(anonymous_201)
FNDA:0,(anonymous_202)
FNDA:0,(anonymous_203)
FNDA:0,(anonymous_204)
FNDA:0,(anonymous_205)
FNDA:0,(anonymous_206)
FNDA:0,(anonymous_207)
FNDA:0,(anonymous_208)
FNDA:0,(anonymous_209)
FNDA:0,(anonymous_210)
FNDA:0,(anonymous_211)
FNDA:0,(anonymous_212)
FNDA:0,(anonymous_213)
FNDA:0,(anonymous_214)
FNDA:0,(anonymous_215)
FNDA:0,(anonymous_216)
FNDA:0,(anonymous_217)
FNDA:0,(anonymous_218)
FNDA:0,(anonymous_219)
FNDA:0,(anonymous_220)
FNDA:0,(anonymous_221)
FNDA:0,(anonymous_222)
FNDA:0,(anonymous_223)
FNDA:0,(anonymous_224)
FNDA:0,(anonymous_225)
FNDA:0,(anonymous_226)
FNDA:0,(anonymous_227)
FNDA:0,(anonymous_228)
FNDA:0,(anonymous_229)
FNDA:0,(anonymous_230)
FNDA:0,(anonymous_231)
FNDA:0,(anonymous_232)
FNDA:0,(anonymous_233)
FNDA:0,(anonymous_234)
FNDA:0,(anonymous_235)
FNDA:0,(anonymous_236)
FNDA:0,(anonymous_237)
FNDA:0,(anonymous_238)
FNDA:0,(anonymous_239)
FNDA:0,(anonymous_240)
FNDA:0,(anonymous_241)
FNDA:0,(anonymous_242)
FNDA:0,(anonymous_243)
DA:1,0
DA:8,0
DA:9,0
DA:13,0
DA:14,0
DA:23,0
DA:29,0
DA:35,0
DA:40,0
DA:42,0
DA:43,0
DA:44,0
DA:47,0
DA:58,0
DA:59,0
DA:60,0
DA:61,0
DA:62,0
DA:66,0
DA:70,0
DA:71,0
DA:72,0
DA:73,0
DA:75,0
DA:76,0
DA:77,0
DA:78,0
DA:81,0
DA:82,0
DA:83,0
DA:84,0
DA:85,0
DA:86,0
DA:88,0
DA:91,0
DA:94,0
DA:95,0
DA:96,0
DA:97,0
DA:98,0
DA:99,0
DA:100,0
DA:102,0
DA:103,0
DA:106,0
DA:107,0
DA:110,0
DA:111,0
DA:117,0
DA:118,0
DA:119,0
DA:128,0
DA:129,0
DA:138,0
DA:139,0
DA:148,0
DA:149,0
DA:159,0
DA:160,0
DA:169,0
DA:170,0
DA:171,0
DA:172,0
DA:181,0
DA:182,0
DA:195,0
DA:196,0
DA:243,0
DA:247,0
DA:251,0
DA:255,0
DA:264,0
DA:276,0
DA:277,0
DA:291,0
DA:292,0
DA:293,0
DA:308,0
DA:309,0
DA:310,0
DA:312,0
DA:327,0
DA:328,0
DA:329,0
DA:331,0
DA:349,0
DA:350,0
DA:351,0
DA:368,0
DA:369,0
DA:370,0
DA:371,0
DA:372,0
DA:373,0
DA:376,0
DA:378,0
DA:379,0
DA:380,0
DA:381,0
DA:382,0
DA:383,0
DA:384,0
DA:385,0
DA:386,0
DA:389,0
DA:391,0
DA:392,0
DA:395,0
DA:397,0
DA:406,0
DA:407,0
DA:417,0
DA:418,0
DA:419,0
DA:421,0
DA:422,0
DA:423,0
DA:425,0
DA:433,0
DA:434,0
DA:435,0
DA:453,0
DA:454,0
DA:456,0
DA:471,0
DA:472,0
DA:474,0
DA:484,0
DA:485,0
DA:487,0
DA:497,0
DA:498,0
DA:500,0
DA:507,0
DA:508,0
DA:510,0
DA:518,0
DA:519,0
DA:521,0
DA:530,0
DA:531,0
DA:533,0
DA:542,0
DA:543,0
DA:545,0
DA:554,0
DA:555,0
DA:557,0
DA:574,0
DA:575,0
DA:577,0
DA:585,0
DA:586,0
DA:588,0
DA:592,0
DA:593,0
DA:594,0
DA:595,0
DA:598,0
DA:601,0
DA:602,0
DA:605,0
DA:608,0
DA:611,0
DA:614,0
DA:616,0
DA:621,0
DA:630,0
DA:634,0
DA:636,0
DA:637,0
DA:640,0
DA:641,0
DA:642,0
DA:643,0
DA:645,0
DA:646,0
DA:649,0
DA:651,0
DA:652,0
DA:654,0
DA:655,0
DA:658,0
DA:660,0
DA:661,0
DA:664,0
DA:667,0
DA:668,0
DA:669,0
DA:674,0
DA:675,0
DA:676,0
DA:677,0
DA:680,0
DA:681,0
DA:682,0
DA:690,0
DA:691,0
DA:692,0
DA:693,0
DA:695,0
DA:697,0
DA:698,0
DA:699,0
DA:700,0
DA:701,0
DA:704,0
DA:705,0
DA:706,0
DA:709,0
DA:710,0
DA:712,0
DA:714,0
DA:718,0
DA:719,0
DA:720,0
DA:721,0
DA:726,0
DA:727,0
DA:728,0
DA:730,0
DA:737,0
DA:738,0
DA:739,0
DA:742,0
DA:743,0
DA:744,0
DA:745,0
DA:747,0
DA:748,0
DA:754,0
DA:755,0
DA:761,0
DA:762,0
DA:769,0
DA:770,0
DA:773,0
DA:774,0
DA:777,0
DA:778,0
DA:780,0
DA:781,0
DA:782,0
DA:784,0
DA:787,0
DA:789,0
DA:790,0
DA:791,0
DA:793,0
DA:796,0
DA:797,0
DA:798,0
DA:802,0
DA:804,0
DA:807,0
DA:808,0
DA:809,0
DA:811,0
DA:815,0
DA:816,0
DA:819,0
DA:820,0
DA:821,0
DA:823,0
DA:828,0
DA:829,0
DA:835,0
DA:836,0
DA:837,0
DA:838,0
DA:840,0
DA:841,0
DA:844,0
DA:847,0
DA:848,0
DA:855,0
DA:856,0
DA:857,0
DA:860,0
DA:861,0
DA:863,0
DA:864,0
DA:867,0
DA:868,0
DA:869,0
DA:872,0
DA:873,0
DA:874,0
DA:877,0
DA:878,0
DA:879,0
DA:880,0
DA:884,0
DA:885,0
DA:888,0
DA:889,0
DA:890,0
DA:893,0
DA:894,0
DA:895,0
DA:897,0
DA:898,0
DA:899,0
DA:900,0
DA:903,0
DA:905,0
DA:906,0
DA:909,0
DA:910,0
DA:913,0
DA:914,0
DA:917,0
DA:918,0
DA:921,0
DA:922,0
DA:925,0
DA:926,0
DA:929,0
DA:930,0
DA:933,0
DA:934,0
DA:938,0
DA:941,0
DA:942,0
DA:943,0
DA:944,0
DA:946,0
DA:948,0
DA:951,0
DA:952,0
DA:958,0
DA:962,0
DA:966,0
DA:970,0
DA:974,0
DA:978,0
DA:982,0
DA:993,0
DA:994,0
DA:995,0
DA:996,0
DA:999,0
DA:1000,0
DA:1001,0
DA:1003,0
DA:1005,0
DA:1011,0
DA:1012,0
DA:1013,0
DA:1014,0
DA:1015,0
DA:1018,0
DA:1019,0
DA:1020,0
DA:1021,0
DA:1022,0
DA:1023,0
DA:1027,0
DA:1028,0
DA:1031,0
DA:1032,0
DA:1033,0
DA:1040,0
DA:1041,0
DA:1042,0
DA:1043,0
DA:1046,0
DA:1049,0
DA:1050,0
DA:1053,0
DA:1054,0
DA:1058,0
DA:1059,0
DA:1063,0
DA:1067,0
DA:1068,0
DA:1075,0
DA:1078,0
DA:1079,0
DA:1080,0
DA:1081,0
DA:1082,0
DA:1084,0
DA:1087,0
DA:1088,0
DA:1089,0
DA:1090,0
DA:1091,0
DA:1092,0
DA:1103,0
DA:1115,0
DA:1116,0
DA:1117,0
DA:1118,0
DA:1119,0
DA:1120,0
DA:1124,0
DA:1125,0
DA:1129,0
DA:1130,0
DA:1133,0
DA:1134,0
DA:1135,0
DA:1136,0
DA:1137,0
DA:1141,0
DA:1142,0
DA:1143,0
DA:1144,0
DA:1146,0
DA:1147,0
DA:1150,0
DA:1152,0
DA:1153,0
DA:1154,0
DA:1155,0
DA:1156,0
DA:1157,0
DA:1160,0
DA:1161,0
DA:1162,0
DA:1163,0
DA:1164,0
DA:1165,0
DA:1168,0
DA:1171,0
DA:1178,0
DA:1179,0
DA:1190,0
DA:1191,0
DA:1199,0
DA:1200,0
DA:1208,0
DA:1209,0
DA:1217,0
DA:1218,0
DA:1227,0
DA:1228,0
DA:1236,0
DA:1237,0
DA:1243,0
DA:1244,0
DA:1250,0
DA:1251,0
DA:1257,0
DA:1258,0
DA:1264,0
DA:1265,0
DA:1272,0
DA:1273,0
DA:1280,0
DA:1281,0
DA:1282,0
DA:1285,0
DA:1286,0
DA:1289,0
DA:1290,0
DA:1296,0
DA:1300,0
DA:1307,0
DA:1308,0
DA:1309,0
DA:1312,0
DA:1313,0
DA:1316,0
DA:1317,0
DA:1323,0
DA:1332,0
DA:1333,0
DA:1334,0
DA:1335,0
DA:1337,0
DA:1338,0
DA:1340,0
DA:1345,0
DA:1352,0
DA:1356,0
DA:1359,0
DA:1360,0
DA:1361,0
DA:1362,0
DA:1365,0
DA:1366,0
DA:1372,0
DA:1380,0
DA:1381,0
DA:1390,0
DA:1391,0
DA:1394,0
DA:1395,0
DA:1398,0
DA:1399,0
DA:1409,0
DA:1410,0
DA:1411,0
DA:1413,0
DA:1414,0
DA:1415,0
DA:1416,0
DA:1424,0
DA:1425,0
DA:1426,0
DA:1427,0
DA:1428,0
DA:1430,0
DA:1431,0
DA:1433,0
DA:1435,0
DA:1436,0
DA:1439,0
DA:1441,0
DA:1442,0
DA:1443,0
DA:1445,0
DA:1449,0
DA:1452,0
DA:1453,0
DA:1456,0
DA:1457,0
DA:1458,0
DA:1461,0
DA:1462,0
DA:1465,0
DA:1466,0
DA:1469,0
DA:1470,0
DA:1473,0
DA:1476,0
DA:1477,0
DA:1483,0
DA:1484,0
DA:1486,0
DA:1488,0
DA:1489,0
DA:1492,0
DA:1493,0
DA:1501,0
DA:1502,0
DA:1503,0
DA:1504,0
DA:1505,0
DA:1506,0
DA:1507,0
DA:1508,0
DA:1520,0
DA:1524,0
DA:1528,0
DA:1532,0
DA:1536,0
DA:1540,0
DA:1548,0
DA:1549,0
DA:1550,0
DA:1551,0
DA:1558,0
DA:1559,0
DA:1565,0
DA:1566,0
DA:1573,0
DA:1574,0
DA:1575,0
DA:1576,0
DA:1578,0
DA:1579,0
DA:1580,0
DA:1582,0
DA:1586,0
DA:1592,0
DA:1593,0
DA:1598,0
DA:1599,0
DA:1607,0
DA:1608,0
DA:1609,0
DA:1612,0
DA:1613,0
DA:1614,0
DA:1615,0
DA:1616,0
DA:1617,0
DA:1618,0
DA:1619,0
DA:1620,0
DA:1621,0
DA:1622,0
DA:1623,0
DA:1624,0
DA:1625,0
DA:1626,0
DA:1627,0
DA:1628,0
DA:1629,0
DA:1630,0
DA:1631,0
DA:1632,0
DA:1633,0
DA:1634,0
DA:1635,0
DA:1636,0
DA:1637,0
DA:1638,0
DA:1639,0
DA:1641,0
DA:1643,0
DA:1645,0
DA:1648,0
DA:1652,0
DA:1653,0
DA:1654,0
DA:1655,0
DA:1660,0
DA:1661,0
DA:1662,0
DA:1663,0
DA:1665,0
DA:1666,0
DA:1668,0
DA:1670,0
DA:1672,0
DA:1673,0
DA:1676,0
DA:1677,0
DA:1680,0
DA:1681,0
DA:1682,0
DA:1683,0
DA:1684,0
DA:1686,0
DA:1688,0
DA:1691,0
DA:1692,0
DA:1693,0
DA:1694,0
DA:1696,0
DA:1697,0
DA:1698,0
DA:1700,0
DA:1703,0
DA:1704,0
DA:1705,0
DA:1706,0
DA:1708,0
DA:1712,0
DA:1715,0
DA:1716,0
DA:1718,0
DA:1719,0
DA:1720,0
DA:1721,0
DA:1722,0
DA:1723,0
DA:1724,0
DA:1727,0
DA:1728,0
DA:1731,0
DA:1732,0
DA:1735,0
DA:1736,0
DA:1737,0
DA:1740,0
DA:1741,0
DA:1742,0
DA:1743,0
DA:1746,0
DA:1747,0
DA:1750,0
DA:1752,0
DA:1753,0
DA:1754,0
DA:1756,0
DA:1757,0
DA:1759,0
DA:1760,0
DA:1761,0
DA:1763,0
DA:1764,0
DA:1765,0
DA:1766,0
DA:1769,0
DA:1770,0
DA:1773,0
DA:1774,0
DA:1776,0
DA:1777,0
DA:1778,0
DA:1779,0
DA:1780,0
DA:1783,0
DA:1784,0
DA:1786,0
DA:1790,0
DA:1792,0
DA:1793,0
DA:1794,0
DA:1798,0
DA:1799,0
DA:1800,0
DA:1806,0
DA:1807,0
DA:1808,0
DA:1809,0
DA:1810,0
DA:1813,0
DA:1823,0
DA:1824,0
DA:1825,0
DA:1826,0
DA:1827,0
DA:1828,0
DA:1829,0
DA:1832,0
DA:1833,0
DA:1834,0
DA:1835,0
DA:1837,0
DA:1838,0
DA:1842,0
DA:1843,0
DA:1844,0
DA:1847,0
DA:1848,0
DA:1849,0
DA:1853,0
DA:1854,0
DA:1857,0
DA:1858,0
DA:1861,0
DA:1862,0
DA:1863,0
DA:1865,0
DA:1868,0
DA:1869,0
DA:1870,0
DA:1871,0
DA:1872,0
DA:1874,0
DA:1877,0
DA:1878,0
DA:1881,0
DA:1882,0
DA:1883,0
DA:1884,0
DA:1885,0
DA:1888,0
DA:1891,0
DA:1892,0
DA:1902,0
DA:1903,0
DA:1904,0
DA:1906,0
DA:1907,0
DA:1909,0
DA:1910,0
DA:1911,0
DA:1912,0
DA:1913,0
DA:1914,0
DA:1916,0
DA:1917,0
DA:1919,0
DA:1920,0
DA:1921,0
DA:1924,0
DA:1925,0
DA:1929,0
DA:1930,0
DA:1938,0
DA:1939,0
DA:1942,0
DA:1943,0
DA:1944,0
DA:1945,0
DA:1948,0
DA:1949,0
DA:1950,0
DA:1952,0
DA:1959,0
DA:1960,0
DA:1963,0
DA:1964,0
DA:1965,0
DA:1966,0
DA:1975,0
DA:1976,0
DA:1977,0
DA:1978,0
DA:1988,0
DA:1989,0
DA:1990,0
DA:1991,0
DA:1993,0
DA:1994,0
DA:1995,0
DA:1997,0
DA:1998,0
DA:2000,0
DA:2001,0
DA:2003,0
DA:2004,0
DA:2008,0
DA:2009,0
DA:2010,0
DA:2013,0
DA:2014,0
DA:2019,0
DA:2022,0
DA:2023,0
DA:2026,0
DA:2027,0
DA:2028,0
DA:2029,0
DA:2031,0
DA:2032,0
DA:2033,0
DA:2036,0
DA:2037,0
DA:2040,0
DA:2041,0
DA:2042,0
DA:2043,0
DA:2044,0
DA:2048,0
DA:2049,0
DA:2050,0
DA:2052,0
DA:2056,0
DA:2057,0
DA:2058,0
DA:2059,0
DA:2060,0
DA:2061,0
DA:2064,0
DA:2066,0
DA:2068,0
DA:2070,0
DA:2071,0
DA:2075,0
DA:2076,0
DA:2077,0
DA:2079,0
DA:2080,0
DA:2081,0
DA:2084,0
DA:2085,0
DA:2087,0
DA:2088,0
DA:2090,0
DA:2091,0
DA:2092,0
DA:2095,0
DA:2096,0
DA:2100,0
DA:2101,0
DA:2104,0
DA:2105,0
DA:2106,0
DA:2109,0
DA:2110,0
DA:2113,0
DA:2114,0
DA:2117,0
DA:2119,0
DA:2120,0
DA:2121,0
DA:2122,0
DA:2124,0
DA:2126,0
DA:2129,0
DA:2130,0
DA:2131,0
DA:2132,0
DA:2134,0
DA:2146,0
DA:2147,0
DA:2148,0
DA:2149,0
DA:2150,0
DA:2151,0
DA:2152,0
DA:2153,0
DA:2154,0
DA:2155,0
DA:2156,0
DA:2157,0
DA:2160,0
DA:2161,0
DA:2162,0
DA:2163,0
DA:2165,0
DA:2168,0
DA:2169,0
DA:2170,0
DA:2171,0
DA:2172,0
DA:2176,0
DA:2177,0
DA:2178,0
DA:2181,0
DA:2182,0
DA:2183,0
DA:2186,0
DA:2187,0
DA:2190,0
DA:2191,0
DA:2192,0
DA:2193,0
DA:2194,0
DA:2196,0
DA:2198,0
DA:2201,0
DA:2202,0
DA:2205,0
DA:2206,0
DA:2209,0
DA:2210,0
DA:2213,0
DA:2214,0
DA:2215,0
DA:2216,0
DA:2219,0
DA:2220,0
DA:2221,0
DA:2224,0
DA:2226,0
DA:2227,0
DA:2228,0
DA:2230,0
DA:2231,0
DA:2245,0
DA:2246,0
DA:2247,0
DA:2248,0
DA:2249,0
DA:2250,0
DA:2252,0
DA:2254,0
DA:2256,0
DA:2257,0
DA:2258,0
DA:2260,0
DA:2261,0
DA:2262,0
DA:2264,0
DA:2265,0
DA:2266,0
DA:2269,0
DA:2270,0
DA:2271,0
DA:2272,0
DA:2273,0
DA:2278,0
DA:2279,0
DA:2281,0
DA:2282,0
DA:2283,0
DA:2284,0
DA:2291,0
DA:2292,0
DA:2294,0
DA:2295,0
DA:2296,0
DA:2297,0
DA:2298,0
DA:2301,0
DA:2302,0
DA:2303,0
DA:2304,0
DA:2307,0
DA:2308,0
DA:2311,0
DA:2312,0
DA:2317,0
DA:2318,0
DA:2319,0
DA:2320,0
DA:2323,0
DA:2324,0
DA:2325,0
DA:2326,0
DA:2327,0
DA:2330,0
DA:2331,0
DA:2332,0
DA:2333,0
DA:2334,0
DA:2335,0
DA:2338,0
DA:2339,0
DA:2343,0
DA:2344,0
DA:2345,0
DA:2347,0
DA:2348,0
DA:2349,0
DA:2350,0
DA:2351,0
DA:2352,0
DA:2353,0
DA:2361,0
DA:2365,0
DA:2366,0
DA:2378,0
DA:2382,0
DA:2383,0
DA:2387,0
DA:2388,0
DA:2392,0
DA:2396,0
DA:2400,0
DA:2401,0
DA:2402,0
DA:2404,0
DA:2409,0
DA:2413,0
DA:2414,0
DA:2425,0
DA:2426,0
DA:2431,0
DA:2436,0
DA:2439,0
DA:2440,0
DA:2441,0
DA:2443,0
DA:2447,0
DA:2448,0
DA:2449,0
DA:2451,0
DA:2455,0
DA:2456,0
DA:2457,0
DA:2459,0
DA:2463,0
DA:2464,0
DA:2465,0
DA:2467,0
DA:2471,0
LF:1036
LH:0
BRDA:9,1,0,0
BRDA:9,1,1,0
BRDA:60,2,0,0
BRDA:60,2,1,0
BRDA:84,3,0,0
BRDA:84,3,1,0
BRDA:85,4,0,0
BRDA:85,4,1,0
BRDA:100,5,0,0
BRDA:100,5,1,0
BRDA:102,6,0,0
BRDA:102,6,1,0
BRDA:103,7,0,0
BRDA:103,7,1,0
BRDA:118,8,0,0
BRDA:118,8,1,0
BRDA:247,9,0,0
BRDA:247,9,1,0
BRDA:407,10,0,0
BRDA:407,10,1,0
BRDA:418,11,0,0
BRDA:418,11,1,0
BRDA:418,12,0,0
BRDA:418,12,1,0
BRDA:456,13,0,0
BRDA:456,13,1,0
BRDA:474,14,0,0
BRDA:474,14,1,0
BRDA:487,15,0,0
BRDA:487,15,1,0
BRDA:500,16,0,0
BRDA:500,16,1,0
BRDA:510,17,0,0
BRDA:510,17,1,0
BRDA:521,18,0,0
BRDA:521,18,1,0
BRDA:533,19,0,0
BRDA:533,19,1,0
BRDA:545,20,0,0
BRDA:545,20,1,0
BRDA:557,21,0,0
BRDA:557,21,1,0
BRDA:577,22,0,0
BRDA:577,22,1,0
BRDA:588,23,0,0
BRDA:588,23,1,0
BRDA:592,24,0,0
BRDA:592,24,1,0
BRDA:601,25,0,0
BRDA:601,25,1,0
BRDA:601,25,2,0
BRDA:601,25,3,0
BRDA:614,26,0,0
BRDA:614,26,1,0
BRDA:642,27,0,0
BRDA:642,27,1,0
BRDA:645,28,0,0
BRDA:645,28,1,0
BRDA:651,29,0,0
BRDA:651,29,1,0
BRDA:654,30,0,0
BRDA:654,30,1,0
BRDA:658,31,0,0
BRDA:658,31,1,0
BRDA:658,32,0,0
BRDA:658,32,1,0
BRDA:660,33,0,0
BRDA:660,33,1,0
BRDA:660,34,0,0
BRDA:660,34,1,0
BRDA:668,35,0,0
BRDA:668,35,1,0
BRDA:727,36,0,0
BRDA:727,36,1,0
BRDA:738,37,0,0
BRDA:738,37,1,0
BRDA:744,38,0,0
BRDA:744,38,1,0
BRDA:781,39,0,0
BRDA:781,39,1,0
BRDA:796,40,0,0
BRDA:796,40,1,0
BRDA:808,41,0,0
BRDA:808,41,1,0
BRDA:820,42,0,0
BRDA:820,42,1,0
BRDA:840,43,0,0
BRDA:840,43,1,0
BRDA:856,44,0,0
BRDA:856,44,1,0
BRDA:856,45,0,0
BRDA:856,45,1,0
BRDA:864,46,0,0
BRDA:864,46,1,0
BRDA:868,47,0,0
BRDA:868,47,1,0
BRDA:868,48,0,0
BRDA:868,48,1,0
BRDA:873,49,0,0
BRDA:873,49,1,0
BRDA:873,50,0,0
BRDA:873,50,1,0
BRDA:878,51,0,0
BRDA:878,51,1,0
BRDA:879,52,0,0
BRDA:879,52,1,0
BRDA:880,53,0,0
BRDA:880,53,1,0
BRDA:880,54,0,0
BRDA:880,54,1,0
BRDA:884,55,0,0
BRDA:884,55,1,0
BRDA:884,56,0,0
BRDA:884,56,1,0
BRDA:884,56,2,0
BRDA:890,57,0,0
BRDA:890,57,1,0
BRDA:894,58,0,0
BRDA:894,58,1,0
BRDA:895,59,0,0
BRDA:895,59,1,0
BRDA:900,60,0,0
BRDA:900,60,1,0
BRDA:903,61,0,0
BRDA:903,61,1,0
BRDA:905,62,0,0
BRDA:905,62,1,0
BRDA:905,63,0,0
BRDA:905,63,1,0
BRDA:905,63,2,0
BRDA:905,63,3,0
BRDA:906,64,0,0
BRDA:906,64,1,0
BRDA:909,65,0,0
BRDA:909,65,1,0
BRDA:909,66,0,0
BRDA:909,66,1,0
BRDA:913,67,0,0
BRDA:913,67,1,0
BRDA:913,68,0,0
BRDA:913,68,1,0
BRDA:917,69,0,0
BRDA:917,69,1,0
BRDA:921,70,0,0
BRDA:921,70,1,0
BRDA:925,71,0,0
BRDA:925,71,1,0
BRDA:925,72,0,0
BRDA:925,72,1,0
BRDA:929,73,0,0
BRDA:929,73,1,0
BRDA:929,74,0,0
BRDA:929,74,1,0
BRDA:933,75,0,0
BRDA:933,75,1,0
BRDA:933,76,0,0
BRDA:933,76,1,0
BRDA:942,77,0,0
BRDA:942,77,1,0
BRDA:944,78,0,0
BRDA:944,78,1,0
BRDA:1036,79,0,0
BRDA:1036,79,1,0
BRDA:1040,80,0,0
BRDA:1040,80,1,0
BRDA:1070,81,0,0
BRDA:1070,81,1,0
BRDA:1093,82,0,0
BRDA:1093,82,1,0
BRDA:1094,83,0,0
BRDA:1094,83,1,0
BRDA:1098,84,0,0
BRDA:1098,84,1,0
BRDA:1098,85,0,0
BRDA:1098,85,1,0
BRDA:1119,86,0,0
BRDA:1119,86,1,0
BRDA:1135,87,0,0
BRDA:1135,87,1,0
BRDA:1146,88,0,0
BRDA:1146,88,1,0
BRDA:1150,89,0,0
BRDA:1150,89,1,0
BRDA:1153,90,0,0
BRDA:1153,90,1,0
BRDA:1154,91,0,0
BRDA:1154,91,1,0
BRDA:1156,92,0,0
BRDA:1156,92,1,0
BRDA:1157,93,0,0
BRDA:1157,93,1,0
BRDA:1161,94,0,0
BRDA:1161,94,1,0
BRDA:1162,95,0,0
BRDA:1162,95,1,0
BRDA:1164,96,0,0
BRDA:1164,96,1,0
BRDA:1174,97,0,0
BRDA:1174,97,1,0
BRDA:1281,98,0,0
BRDA:1281,98,1,0
BRDA:1285,99,0,0
BRDA:1285,99,1,0
BRDA:1308,100,0,0
BRDA:1308,100,1,0
BRDA:1312,101,0,0
BRDA:1312,101,1,0
BRDA:1334,102,0,0
BRDA:1334,102,1,0
BRDA:1338,103,0,0
BRDA:1338,103,1,0
BRDA:1361,104,0,0
BRDA:1361,104,1,0
BRDA:1410,105,0,0
BRDA:1410,105,1,0
BRDA:1411,106,0,0
BRDA:1411,106,1,0
BRDA:1427,107,0,0
BRDA:1427,107,1,0
BRDA:1435,108,0,0
BRDA:1435,108,1,0
BRDA:1436,109,0,0
BRDA:1436,109,1,0
BRDA:1436,110,0,0
BRDA:1436,110,1,0
BRDA:1436,111,0,0
BRDA:1436,111,1,0
BRDA:1439,112,0,0
BRDA:1439,112,1,0
BRDA:1442,113,0,0
BRDA:1442,113,1,0
BRDA:1442,114,0,0
BRDA:1442,114,1,0
BRDA:1442,114,2,0
BRDA:1442,115,0,0
BRDA:1442,115,1,0
BRDA:1442,116,0,0
BRDA:1442,116,1,0
BRDA:1443,117,0,0
BRDA:1443,117,1,0
BRDA:1443,118,0,0
BRDA:1443,118,1,0
BRDA:1443,119,0,0
BRDA:1443,119,1,0
BRDA:1457,120,0,0
BRDA:1457,120,1,0
BRDA:1458,121,0,0
BRDA:1458,121,1,0
BRDA:1461,122,0,0
BRDA:1461,122,1,0
BRDA:1462,123,0,0
BRDA:1462,123,1,0
BRDA:1465,124,0,0
BRDA:1465,124,1,0
BRDA:1466,125,0,0
BRDA:1466,125,1,0
BRDA:1469,126,0,0
BRDA:1469,126,1,0
BRDA:1507,127,0,0
BRDA:1507,127,1,0
BRDA:1574,128,0,0
BRDA:1574,128,1,0
BRDA:1575,129,0,0
BRDA:1575,129,1,0
BRDA:1579,130,0,0
BRDA:1579,130,1,0
BRDA:1608,131,0,0
BRDA:1608,131,1,0
BRDA:1614,132,0,0
BRDA:1614,132,1,0
BRDA:1616,133,0,0
BRDA:1616,133,1,0
BRDA:1618,134,0,0
BRDA:1618,134,1,0
BRDA:1620,135,0,0
BRDA:1620,135,1,0
BRDA:1622,136,0,0
BRDA:1622,136,1,0
BRDA:1624,137,0,0
BRDA:1624,137,1,0
BRDA:1626,138,0,0
BRDA:1626,138,1,0
BRDA:1628,139,0,0
BRDA:1628,139,1,0
BRDA:1630,140,0,0
BRDA:1630,140,1,0
BRDA:1632,141,0,0
BRDA:1632,141,1,0
BRDA:1634,142,0,0
BRDA:1634,142,1,0
BRDA:1635,143,0,0
BRDA:1635,143,1,0
BRDA:1636,144,0,0
BRDA:1636,144,1,0
BRDA:1636,145,0,0
BRDA:1636,145,1,0
BRDA:1638,146,0,0
BRDA:1638,146,1,0
BRDA:1654,147,0,0
BRDA:1654,147,1,0
BRDA:1655,148,0,0
BRDA:1655,148,1,0
BRDA:1655,149,0,0
BRDA:1655,149,1,0
BRDA:1683,150,0,0
BRDA:1683,150,1,0
BRDA:1697,151,0,0
BRDA:1697,151,1,0
BRDA:1705,152,0,0
BRDA:1705,152,1,0
BRDA:1759,153,0,0
BRDA:1759,153,1,0
BRDA:1759,154,0,0
BRDA:1759,154,1,0
BRDA:1764,155,0,0
BRDA:1764,155,1,0
BRDA:1764,156,0,0
BRDA:1764,156,1,0
BRDA:1769,157,0,0
BRDA:1769,157,1,0
BRDA:1777,158,0,0
BRDA:1777,158,1,0
BRDA:1777,159,0,0
BRDA:1777,159,1,0
BRDA:1783,160,0,0
BRDA:1783,160,1,0
BRDA:1783,161,0,0
BRDA:1783,161,1,0
BRDA:1793,162,0,0
BRDA:1793,162,1,0
BRDA:1799,163,0,0
BRDA:1799,163,1,0
BRDA:1809,164,0,0
BRDA:1809,164,1,0
BRDA:1834,165,0,0
BRDA:1834,165,1,0
BRDA:1862,166,0,0
BRDA:1862,166,1,0
BRDA:1884,167,0,0
BRDA:1884,167,1,0
BRDA:1903,168,0,0
BRDA:1903,168,1,0
BRDA:1906,169,0,0
BRDA:1906,169,1,0
BRDA:1910,170,0,0
BRDA:1910,170,1,0
BRDA:1949,171,0,0
BRDA:1949,171,1,0
BRDA:1995,172,0,0
BRDA:1995,172,1,0
BRDA:1995,172,2,0
BRDA:2016,173,0,0
BRDA:2016,173,1,0
BRDA:2023,174,0,0
BRDA:2023,174,1,0
BRDA:2043,175,0,0
BRDA:2043,175,1,0
BRDA:2049,176,0,0
BRDA:2049,176,1,0
BRDA:2058,177,0,0
BRDA:2058,177,1,0
BRDA:2105,178,0,0
BRDA:2105,178,1,0
BRDA:2109,179,0,0
BRDA:2109,179,1,0
BRDA:2109,180,0,0
BRDA:2109,180,1,0
BRDA:2113,181,0,0
BRDA:2113,181,1,0
BRDA:2113,182,0,0
BRDA:2113,182,1,0
BRDA:2113,182,2,0
BRDA:2148,183,0,0
BRDA:2148,183,1,0
BRDA:2171,184,0,0
BRDA:2171,184,1,0
BRDA:2192,185,0,0
BRDA:2192,185,1,0
BRDA:2227,186,0,0
BRDA:2227,186,1,0
BRDA:2246,187,0,0
BRDA:2246,187,1,0
BRDA:2257,188,0,0
BRDA:2257,188,1,0
BRDA:2258,189,0,0
BRDA:2258,189,1,0
BRDA:2269,190,0,0
BRDA:2269,190,1,0
BRDA:2271,191,0,0
BRDA:2271,191,1,0
BRDA:2272,192,0,0
BRDA:2272,192,1,0
BRDA:2335,193,0,0
BRDA:2335,193,1,0
BRDA:2335,194,0,0
BRDA:2335,194,1,0
BRDA:2335,194,2,0
BRDA:2343,195,0,0
BRDA:2343,195,1,0
BRDA:2352,196,0,0
BRDA:2352,196,1,0
BRDA:2400,197,0,0
BRDA:2400,197,1,0
BRDA:2425,198,0,0
BRDA:2425,198,1,0
BRDA:2440,199,0,0
BRDA:2440,199,1,0
BRDA:2448,200,0,0
BRDA:2448,200,1,0
BRDA:2456,201,0,0
BRDA:2456,201,1,0
BRDA:2464,202,0,0
BRDA:2464,202,1,0
BRF:413
BRH:0
end_of_record
TN:
SF:/Users/azaafouri/Workspace/Kata/kata-gilded-rose/js/lib/jasmine-ajax/mock-ajax.js
FN:37,mostRecentAjaxRequest
FN:45,clearAjaxRequests
FN:50,FakeXMLHttpRequest
FN:55,(anonymous_4)
FN:61,(anonymous_5)
FN:65,(anonymous_6)
FN:71,(anonymous_7)
FN:76,(anonymous_8)
FN:81,(anonymous_9)
FN:85,(anonymous_10)
FN:97,(anonymous_11)
FN:108,(anonymous_12)
FN:121,(anonymous_13)
FN:125,(anonymous_14)
FN:131,(anonymous_15)
FN:140,(anonymous_16)
FN:151,(anonymous_17)
FN:158,(anonymous_18)
FN:165,(anonymous_19)
FN:175,(anonymous_20)
FN:181,(anonymous_21)
FN:187,(anonymous_22)
FN:199,(anonymous_23)
FN:204,(anonymous_24)
FNF:24
FNH:0
FNDA:0,mostRecentAjaxRequest
FNDA:0,clearAjaxRequests
FNDA:0,FakeXMLHttpRequest
FNDA:0,(anonymous_4)
FNDA:0,(anonymous_5)
FNDA:0,(anonymous_6)
FNDA:0,(anonymous_7)
FNDA:0,(anonymous_8)
FNDA:0,(anonymous_9)
FNDA:0,(anonymous_10)
FNDA:0,(anonymous_11)
FNDA:0,(anonymous_12)
FNDA:0,(anonymous_13)
FNDA:0,(anonymous_14)
FNDA:0,(anonymous_15)
FNDA:0,(anonymous_16)
FNDA:0,(anonymous_17)
FNDA:0,(anonymous_18)
FNDA:0,(anonymous_19)
FNDA:0,(anonymous_20)
FNDA:0,(anonymous_21)
FNDA:0,(anonymous_22)
FNDA:0,(anonymous_23)
FNDA:0,(anonymous_24)
DA:35,0
DA:37,0
DA:38,0
DA:39,0
DA:41,0
DA:45,0
DA:46,0
DA:50,0
DA:51,0
DA:52,0
DA:56,0
DA:57,0
DA:58,0
DA:62,0
DA:66,0
DA:77,0
DA:78,0
DA:82,0
DA:86,0
DA:87,0
DA:88,0
DA:89,0
DA:92,0
DA:98,0
DA:99,0
DA:100,0
DA:101,0
DA:106,0
DA:109,0
DA:110,0
DA:111,0
DA:115,0
DA:119,0
DA:122,0
DA:126,0
DA:127,0
DA:132,0
DA:133,0
DA:134,0
DA:136,0
DA:141,0
DA:142,0
DA:143,0
DA:144,0
DA:146,0
DA:148,0
DA:152,0
DA:153,0
DA:154,0
DA:159,0
DA:160,0
DA:162,0
DA:166,0
DA:167,0
DA:168,0
DA:169,0
DA:170,0
DA:172,0
DA:176,0
DA:177,0
DA:178,0
DA:182,0
DA:183,0
DA:184,0
DA:188,0
DA:197,0
DA:198,0
DA:199,0
DA:200,0
DA:201,0
DA:204,0
DA:205,0
LF:72
LH:0
BRDA:38,1,0,0
BRDA:38,1,1,0
BRDA:51,2,0,0
BRDA:51,2,1,0
BRDA:88,3,0,0
BRDA:88,3,1,0
BRDA:99,4,0,0
BRDA:99,4,1,0
BRDA:101,5,0,0
BRDA:101,5,1,0
BRDA:102,6,0,0
BRDA:102,6,1,0
BRDA:110,7,0,0
BRDA:110,7,1,0
BRDA:126,8,0,0
BRDA:126,8,1,0
BRDA:132,9,0,0
BRDA:132,9,1,0
BRDA:141,10,0,0
BRDA:141,10,1,0
BRDA:143,11,0,0
BRDA:143,11,1,0
BRDA:167,12,0,0
BRDA:167,12,1,0
BRDA:169,13,0,0
BRDA:169,13,1,0
BRDA:197,14,0,0
BRDA:197,14,1,0
BRDA:197,15,0,0
BRDA:197,15,1,0
BRDA:197,15,2,0
BRF:31
BRH:0
end_of_record
TN:
SF:/Users/azaafouri/Workspace/Kata/kata-gilded-rose/js/lib/jasmine-jquery-1.3.1/jasmine-jquery-1.3.1.js
FN:1,(anonymous_1)
FN:5,(anonymous_2)
FN:9,(anonymous_3)
FN:13,(anonymous_4)
FN:17,(anonymous_5)
FN:21,(anonymous_6)
FN:25,(anonymous_7)
FN:29,(anonymous_8)
FN:35,(anonymous_9)
FN:40,(anonymous_10)
FN:44,(anonymous_11)
FN:49,(anonymous_12)
FN:60,(anonymous_13)
FN:64,(anonymous_14)
FN:68,(anonymous_15)
FN:73,(anonymous_16)
FN:84,(anonymous_17)
FN:91,(anonymous_18)
FN:99,(anonymous_19)
FN:102,(anonymous_20)
FN:108,(anonymous_21)
FN:113,(anonymous_22)
FN:115,(anonymous_23)
FN:119,(anonymous_24)
FN:125,(anonymous_25)
FN:132,(anonymous_26)
FN:133,(anonymous_27)
FN:140,(anonymous_28)
FN:144,(anonymous_29)
FN:151,(anonymous_30)
FN:153,(anonymous_31)
FN:157,(anonymous_32)
FN:161,(anonymous_33)
FN:165,(anonymous_34)
FN:169,(anonymous_35)
FN:173,(anonymous_36)
FN:177,(anonymous_37)
FN:181,(anonymous_38)
FN:185,(anonymous_39)
FN:189,(anonymous_40)
FN:193,(anonymous_41)
FN:201,(anonymous_42)
FN:205,(anonymous_43)
FN:209,(anonymous_44)
FN:213,(anonymous_45)
FN:217,(anonymous_46)
FN:222,(anonymous_47)
FN:228,(anonymous_48)
FN:240,(anonymous_49)
FN:247,(anonymous_50)
FN:250,(anonymous_51)
FN:270,(anonymous_52)
FN:273,(anonymous_53)
FN:274,(anonymous_54)
FN:285,(anonymous_55)
FNF:55
FNH:0
FNDA:0,(anonymous_1)
FNDA:0,(anonymous_2)
FNDA:0,(anonymous_3)
FNDA:0,(anonymous_4)
FNDA:0,(anonymous_5)
FNDA:0,(anonymous_6)
FNDA:0,(anonymous_7)
FNDA:0,(anonymous_8)
FNDA:0,(anonymous_9)
FNDA:0,(anonymous_10)
FNDA:0,(anonymous_11)
FNDA:0,(anonymous_12)
FNDA:0,(anonymous_13)
FNDA:0,(anonymous_14)
FNDA:0,(anonymous_15)
FNDA:0,(anonymous_16)
FNDA:0,(anonymous_17)
FNDA:0,(anonymous_18)
FNDA:0,(anonymous_19)
FNDA:0,(anonymous_20)
FNDA:0,(anonymous_21)
FNDA:0,(anonymous_22)
FNDA:0,(anonymous_23)
FNDA:0,(anonymous_24)
FNDA:0,(anonymous_25)
FNDA:0,(anonymous_26)
FNDA:0,(anonymous_27)
FNDA:0,(anonymous_28)
FNDA:0,(anonymous_29)
FNDA:0,(anonymous_30)
FNDA:0,(anonymous_31)
FNDA:0,(anonymous_32)
FNDA:0,(anonymous_33)
FNDA:0,(anonymous_34)
FNDA:0,(anonymous_35)
FNDA:0,(anonymous_36)
FNDA:0,(anonymous_37)
FNDA:0,(anonymous_38)
FNDA:0,(anonymous_39)
FNDA:0,(anonymous_40)
FNDA:0,(anonymous_41)
FNDA:0,(anonymous_42)
FNDA:0,(anonymous_43)
FNDA:0,(anonymous_44)
FNDA:0,(anonymous_45)
FNDA:0,(anonymous_46)
FNDA:0,(anonymous_47)
FNDA:0,(anonymous_48)
FNDA:0,(anonymous_49)
FNDA:0,(anonymous_50)
FNDA:0,(anonymous_51)
FNDA:0,(anonymous_52)
FNDA:0,(anonymous_53)
FNDA:0,(anonymous_54)
FNDA:0,(anonymous_55)
DA:1,0
DA:2,0
DA:5,0
DA:6,0
DA:9,0
DA:10,0
DA:13,0
DA:14,0
DA:17,0
DA:18,0
DA:21,0
DA:22,0
DA:25,0
DA:26,0
DA:29,0
DA:30,0
DA:31,0
DA:32,0
DA:35,0
DA:36,0
DA:37,0
DA:40,0
DA:41,0
DA:44,0
DA:45,0
DA:46,0
DA:49,0
DA:50,0
DA:52,0
DA:53,0
DA:54,0
DA:57,0
DA:60,0
DA:61,0
DA:64,0
DA:65,0
DA:68,0
DA:69,0
DA:70,0
DA:73,0
DA:74,0
DA:75,0
DA:76,0
DA:77,0
DA:79,0
DA:81,0
DA:84,0
DA:85,0
DA:86,0
DA:88,0
DA:91,0
DA:92,0
DA:93,0
DA:94,0
DA:100,0
DA:103,0
DA:108,0
DA:109,0
DA:113,0
DA:115,0
DA:116,0
DA:119,0
DA:120,0
DA:123,0
DA:125,0
DA:126,0
DA:131,0
DA:133,0
DA:134,0
DA:136,0
DA:137,0
DA:141,0
DA:145,0
DA:146,0
DA:151,0
DA:152,0
DA:154,0
DA:158,0
DA:162,0
DA:166,0
DA:170,0
DA:174,0
DA:178,0
DA:182,0
DA:186,0
DA:190,0
DA:194,0
DA:195,0
DA:197,0
DA:202,0
DA:206,0
DA:210,0
DA:214,0
DA:218,0
DA:223,0
DA:224,0
DA:229,0
DA:230,0
DA:231,0
DA:232,0
DA:233,0
DA:236,0
DA:240,0
DA:241,0
DA:242,0
DA:244,0
DA:247,0
DA:248,0
DA:250,0
DA:251,0
DA:252,0
DA:253,0
DA:254,0
DA:257,0
DA:258,0
DA:261,0
DA:265,0
DA:266,0
DA:270,0
DA:271,0
DA:272,0
DA:274,0
DA:275,0
DA:280,0
DA:285,0
DA:286,0
DA:287,0
LF:127
LH:0
BRDA:26,1,0,0
BRDA:26,1,1,0
BRDA:69,2,0,0
BRDA:69,2,1,0
BRDA:75,3,0,0
BRDA:75,3,1,0
BRDA:85,4,0,0
BRDA:85,4,1,0
BRDA:93,5,0,0
BRDA:93,5,1,0
BRDA:194,6,0,0
BRDA:194,6,1,0
BRDA:194,7,0,0
BRDA:194,7,1,0
BRDA:224,8,0,0
BRDA:224,8,1,0
BRDA:232,9,0,0
BRDA:232,9,1,0
BRDA:241,10,0,0
BRDA:241,10,1,0
BRDA:251,11,0,0
BRDA:251,11,1,0
BRDA:257,12,0,0
BRDA:257,12,1,0
BRF:24
BRH:0
end_of_record
TN:
SF:/Users/azaafouri/Workspace/Kata/kata-gilded-rose/js/lib/jquery-1.7.1/jquery-1.7.1.js
FN:16,(anonymous_1)
FN:22,(anonymous_2)
FN:25,(anonymous_3)
FN:70,(anonymous_4)
FN:99,(anonymous_5)
FN:219,(anonymous_6)
FN:223,(anonymous_7)
FN:229,(anonymous_8)
FN:241,(anonymous_9)
FN:270,(anonymous_10)
FN:274,(anonymous_11)
FN:284,(anonymous_12)
FN:291,(anonymous_13)
FN:295,(anonymous_14)
FN:299,(anonymous_15)
FN:304,(anonymous_16)
FN:305,(anonymous_17)
FN:310,(anonymous_18)
FN:324,(anonymous_19)
FN:389,(anonymous_20)
FN:409,(anonymous_21)
FN:418,(anonymous_22)
FN:444,(anonymous_23)
FN:492,(anonymous_24)
FN:496,(anonymous_25)
FN:501,(anonymous_26)
FN:505,(anonymous_27)
FN:509,(anonymous_28)
FN:515,(anonymous_29)
FN:544,(anonymous_30)
FN:551,(anonymous_31)
FN:555,(anonymous_32)
FN:581,(anonymous_33)
FN:601,(anonymous_34)
FN:606,(anonymous_35)
FN:611,(anonymous_36)
FN:619,(anonymous_37)
FN:623,(anonymous_38)
FN:628,(anonymous_39)
FN:670,(anonymous_40)
FN:677,(anonymous_41)
FN:684,(anonymous_42)
FN:702,(anonymous_43)
FN:724,(anonymous_44)
FN:744,(anonymous_45)
FN:761,(anonymous_46)
FN:798,(anonymous_47)
FN:813,(anonymous_48)
FN:825,(anonymous_49)
FN:852,(anonymous_50)
FN:858,(anonymous_51)
FN:870,(anonymous_52)
FN:871,jQuerySub
FN:879,init
FN:895,(anonymous_55)
FN:921,(anonymous_56)
FN:927,(anonymous_57)
FN:937,doScrollCheck
FN:964,createFlags
FN:996,(anonymous_60)
FN:1017,(anonymous_61)
FN:1038,(anonymous_62)
FN:1068,(anonymous_63)
FN:1087,(anonymous_64)
FN:1118,(anonymous_65)
FN:1131,(anonymous_66)
FN:1136,(anonymous_67)
FN:1141,(anonymous_68)
FN:1145,(anonymous_69)
FN:1153,(anonymous_70)
FN:1157,(anonymous_71)
FN:1170,(anonymous_72)
FN:1175,(anonymous_73)
FN:1191,(anonymous_74)
FN:1206,(anonymous_75)
FN:1214,(anonymous_76)
FN:1218,(anonymous_77)
FN:1222,(anonymous_78)
FN:1223,(anonymous_79)
FN:1228,(anonymous_80)
FN:1233,(anonymous_81)
FN:1249,(anonymous_82)
FN:1269,(anonymous_83)
FN:1271,(anonymous_84)
FN:1285,(anonymous_85)
FN:1296,resolveFunc
FN:1297,(anonymous_87)
FN:1304,progressFunc
FN:1305,(anonymous_89)
FN:1331,(anonymous_90)
FN:1443,(anonymous_91)
FN:1518,(anonymous_92)
FN:1642,(anonymous_93)
FN:1647,(anonymous_94)
FN:1748,(anonymous_95)
FN:1846,(anonymous_96)
FN:1851,(anonymous_97)
FN:1865,(anonymous_98)
FN:1891,(anonymous_99)
FN:1913,(anonymous_100)
FN:1924,(anonymous_101)
FN:1925,(anonymous_102)
FN:1931,dataAttr
FN:1962,isEmptyDataObject
FN:1980,handleQueueMarkDefer
FN:1990,(anonymous_106)
FN:2002,(anonymous_107)
FN:2009,(anonymous_108)
FN:2028,(anonymous_109)
FN:2046,(anonymous_110)
FN:2066,(anonymous_111)
FN:2079,(anonymous_112)
FN:2088,(anonymous_113)
FN:2096,(anonymous_114)
FN:2097,(anonymous_115)
FN:2103,(anonymous_116)
FN:2107,(anonymous_117)
FN:2109,(anonymous_118)
FN:2114,(anonymous_119)
FN:2119,(anonymous_120)
FN:2133,resolve
FN:2166,(anonymous_122)
FN:2170,(anonymous_123)
FN:2171,(anonymous_124)
FN:2176,(anonymous_125)
FN:2180,(anonymous_126)
FN:2182,(anonymous_127)
FN:2191,(anonymous_128)
FN:2196,(anonymous_129)
FN:2228,(anonymous_130)
FN:2232,(anonymous_131)
FN:2261,(anonymous_132)
FN:2266,(anonymous_133)
FN:2271,(anonymous_134)
FN:2298,(anonymous_135)
FN:2311,(anonymous_136)
FN:2337,(anonymous_137)
FN:2356,(anonymous_138)
FN:2374,(anonymous_139)
FN:2382,(anonymous_140)
FN:2425,(anonymous_141)
FN:2428,(anonymous_142)
FN:2451,(anonymous_143)
FN:2506,(anonymous_144)
FN:2535,(anonymous_145)
FN:2555,(anonymous_146)
FN:2563,(anonymous_147)
FN:2588,(anonymous_148)
FN:2625,(anonymous_149)
FN:2645,(anonymous_150)
FN:2654,(anonymous_151)
FN:2685,(anonymous_152)
FN:2692,(anonymous_153)
FN:2708,(anonymous_154)
FN:2710,(anonymous_155)
FN:2723,(anonymous_156)
FN:2735,(anonymous_157)
FN:2737,(anonymous_158)
FN:2747,(anonymous_159)
FN:2752,(anonymous_160)
FN:2762,(anonymous_161)
FN:2785,(anonymous_162)
FN:2787,(anonymous_163)
FN:2794,(anonymous_164)
FN:2796,(anonymous_165)
FN:2814,(anonymous_166)
FN:2824,(anonymous_167)
FN:2832,(anonymous_168)
FN:2842,(anonymous_169)
FN:2871,(anonymous_170)
FN:2956,(anonymous_171)
FN:3038,(anonymous_172)
FN:3188,(anonymous_173)
FN:3280,(anonymous_174)
FN:3293,(anonymous_175)
FN:3323,(anonymous_176)
FN:3378,(anonymous_177)
FN:3385,(anonymous_178)
FN:3393,(anonymous_179)
FN:3421,(anonymous_180)
FN:3426,(anonymous_181)
FN:3432,(anonymous_182)
FN:3465,returnFalse
FN:3468,returnTrue
FN:3475,(anonymous_185)
FN:3492,(anonymous_186)
FN:3506,(anonymous_187)
FN:3519,(anonymous_188)
FN:3524,(anonymous_189)
FN:3547,(anonymous_190)
FN:3554,(anonymous_191)
FN:3559,(anonymous_192)
FN:3571,(anonymous_193)
FN:3588,(anonymous_194)
FN:3595,(anonymous_195)
FN:3600,(anonymous_196)
FN:3610,(anonymous_197)
FN:3614,(anonymous_198)
FN:3624,(anonymous_199)
FN:3633,(anonymous_200)
FN:3643,(anonymous_201)
FN:3647,(anonymous_202)
FN:3652,(anonymous_203)
FN:3657,(anonymous_204)
FN:3668,(anonymous_205)
FN:3709,(anonymous_206)
FN:3717,(anonymous_207)
FN:3721,(anonymous_208)
FN:3724,(anonymous_209)
FN:3750,(anonymous_210)
FN:3755,(anonymous_211)
FN:3758,(anonymous_212)
FN:3762,(anonymous_213)
FN:3766,(anonymous_214)
FN:3771,(anonymous_215)
FN:3774,(anonymous_216)
FN:3779,(anonymous_217)
FN:3780,(anonymous_218)
FN:3784,(anonymous_219)
FN:3790,(anonymous_220)
FN:3795,(anonymous_221)
FN:3816,(anonymous_222)
FN:3823,(anonymous_223)
FN:3826,(anonymous_224)
FN:3858,(anonymous_225)
FN:3874,(anonymous_226)
FN:3879,(anonymous_227)
FN:4026,(anonymous_228)
FN:4043,(anonymous_229)
FN:4047,(anonymous_230)
FN:4051,(anonymous_231)
FN:4086,(anonymous_232)
FN:4178,(anonymous_233)
FN:4186,(anonymous_234)
FN:4243,(anonymous_235)
FN:4246,(anonymous_236)
FN:4252,(anonymous_237)
FN:4276,(anonymous_238)
FN:4311,(anonymous_239)
FN:4325,(anonymous_240)
FN:4341,(anonymous_241)
FN:4350,(anonymous_242)
FN:4365,(anonymous_243)
FN:4372,(anonymous_244)
FN:4395,(anonymous_245)
FN:4399,(anonymous_246)
FN:4403,(anonymous_247)
FN:4430,(anonymous_248)
FN:4447,(anonymous_249)
FN:4470,(anonymous_250)
FN:4478,(anonymous_251)
FN:4482,(anonymous_252)
FN:4486,(anonymous_253)
FN:4490,(anonymous_254)
FN:4500,(anonymous_255)
FN:4504,(anonymous_256)
FN:4508,(anonymous_257)
FN:4512,(anonymous_258)
FN:4516,(anonymous_259)
FN:4523,(anonymous_260)
FN:4527,(anonymous_261)
FN:4531,(anonymous_262)
FN:4535,(anonymous_263)
FN:4539,(anonymous_264)
FN:4544,(anonymous_265)
FN:4548,(anonymous_266)
FN:4553,(anonymous_267)
FN:4558,(anonymous_268)
FN:4562,(anonymous_269)
FN:4567,(anonymous_270)
FN:4571,(anonymous_271)
FN:4575,(anonymous_272)
FN:4579,(anonymous_273)
FN:4583,(anonymous_274)
FN:4587,(anonymous_275)
FN:4591,(anonymous_276)
FN:4595,(anonymous_277)
FN:4600,(anonymous_278)
FN:4626,(anonymous_279)
FN:4691,(anonymous_280)
FN:4695,(anonymous_281)
FN:4699,(anonymous_282)
FN:4704,(anonymous_283)
FN:4740,(anonymous_284)
FN:4752,(anonymous_285)
FN:4761,(anonymous_286)
FN:4781,(anonymous_287)
FN:4808,(anonymous_288)
FN:4822,(anonymous_289)
FN:4882,(anonymous_290)
FN:4903,(anonymous_291)
FN:4917,(anonymous_292)
FN:4929,(anonymous_293)
FN:4942,(anonymous_294)
FN:4952,(anonymous_295)
FN:4978,(anonymous_296)
FN:4988,(anonymous_297)
FN:5001,(anonymous_298)
FN:5095,(anonymous_299)
FN:5114,(anonymous_300)
FN:5139,(anonymous_301)
FN:5158,(anonymous_302)
FN:5168,dirNodeCheck
FN:5201,dirCheck
FN:5243,(anonymous_305)
FN:5248,(anonymous_306)
FN:5253,(anonymous_307)
FN:5258,(anonymous_308)
FN:5266,(anonymous_309)
FN:5320,(anonymous_310)
FN:5325,(anonymous_311)
FN:5357,(anonymous_312)
FN:5359,(anonymous_313)
FN:5368,(anonymous_314)
FN:5372,(anonymous_315)
FN:5376,(anonymous_316)
FN:5387,(anonymous_317)
FN:5438,(anonymous_318)
FN:5456,(anonymous_319)
FN:5467,(anonymous_320)
FN:5474,isDisconnected
FN:5479,(anonymous_322)
FN:5483,(anonymous_323)
FN:5486,(anonymous_324)
FN:5489,(anonymous_325)
FN:5492,(anonymous_326)
FN:5495,(anonymous_327)
FN:5498,(anonymous_328)
FN:5501,(anonymous_329)
FN:5504,(anonymous_330)
FN:5507,(anonymous_331)
FN:5510,(anonymous_332)
FN:5513,(anonymous_333)
FN:5518,(anonymous_334)
FN:5519,(anonymous_335)
FN:5541,(anonymous_336)
FN:5551,(anonymous_337)
FN:5564,(anonymous_338)
FN:5577,(anonymous_339)
FN:5591,winnow
FN:5598,(anonymous_341)
FN:5604,(anonymous_342)
FN:5609,(anonymous_343)
FN:5620,(anonymous_344)
FN:5628,createSafeFragment
FN:5679,(anonymous_346)
FN:5681,(anonymous_347)
FN:5695,(anonymous_348)
FN:5697,(anonymous_349)
FN:5710,(anonymous_350)
FN:5724,(anonymous_351)
FN:5726,(anonymous_352)
FN:5731,(anonymous_353)
FN:5744,(anonymous_354)
FN:5747,(anonymous_355)
FN:5752,(anonymous_356)
FN:5753,(anonymous_357)
FN:5760,(anonymous_358)
FN:5761,(anonymous_359)
FN:5768,(anonymous_360)
FN:5769,(anonymous_361)
FN:5776,(anonymous_362)
FN:5778,(anonymous_363)
FN:5788,(anonymous_364)
FN:5790,(anonymous_365)
FN:5801,(anonymous_366)
FN:5818,(anonymous_367)
FN:5834,(anonymous_368)
FN:5838,(anonymous_369)
FN:5843,(anonymous_370)
FN:5871,(anonymous_371)
FN:5884,(anonymous_372)
FN:5889,(anonymous_373)
FN:5899,(anonymous_374)
FN:5918,(anonymous_375)
FN:5922,(anonymous_376)
FN:5929,(anonymous_377)
FN:5935,(anonymous_378)
FN:5992,root
FN:5999,cloneCopyEvent
FN:6027,cloneFixAttributes
FN:6085,(anonymous_382)
FN:6141,(anonymous_383)
FN:6142,(anonymous_384)
FN:6163,getAll
FN:6176,fixDefaultChecked
FN:6182,findInputs
FN:6193,shimCloneNode
FN:6202,(anonymous_389)
FN:6256,(anonymous_390)
FN:6358,(anonymous_391)
FN:6379,(anonymous_392)
FN:6425,evalScript
FN:6460,(anonymous_394)
FN:6466,(anonymous_395)
FN:6478,(anonymous_396)
FN:6511,(anonymous_397)
FN:6564,(anonymous_398)
FN:6588,(anonymous_399)
FN:6609,(anonymous_400)
FN:6611,(anonymous_401)
FN:6618,(anonymous_402)
FN:6627,(anonymous_403)
FN:6645,(anonymous_404)
FN:6652,(anonymous_405)
FN:6684,(anonymous_406)
FN:6689,(anonymous_407)
FN:6693,(anonymous_408)
FN:6707,(anonymous_409)
FN:6725,(anonymous_410)
FN:6767,getWH
FN:6817,(anonymous_412)
FN:6824,(anonymous_413)
FN:6895,addToPrefiltersOrTransports
FN:6898,(anonymous_415)
FN:6931,inspectPrefiltersOrTransports
FN:6973,ajaxExtend
FN:6987,(anonymous_418)
FN:7029,(anonymous_419)
FN:7036,(anonymous_420)
FN:7063,(anonymous_421)
FN:7067,(anonymous_422)
FN:7068,(anonymous_423)
FN:7071,(anonymous_424)
FN:7076,(anonymous_425)
FN:7082,(anonymous_426)
FN:7091,(anonymous_427)
FN:7092,(anonymous_428)
FN:7097,(anonymous_429)
FN:7098,(anonymous_430)
FN:7118,(anonymous_431)
FN:7122,(anonymous_432)
FN:7129,(anonymous_433)
FN:7212,(anonymous_434)
FN:7264,(anonymous_435)
FN:7274,(anonymous_436)
FN:7279,(anonymous_437)
FN:7294,(anonymous_438)
FN:7302,(anonymous_439)
FN:7315,done
FN:7432,(anonymous_441)
FN:7573,(anonymous_442)
FN:7597,(anonymous_443)
FN:7599,(anonymous_444)
FN:7613,(anonymous_445)
FN:7630,buildParams
FN:7633,(anonymous_447)
FN:7680,ajaxHandleResponses
FN:7745,ajaxConvert
FN:7838,(anonymous_450)
FN:7844,(anonymous_451)
FN:7878,(anonymous_452)
FN:7883,(anonymous_453)
FN:7893,(anonymous_454)
FN:7920,(anonymous_455)
FN:7928,(anonymous_456)
FN:7939,(anonymous_457)
FN:7949,(anonymous_458)
FN:7962,(anonymous_459)
FN:7988,(anonymous_460)
FN:8001,(anonymous_461)
FN:8011,createStandardXHR
FN:8017,createActiveXHR
FN:8032,(anonymous_464)
FN:8039,(anonymous_465)
FN:8049,(anonymous_466)
FN:8056,(anonymous_467)
FN:8105,(anonymous_468)
FN:8205,(anonymous_469)
FN:8234,(anonymous_470)
FN:8280,(anonymous_471)
FN:8315,(anonymous_472)
FN:8322,(anonymous_473)
FN:8334,(anonymous_474)
FN:8339,(anonymous_475)
FN:8349,doAnimation
FN:8471,(anonymous_477)
FN:8481,(anonymous_478)
FN:8492,stopQueue
FN:8534,createFxNow
FN:8539,clearFxNow
FN:8544,genFx
FN:8547,(anonymous_483)
FN:8562,(anonymous_484)
FN:8563,(anonymous_485)
FN:8569,(anonymous_486)
FN:8588,(anonymous_487)
FN:8604,(anonymous_488)
FN:8607,(anonymous_489)
FN:8614,(anonymous_490)
FN:8626,(anonymous_491)
FN:8635,(anonymous_492)
FN:8649,(anonymous_493)
FN:8659,t
FN:8665,(anonymous_495)
FN:8677,(anonymous_496)
FN:8698,(anonymous_497)
FN:8708,(anonymous_498)
FN:8732,(anonymous_499)
FN:8787,(anonymous_500)
FN:8807,(anonymous_501)
FN:8820,(anonymous_502)
FN:8824,(anonymous_503)
FN:8836,(anonymous_504)
FN:8837,(anonymous_505)
FN:8843,(anonymous_506)
FN:8844,(anonymous_507)
FN:8851,defaultDisplay
FN:8902,(anonymous_509)
FN:8906,(anonymous_510)
FN:8944,(anonymous_511)
FN:8948,(anonymous_512)
FN:9018,(anonymous_513)
FN:9030,(anonymous_514)
FN:9077,(anonymous_515)
FN:9108,(anonymous_516)
FN:9109,(anonymous_517)
FN:9121,(anonymous_518)
FN:9124,(anonymous_519)
FN:9144,(anonymous_520)
FN:9160,getWindow
FN:9172,(anonymous_522)
FN:9177,(anonymous_523)
FN:9187,(anonymous_524)
FN:9196,(anonymous_525)
FN:9204,(anonymous_526)
FN:9261,(anonymous_527)
FNF:527
FNH:0
FNDA:0,(anonymous_1)
FNDA:0,(anonymous_2)
FNDA:0,(anonymous_3)
FNDA:0,(anonymous_4)
FNDA:0,(anonymous_5)
FNDA:0,(anonymous_6)
FNDA:0,(anonymous_7)
FNDA:0,(anonymous_8)
FNDA:0,(anonymous_9)
FNDA:0,(anonymous_10)
FNDA:0,(anonymous_11)
FNDA:0,(anonymous_12)
FNDA:0,(anonymous_13)
FNDA:0,(anonymous_14)
FNDA:0,(anonymous_15)
FNDA:0,(anonymous_16)
FNDA:0,(anonymous_17)
FNDA:0,(anonymous_18)
FNDA:0,(anonymous_19)
FNDA:0,(anonymous_20)
FNDA:0,(anonymous_21)
FNDA:0,(anonymous_22)
FNDA:0,(anonymous_23)
FNDA:0,(anonymous_24)
FNDA:0,(anonymous_25)
FNDA:0,(anonymous_26)
FNDA:0,(anonymous_27)
FNDA:0,(anonymous_28)
FNDA:0,(anonymous_29)
FNDA:0,(anonymous_30)
FNDA:0,(anonymous_31)
FNDA:0,(anonymous_32)
FNDA:0,(anonymous_33)
FNDA:0,(anonymous_34)
FNDA:0,(anonymous_35)
FNDA:0,(anonymous_36)
FNDA:0,(anonymous_37)
FNDA:0,(anonymous_38)
FNDA:0,(anonymous_39)
FNDA:0,(anonymous_40)
FNDA:0,(anonymous_41)
FNDA:0,(anonymous_42)
FNDA:0,(anonymous_43)
FNDA:0,(anonymous_44)
FNDA:0,(anonymous_45)
FNDA:0,(anonymous_46)
FNDA:0,(anonymous_47)
FNDA:0,(anonymous_48)
FNDA:0,(anonymous_49)
FNDA:0,(anonymous_50)
FNDA:0,(anonymous_51)
FNDA:0,(anonymous_52)
FNDA:0,jQuerySub
FNDA:0,init
FNDA:0,(anonymous_55)
FNDA:0,(anonymous_56)
FNDA:0,(anonymous_57)
FNDA:0,doScrollCheck
FNDA:0,createFlags
FNDA:0,(anonymous_60)
FNDA:0,(anonymous_61)
FNDA:0,(anonymous_62)
FNDA:0,(anonymous_63)
FNDA:0,(anonymous_64)
FNDA:0,(anonymous_65)
FNDA:0,(anonymous_66)
FNDA:0,(anonymous_67)
FNDA:0,(anonymous_68)
FNDA:0,(anonymous_69)
FNDA:0,(anonymous_70)
FNDA:0,(anonymous_71)
FNDA:0,(anonymous_72)
FNDA:0,(anonymous_73)
FNDA:0,(anonymous_74)
FNDA:0,(anonymous_75)
FNDA:0,(anonymous_76)
FNDA:0,(anonymous_77)
FNDA:0,(anonymous_78)
FNDA:0,(anonymous_79)
FNDA:0,(anonymous_80)
FNDA:0,(anonymous_81)
FNDA:0,(anonymous_82)
FNDA:0,(anonymous_83)
FNDA:0,(anonymous_84)
FNDA:0,(anonymous_85)
FNDA:0,resolveFunc
FNDA:0,(anonymous_87)
FNDA:0,progressFunc
FNDA:0,(anonymous_89)
FNDA:0,(anonymous_90)
FNDA:0,(anonymous_91)
FNDA:0,(anonymous_92)
FNDA:0,(anonymous_93)
FNDA:0,(anonymous_94)
FNDA:0,(anonymous_95)
FNDA:0,(anonymous_96)
FNDA:0,(anonymous_97)
FNDA:0,(anonymous_98)
FNDA:0,(anonymous_99)
FNDA:0,(anonymous_100)
FNDA:0,(anonymous_101)
FNDA:0,(anonymous_102)
FNDA:0,dataAttr
FNDA:0,isEmptyDataObject
FNDA:0,handleQueueMarkDefer
FNDA:0,(anonymous_106)
FNDA:0,(anonymous_107)
FNDA:0,(anonymous_108)
FNDA:0,(anonymous_109)
FNDA:0,(anonymous_110)
FNDA:0,(anonymous_111)
FNDA:0,(anonymous_112)
FNDA:0,(anonymous_113)
FNDA:0,(anonymous_114)
FNDA:0,(anonymous_115)
FNDA:0,(anonymous_116)
FNDA:0,(anonymous_117)
FNDA:0,(anonymous_118)
FNDA:0,(anonymous_119)
FNDA:0,(anonymous_120)
FNDA:0,resolve
FNDA:0,(anonymous_122)
FNDA:0,(anonymous_123)
FNDA:0,(anonymous_124)
FNDA:0,(anonymous_125)
FNDA:0,(anonymous_126)
FNDA:0,(anonymous_127)
FNDA:0,(anonymous_128)
FNDA:0,(anonymous_129)
FNDA:0,(anonymous_130)
FNDA:0,(anonymous_131)
FNDA:0,(anonymous_132)
FNDA:0,(anonymous_133)
FNDA:0,(anonymous_134)
FNDA:0,(anonymous_135)
FNDA:0,(anonymous_136)
FNDA:0,(anonymous_137)
FNDA:0,(anonymous_138)
FNDA:0,(anonymous_139)
FNDA:0,(anonymous_140)
FNDA:0,(anonymous_141)
FNDA:0,(anonymous_142)
FNDA:0,(anonymous_143)
FNDA:0,(anonymous_144)
FNDA:0,(anonymous_145)
FNDA:0,(anonymous_146)
FNDA:0,(anonymous_147)
FNDA:0,(anonymous_148)
FNDA:0,(anonymous_149)
FNDA:0,(anonymous_150)
FNDA:0,(anonymous_151)
FNDA:0,(anonymous_152)
FNDA:0,(anonymous_153)
FNDA:0,(anonymous_154)
FNDA:0,(anonymous_155)
FNDA:0,(anonymous_156)
FNDA:0,(anonymous_157)
FNDA:0,(anonymous_158)
FNDA:0,(anonymous_159)
FNDA:0,(anonymous_160)
FNDA:0,(anonymous_161)
FNDA:0,(anonymous_162)
FNDA:0,(anonymous_163)
FNDA:0,(anonymous_164)
FNDA:0,(anonymous_165)
FNDA:0,(anonymous_166)
FNDA:0,(anonymous_167)
FNDA:0,(anonymous_168)
FNDA:0,(anonymous_169)
FNDA:0,(anonymous_170)
FNDA:0,(anonymous_171)
FNDA:0,(anonymous_172)
FNDA:0,(anonymous_173)
FNDA:0,(anonymous_174)
FNDA:0,(anonymous_175)
FNDA:0,(anonymous_176)
FNDA:0,(anonymous_177)
FNDA:0,(anonymous_178)
FNDA:0,(anonymous_179)
FNDA:0,(anonymous_180)
FNDA:0,(anonymous_181)
FNDA:0,(anonymous_182)
FNDA:0,returnFalse
FNDA:0,returnTrue
FNDA:0,(anonymous_185)
FNDA:0,(anonymous_186)
FNDA:0,(anonymous_187)
FNDA:0,(anonymous_188)
FNDA:0,(anonymous_189)
FNDA:0,(anonymous_190)
FNDA:0,(anonymous_191)
FNDA:0,(anonymous_192)
FNDA:0,(anonymous_193)
FNDA:0,(anonymous_194)
FNDA:0,(anonymous_195)
FNDA:0,(anonymous_196)
FNDA:0,(anonymous_197)
FNDA:0,(anonymous_198)
FNDA:0,(anonymous_199)
FNDA:0,(anonymous_200)
FNDA:0,(anonymous_201)
FNDA:0,(anonymous_202)
FNDA:0,(anonymous_203)
FNDA:0,(anonymous_204)
FNDA:0,(anonymous_205)
FNDA:0,(anonymous_206)
FNDA:0,(anonymous_207)
FNDA:0,(anonymous_208)
FNDA:0,(anonymous_209)
FNDA:0,(anonymous_210)
FNDA:0,(anonymous_211)
FNDA:0,(anonymous_212)
FNDA:0,(anonymous_213)
FNDA:0,(anonymous_214)
FNDA:0,(anonymous_215)
FNDA:0,(anonymous_216)
FNDA:0,(anonymous_217)
FNDA:0,(anonymous_218)
FNDA:0,(anonymous_219)
FNDA:0,(anonymous_220)
FNDA:0,(anonymous_221)
FNDA:0,(anonymous_222)
FNDA:0,(anonymous_223)
FNDA:0,(anonymous_224)
FNDA:0,(anonymous_225)
FNDA:0,(anonymous_226)
FNDA:0,(anonymous_227)
FNDA:0,(anonymous_228)
FNDA:0,(anonymous_229)
FNDA:0,(anonymous_230)
FNDA:0,(anonymous_231)
FNDA:0,(anonymous_232)
FNDA:0,(anonymous_233)
FNDA:0,(anonymous_234)
FNDA:0,(anonymous_235)
FNDA:0,(anonymous_236)
FNDA:0,(anonymous_237)
FNDA:0,(anonymous_238)
FNDA:0,(anonymous_239)
FNDA:0,(anonymous_240)
FNDA:0,(anonymous_241)
FNDA:0,(anonymous_242)
FNDA:0,(anonymous_243)
FNDA:0,(anonymous_244)
FNDA:0,(anonymous_245)
FNDA:0,(anonymous_246)
FNDA:0,(anonymous_247)
FNDA:0,(anonymous_248)
FNDA:0,(anonymous_249)
FNDA:0,(anonymous_250)
FNDA:0,(anonymous_251)
FNDA:0,(anonymous_252)
FNDA:0,(anonymous_253)
FNDA:0,(anonymous_254)
FNDA:0,(anonymous_255)
FNDA:0,(anonymous_256)
FNDA:0,(anonymous_257)
FNDA:0,(anonymous_258)
FNDA:0,(anonymous_259)
FNDA:0,(anonymous_260)
FNDA:0,(anonymous_261)
FNDA:0,(anonymous_262)
FNDA:0,(anonymous_263)
FNDA:0,(anonymous_264)
FNDA:0,(anonymous_265)
FNDA:0,(anonymous_266)
FNDA:0,(anonymous_267)
FNDA:0,(anonymous_268)
FNDA:0,(anonymous_269)
FNDA:0,(anonymous_270)
FNDA:0,(anonymous_271)
FNDA:0,(anonymous_272)
FNDA:0,(anonymous_273)
FNDA:0,(anonymous_274)
FNDA:0,(anonymous_275)
FNDA:0,(anonymous_276)
FNDA:0,(anonymous_277)
FNDA:0,(anonymous_278)
FNDA:0,(anonymous_279)
FNDA:0,(anonymous_280)
FNDA:0,(anonymous_281)
FNDA:0,(anonymous_282)
FNDA:0,(anonymous_283)
FNDA:0,(anonymous_284)
FNDA:0,(anonymous_285)
FNDA:0,(anonymous_286)
FNDA:0,(anonymous_287)
FNDA:0,(anonymous_288)
FNDA:0,(anonymous_289)
FNDA:0,(anonymous_290)
FNDA:0,(anonymous_291)
FNDA:0,(anonymous_292)
FNDA:0,(anonymous_293)
FNDA:0,(anonymous_294)
FNDA:0,(anonymous_295)
FNDA:0,(anonymous_296)
FNDA:0,(anonymous_297)
FNDA:0,(anonymous_298)
FNDA:0,(anonymous_299)
FNDA:0,(anonymous_300)
FNDA:0,(anonymous_301)
FNDA:0,(anonymous_302)
FNDA:0,dirNodeCheck
FNDA:0,dirCheck
FNDA:0,(anonymous_305)
FNDA:0,(anonymous_306)
FNDA:0,(anonymous_307)
FNDA:0,(anonymous_308)
FNDA:0,(anonymous_309)
FNDA:0,(anonymous_310)
FNDA:0,(anonymous_311)
FNDA:0,(anonymous_312)
FNDA:0,(anonymous_313)
FNDA:0,(anonymous_314)
FNDA:0,(anonymous_315)
FNDA:0,(anonymous_316)
FNDA:0,(anonymous_317)
FNDA:0,(anonymous_318)
FNDA:0,(anonymous_319)
FNDA:0,(anonymous_320)
FNDA:0,isDisconnected
FNDA:0,(anonymous_322)
FNDA:0,(anonymous_323)
FNDA:0,(anonymous_324)
FNDA:0,(anonymous_325)
FNDA:0,(anonymous_326)
FNDA:0,(anonymous_327)
FNDA:0,(anonymous_328)
FNDA:0,(anonymous_329)
FNDA:0,(anonymous_330)
FNDA:0,(anonymous_331)
FNDA:0,(anonymous_332)
FNDA:0,(anonymous_333)
FNDA:0,(anonymous_334)
FNDA:0,(anonymous_335)
FNDA:0,(anonymous_336)
FNDA:0,(anonymous_337)
FNDA:0,(anonymous_338)
FNDA:0,(anonymous_339)
FNDA:0,winnow
FNDA:0,(anonymous_341)
FNDA:0,(anonymous_342)
FNDA:0,(anonymous_343)
FNDA:0,(anonymous_344)
FNDA:0,createSafeFragment
FNDA:0,(anonymous_346)
FNDA:0,(anonymous_347)
FNDA:0,(anonymous_348)
FNDA:0,(anonymous_349)
FNDA:0,(anonymous_350)
FNDA:0,(anonymous_351)
FNDA:0,(anonymous_352)
FNDA:0,(anonymous_353)
FNDA:0,(anonymous_354)
FNDA:0,(anonymous_355)
FNDA:0,(anonymous_356)
FNDA:0,(anonymous_357)
FNDA:0,(anonymous_358)
FNDA:0,(anonymous_359)
FNDA:0,(anonymous_360)
FNDA:0,(anonymous_361)
FNDA:0,(anonymous_362)
FNDA:0,(anonymous_363)
FNDA:0,(anonymous_364)
FNDA:0,(anonymous_365)
FNDA:0,(anonymous_366)
FNDA:0,(anonymous_367)
FNDA:0,(anonymous_368)
FNDA:0,(anonymous_369)
FNDA:0,(anonymous_370)
FNDA:0,(anonymous_371)
FNDA:0,(anonymous_372)
FNDA:0,(anonymous_373)
FNDA:0,(anonymous_374)
FNDA:0,(anonymous_375)
FNDA:0,(anonymous_376)
FNDA:0,(anonymous_377)
FNDA:0,(anonymous_378)
FNDA:0,root
FNDA:0,cloneCopyEvent
FNDA:0,cloneFixAttributes
FNDA:0,(anonymous_382)
FNDA:0,(anonymous_383)
FNDA:0,(anonymous_384)
FNDA:0,getAll
FNDA:0,fixDefaultChecked
FNDA:0,findInputs
FNDA:0,shimCloneNode
FNDA:0,(anonymous_389)
FNDA:0,(anonymous_390)
FNDA:0,(anonymous_391)
FNDA:0,(anonymous_392)
FNDA:0,evalScript
FNDA:0,(anonymous_394)
FNDA:0,(anonymous_395)
FNDA:0,(anonymous_396)
FNDA:0,(anonymous_397)
FNDA:0,(anonymous_398)
FNDA:0,(anonymous_399)
FNDA:0,(anonymous_400)
FNDA:0,(anonymous_401)
FNDA:0,(anonymous_402)
FNDA:0,(anonymous_403)
FNDA:0,(anonymous_404)
FNDA:0,(anonymous_405)
FNDA:0,(anonymous_406)
FNDA:0,(anonymous_407)
FNDA:0,(anonymous_408)
FNDA:0,(anonymous_409)
FNDA:0,(anonymous_410)
FNDA:0,getWH
FNDA:0,(anonymous_412)
FNDA:0,(anonymous_413)
FNDA:0,addToPrefiltersOrTransports
FNDA:0,(anonymous_415)
FNDA:0,inspectPrefiltersOrTransports
FNDA:0,ajaxExtend
FNDA:0,(anonymous_418)
FNDA:0,(anonymous_419)
FNDA:0,(anonymous_420)
FNDA:0,(anonymous_421)
FNDA:0,(anonymous_422)
FNDA:0,(anonymous_423)
FNDA:0,(anonymous_424)
FNDA:0,(anonymous_425)
FNDA:0,(anonymous_426)
FNDA:0,(anonymous_427)
FNDA:0,(anonymous_428)
FNDA:0,(anonymous_429)
FNDA:0,(anonymous_430)
FNDA:0,(anonymous_431)
FNDA:0,(anonymous_432)
FNDA:0,(anonymous_433)
FNDA:0,(anonymous_434)
FNDA:0,(anonymous_435)
FNDA:0,(anonymous_436)
FNDA:0,(anonymous_437)
FNDA:0,(anonymous_438)
FNDA:0,(anonymous_439)
FNDA:0,done
FNDA:0,(anonymous_441)
FNDA:0,(anonymous_442)
FNDA:0,(anonymous_443)
FNDA:0,(anonymous_444)
FNDA:0,(anonymous_445)
FNDA:0,buildParams
FNDA:0,(anonymous_447)
FNDA:0,ajaxHandleResponses
FNDA:0,ajaxConvert
FNDA:0,(anonymous_450)
FNDA:0,(anonymous_451)
FNDA:0,(anonymous_452)
FNDA:0,(anonymous_453)
FNDA:0,(anonymous_454)
FNDA:0,(anonymous_455)
FNDA:0,(anonymous_456)
FNDA:0,(anonymous_457)
FNDA:0,(anonymous_458)
FNDA:0,(anonymous_459)
FNDA:0,(anonymous_460)
FNDA:0,(anonymous_461)
FNDA:0,createStandardXHR
FNDA:0,createActiveXHR
FNDA:0,(anonymous_464)
FNDA:0,(anonymous_465)
FNDA:0,(anonymous_466)
FNDA:0,(anonymous_467)
FNDA:0,(anonymous_468)
FNDA:0,(anonymous_469)
FNDA:0,(anonymous_470)
FNDA:0,(anonymous_471)
FNDA:0,(anonymous_472)
FNDA:0,(anonymous_473)
FNDA:0,(anonymous_474)
FNDA:0,(anonymous_475)
FNDA:0,doAnimation
FNDA:0,(anonymous_477)
FNDA:0,(anonymous_478)
FNDA:0,stopQueue
FNDA:0,createFxNow
FNDA:0,clearFxNow
FNDA:0,genFx
FNDA:0,(anonymous_483)
FNDA:0,(anonymous_484)
FNDA:0,(anonymous_485)
FNDA:0,(anonymous_486)
FNDA:0,(anonymous_487)
FNDA:0,(anonymous_488)
FNDA:0,(anonymous_489)
FNDA:0,(anonymous_490)
FNDA:0,(anonymous_491)
FNDA:0,(anonymous_492)
FNDA:0,(anonymous_493)
FNDA:0,t
FNDA:0,(anonymous_495)
FNDA:0,(anonymous_496)
FNDA:0,(anonymous_497)
FNDA:0,(anonymous_498)
FNDA:0,(anonymous_499)
FNDA:0,(anonymous_500)
FNDA:0,(anonymous_501)
FNDA:0,(anonymous_502)
FNDA:0,(anonymous_503)
FNDA:0,(anonymous_504)
FNDA:0,(anonymous_505)
FNDA:0,(anonymous_506)
FNDA:0,(anonymous_507)
FNDA:0,defaultDisplay
FNDA:0,(anonymous_509)
FNDA:0,(anonymous_510)
FNDA:0,(anonymous_511)
FNDA:0,(anonymous_512)
FNDA:0,(anonymous_513)
FNDA:0,(anonymous_514)
FNDA:0,(anonymous_515)
FNDA:0,(anonymous_516)
FNDA:0,(anonymous_517)
FNDA:0,(anonymous_518)
FNDA:0,(anonymous_519)
FNDA:0,(anonymous_520)
FNDA:0,getWindow
FNDA:0,(anonymous_522)
FNDA:0,(anonymous_523)
FNDA:0,(anonymous_524)
FNDA:0,(anonymous_525)
FNDA:0,(anonymous_526)
FNDA:0,(anonymous_527)
DA:16,0
DA:19,0
DA:22,0
DA:25,0
DA:27,0
DA:71,0
DA:97,0
DA:100,0
DA:103,0
DA:104,0
DA:108,0
DA:109,0
DA:110,0
DA:111,0
DA:115,0
DA:116,0
DA:117,0
DA:118,0
DA:119,0
DA:120,0
DA:124,0
DA:126,0
DA:128,0
DA:131,0
DA:135,0
DA:138,0
DA:139,0
DA:140,0
DA:144,0
DA:146,0
DA:147,0
DA:148,0
DA:149,0
DA:152,0
DA:156,0
DA:157,0
DA:160,0
DA:164,0
DA:168,0
DA:171,0
DA:172,0
DA:176,0
DA:177,0
DA:180,0
DA:181,0
DA:182,0
DA:186,0
DA:187,0
DA:192,0
DA:197,0
DA:198,0
DA:201,0
DA:202,0
DA:203,0
DA:206,0
DA:220,0
DA:224,0
DA:230,0
DA:243,0
DA:245,0
DA:246,0
DA:249,0
DA:253,0
DA:255,0
DA:257,0
DA:258,0
DA:259,0
DA:260,0
DA:264,0
DA:271,0
DA:276,0
DA:279,0
DA:281,0
DA:285,0
DA:286,0
DA:292,0
DA:296,0
DA:300,0
DA:305,0
DA:306,0
DA:311,0
DA:322,0
DA:324,0
DA:325,0
DA:332,0
DA:333,0
DA:334,0
DA:336,0
DA:340,0
DA:341,0
DA:345,0
DA:346,0
DA:347,0
DA:350,0
DA:352,0
DA:354,0
DA:355,0
DA:356,0
DA:359,0
DA:360,0
DA:364,0
DA:365,0
DA:366,0
DA:367,0
DA:370,0
DA:374,0
DA:377,0
DA:378,0
DA:385,0
DA:388,0
DA:390,0
DA:391,0
DA:394,0
DA:395,0
DA:398,0
DA:410,0
DA:411,0
DA:413,0
DA:420,0
DA:422,0
DA:423,0
DA:427,0
DA:430,0
DA:431,0
DA:435,0
DA:438,0
DA:439,0
DA:445,0
DA:446,0
DA:449,0
DA:453,0
DA:455,0
DA:459,0
DA:461,0
DA:464,0
DA:467,0
DA:470,0
DA:473,0
DA:477,0
DA:479,0
DA:480,0
DA:483,0
DA:484,0
DA:493,0
DA:497,0
DA:502,0
DA:506,0
DA:510,0
DA:519,0
DA:520,0
DA:523,0
DA:525,0
DA:528,0
DA:532,0
DA:538,0
DA:539,0
DA:541,0
DA:545,0
DA:546,0
DA:548,0
DA:552,0
DA:556,0
DA:557,0
DA:561,0
DA:564,0
DA:565,0
DA:570,0
DA:574,0
DA:577,0
DA:582,0
DA:583,0
DA:584,0
DA:585,0
DA:586,0
DA:588,0
DA:589,0
DA:590,0
DA:593,0
DA:595,0
DA:596,0
DA:598,0
DA:607,0
DA:611,0
DA:612,0
DA:620,0
DA:624,0
DA:629,0
DA:633,0
DA:634,0
DA:635,0
DA:636,0
DA:637,0
DA:641,0
DA:642,0
DA:643,0
DA:650,0
DA:651,0
DA:652,0
DA:653,0
DA:657,0
DA:658,0
DA:659,0
DA:665,0
DA:671,0
DA:678,0
DA:685,0
DA:687,0
DA:690,0
DA:692,0
DA:693,0
DA:695,0
DA:699,0
DA:703,0
DA:705,0
DA:706,0
DA:707,0
DA:710,0
DA:711,0
DA:713,0
DA:715,0
DA:716,0
DA:721,0
DA:725,0
DA:728,0
DA:729,0
DA:730,0
DA:734,0
DA:735,0
DA:739,0
DA:741,0
DA:745,0
DA:746,0
DA:750,0
DA:751,0
DA:752,0
DA:753,0
DA:757,0
DA:762,0
DA:769,0
DA:770,0
DA:771,0
DA:773,0
DA:774,0
DA:780,0
DA:781,0
DA:783,0
DA:784,0
DA:790,0
DA:799,0
DA:800,0
DA:801,0
DA:802,0
DA:807,0
DA:808,0
DA:812,0
DA:814,0
DA:818,0
DA:820,0
DA:826,0
DA:829,0
DA:830,0
DA:831,0
DA:833,0
DA:837,0
DA:839,0
DA:841,0
DA:842,0
DA:845,0
DA:849,0
DA:853,0
DA:859,0
DA:861,0
DA:867,0
DA:871,0
DA:872,0
DA:874,0
DA:875,0
DA:876,0
DA:877,0
DA:878,0
DA:879,0
DA:880,0
DA:881,0
DA:884,0
DA:886,0
DA:887,0
DA:888,0
DA:895,0
DA:896,0
DA:899,0
DA:900,0
DA:901,0
DA:902,0
DA:906,0
DA:907,0
DA:911,0
DA:912,0
DA:913,0
DA:917,0
DA:920,0
DA:921,0
DA:922,0
DA:923,0
DA:926,0
DA:927,0
DA:929,0
DA:930,0
DA:931,0
DA:937,0
DA:938,0
DA:939,0
DA:942,0
DA:945,0
DA:947,0
DA:948,0
DA:952,0
DA:955,0
DA:961,0
DA:964,0
DA:965,0
DA:967,0
DA:968,0
DA:969,0
DA:971,0
DA:996,0
DA:1000,0
DA:1002,0
DA:1018,0
DA:1023,0
DA:1024,0
DA:1025,0
DA:1026,0
DA:1028,0
DA:1029,0
DA:1031,0
DA:1032,0
DA:1039,0
DA:1040,0
DA:1041,0
DA:1042,0
DA:1043,0
DA:1044,0
DA:1045,0
DA:1046,0
DA:1047,0
DA:1048,0
DA:1051,0
DA:1052,0
DA:1053,0
DA:1054,0
DA:1055,0
DA:1056,0
DA:1058,0
DA:1059,0
DA:1061,0
DA:1069,0
DA:1070,0
DA:1071,0
DA:1074,0
DA:1075,0
DA:1079,0
DA:1080,0
DA:1081,0
DA:1084,0
DA:1088,0
DA:1089,0
DA:1092,0
DA:1093,0
DA:1094,0
DA:1096,0
DA:1097,0
DA:1098,0
DA:1099,0
DA:1100,0
DA:1105,0
DA:1108,0
DA:1109,0
DA:1115,0
DA:1119,0
DA:1120,0
DA:1122,0
DA:1123,0
DA:1124,0
DA:1128,0
DA:1132,0
DA:1133,0
DA:1137,0
DA:1138,0
DA:1142,0
DA:1146,0
DA:1147,0
DA:1148,0
DA:1150,0
DA:1154,0
DA:1158,0
DA:1159,0
DA:1160,0
DA:1161,0
DA:1163,0
DA:1164,0
DA:1167,0
DA:1171,0
DA:1172,0
DA:1176,0
DA:1180,0
DA:1186,0
DA:1189,0
DA:1192,0
DA:1207,0
DA:1215,0
DA:1216,0
DA:1219,0
DA:1220,0
DA:1223,0
DA:1224,0
DA:1229,0
DA:1232,0
DA:1233,0
DA:1234,0
DA:1235,0
DA:1236,0
DA:1238,0
DA:1242,0
DA:1250,0
DA:1251,0
DA:1253,0
DA:1254,0
DA:1257,0
DA:1263,0
DA:1264,0
DA:1265,0
DA:1269,0
DA:1270,0
DA:1272,0
DA:1276,0
DA:1277,0
DA:1281,0
DA:1286,0
DA:1296,0
DA:1297,0
DA:1298,0
DA:1299,0
DA:1300,0
DA:1304,0
DA:1305,0
DA:1306,0
DA:1307,0
DA:1310,0
DA:1311,0
DA:1312,0
DA:1313,0
DA:1315,0
DA:1318,0
DA:1319,0
DA:1321,0
DA:1322,0
DA:1324,0
DA:1331,0
DA:1333,0
DA:1350,0
DA:1351,0
DA:1353,0
DA:1354,0
DA:1357,0
DA:1358,0
DA:1362,0
DA:1363,0
DA:1364,0
DA:1366,0
DA:1426,0
DA:1427,0
DA:1431,0
DA:1432,0
DA:1436,0
DA:1437,0
DA:1439,0
DA:1442,0
DA:1443,0
DA:1446,0
DA:1448,0
DA:1453,0
DA:1454,0
DA:1455,0
DA:1456,0
DA:1458,0
DA:1459,0
DA:1460,0
DA:1461,0
DA:1464,0
DA:1468,0
DA:1470,0
DA:1471,0
DA:1473,0
DA:1480,0
DA:1481,0
DA:1482,0
DA:1483,0
DA:1484,0
DA:1485,0
DA:1486,0
DA:1496,0
DA:1497,0
DA:1502,0
DA:1503,0
DA:1504,0
DA:1505,0
DA:1506,0
DA:1508,0
DA:1512,0
DA:1515,0
DA:1518,0
DA:1519,0
DA:1523,0
DA:1525,0
DA:1528,0
DA:1529,0
DA:1530,0
DA:1531,0
DA:1532,0
DA:1536,0
DA:1537,0
DA:1538,0
DA:1541,0
DA:1542,0
DA:1551,0
DA:1552,0
DA:1553,0
DA:1555,0
DA:1556,0
DA:1560,0
DA:1563,0
DA:1564,0
DA:1565,0
DA:1567,0
DA:1572,0
DA:1573,0
DA:1574,0
DA:1578,0
DA:1579,0
DA:1580,0
DA:1583,0
DA:1584,0
DA:1586,0
DA:1587,0
DA:1588,0
DA:1590,0
DA:1595,0
DA:1596,0
DA:1599,0
DA:1600,0
DA:1602,0
DA:1603,0
DA:1605,0
DA:1606,0
DA:1608,0
DA:1609,0
DA:1611,0
DA:1614,0
DA:1620,0
DA:1623,0
DA:1643,0
DA:1644,0
DA:1648,0
DA:1649,0
DA:1652,0
DA:1671,0
DA:1672,0
DA:1675,0
DA:1678,0
DA:1679,0
DA:1681,0
DA:1685,0
DA:1686,0
DA:1690,0
DA:1691,0
DA:1697,0
DA:1698,0
DA:1699,0
DA:1701,0
DA:1705,0
DA:1710,0
DA:1711,0
DA:1712,0
DA:1715,0
DA:1718,0
DA:1719,0
DA:1724,0
DA:1725,0
DA:1730,0
DA:1733,0
DA:1736,0
DA:1739,0
DA:1742,0
DA:1745,0
DA:1749,0
DA:1750,0
DA:1753,0
DA:1768,0
DA:1769,0
DA:1772,0
DA:1774,0
DA:1776,0
DA:1779,0
DA:1782,0
DA:1783,0
DA:1787,0
DA:1788,0
DA:1789,0
DA:1791,0
DA:1796,0
DA:1797,0
DA:1802,0
DA:1803,0
DA:1809,0
DA:1810,0
DA:1814,0
DA:1815,0
DA:1823,0
DA:1824,0
DA:1826,0
DA:1831,0
DA:1835,0
DA:1836,0
DA:1837,0
DA:1838,0
DA:1840,0
DA:1847,0
DA:1852,0
DA:1853,0
DA:1855,0
DA:1856,0
DA:1860,0
DA:1864,0
DA:1866,0
DA:1869,0
DA:1870,0
DA:1871,0
DA:1873,0
DA:1874,0
DA:1875,0
DA:1876,0
DA:1878,0
DA:1879,0
DA:1881,0
DA:1884,0
DA:1888,0
DA:1890,0
DA:1891,0
DA:1892,0
DA:1896,0
DA:1897,0
DA:1899,0
DA:1900,0
DA:1903,0
DA:1904,0
DA:1905,0
DA:1908,0
DA:1913,0
DA:1914,0
DA:1917,0
DA:1918,0
DA:1919,0
DA:1925,0
DA:1926,0
DA:1931,0
DA:1934,0
DA:1936,0
DA:1938,0
DA:1940,0
DA:1941,0
DA:1942,0
DA:1951,0
DA:1954,0
DA:1958,0
DA:1962,0
DA:1963,0
DA:1966,0
DA:1967,0
DA:1969,0
DA:1970,0
DA:1974,0
DA:1980,0
DA:1981,0
DA:1985,0
DA:1990,0
DA:1991,0
DA:1993,0
DA:1994,0
DA:2000,0
DA:2003,0
DA:2004,0
DA:2005,0
DA:2010,0
DA:2011,0
DA:2012,0
DA:2013,0
DA:2015,0
DA:2016,0
DA:2017,0
DA:2019,0
DA:2020,0
DA:2022,0
DA:2023,0
DA:2029,0
DA:2030,0
DA:2031,0
DA:2032,0
DA:2035,0
DA:2036,0
DA:2037,0
DA:2039,0
DA:2042,0
DA:2047,0
DA:2049,0
DA:2054,0
DA:2055,0
DA:2058,0
DA:2061,0
DA:2062,0
DA:2065,0
DA:2066,0
DA:2067,0
DA:2071,0
DA:2072,0
DA:2073,0
DA:2078,0
DA:2080,0
DA:2081,0
DA:2082,0
DA:2085,0
DA:2086,0
DA:2088,0
DA:2089,0
DA:2091,0
DA:2092,0
DA:2097,0
DA:2098,0
DA:2104,0
DA:2105,0
DA:2107,0
DA:2108,0
DA:2109,0
DA:2110,0
DA:2115,0
DA:2120,0
DA:2121,0
DA:2122,0
DA:2124,0
DA:2125,0
DA:2133,0
DA:2134,0
DA:2135,0
DA:2138,0
DA:2139,0
DA:2143,0
DA:2144,0
DA:2147,0
DA:2148,0
DA:2155,0
DA:2165,0
DA:2167,0
DA:2171,0
DA:2172,0
DA:2177,0
DA:2181,0
DA:2182,0
DA:2184,0
DA:2185,0
DA:2186,0
DA:2192,0
DA:2195,0
DA:2196,0
DA:2197,0
DA:2201,0
DA:2202,0
DA:2204,0
DA:2205,0
DA:2207,0
DA:2208,0
DA:2209,0
DA:2212,0
DA:2214,0
DA:2215,0
DA:2216,0
DA:2219,0
DA:2225,0
DA:2229,0
DA:2231,0
DA:2232,0
DA:2233,0
DA:2237,0
DA:2238,0
DA:2240,0
DA:2241,0
DA:2243,0
DA:2244,0
DA:2245,0
DA:2246,0
DA:2247,0
DA:2249,0
DA:2252,0
DA:2258,0
DA:2262,0
DA:2265,0
DA:2266,0
DA:2267,0
DA:2271,0
DA:2272,0
DA:2274,0
DA:2280,0
DA:2282,0
DA:2283,0
DA:2286,0
DA:2287,0
DA:2289,0
DA:2293,0
DA:2299,0
DA:2302,0
DA:2303,0
DA:2304,0
DA:2308,0
DA:2312,0
DA:2315,0
DA:2316,0
DA:2317,0
DA:2319,0
DA:2320,0
DA:2323,0
DA:2325,0
DA:2332,0
DA:2335,0
DA:2337,0
DA:2338,0
DA:2340,0
DA:2341,0
DA:2344,0
DA:2345,0
DA:2347,0
DA:2351,0
DA:2352,0
DA:2353,0
DA:2354,0
DA:2355,0
DA:2356,0
DA:2357,0
DA:2361,0
DA:2364,0
DA:2365,0
DA:2371,0
DA:2377,0
DA:2378,0
DA:2383,0
DA:2390,0
DA:2391,0
DA:2395,0
DA:2396,0
DA:2397,0
DA:2398,0
DA:2401,0
DA:2405,0
DA:2408,0
DA:2409,0
DA:2413,0
DA:2418,0
DA:2419,0
DA:2422,0
DA:2426,0
DA:2428,0
DA:2429,0
DA:2432,0
DA:2433,0
DA:2435,0
DA:2452,0
DA:2456,0
DA:2457,0
DA:2460,0
DA:2461,0
DA:2465,0
DA:2466,0
DA:2469,0
DA:2473,0
DA:2474,0
DA:2475,0
DA:2478,0
DA:2480,0
DA:2481,0
DA:2482,0
DA:2484,0
DA:2485,0
DA:2488,0
DA:2489,0
DA:2492,0
DA:2493,0
DA:2497,0
DA:2500,0
DA:2507,0
DA:2510,0
DA:2511,0
DA:2512,0
DA:2514,0
DA:2515,0
DA:2517,0
DA:2518,0
DA:2521,0
DA:2522,0
DA:2525,0
DA:2526,0
DA:2537,0
DA:2538,0
DA:2539,0
DA:2543,0
DA:2544,0
DA:2545,0
DA:2546,0
DA:2548,0
DA:2556,0
DA:2557,0
DA:2559,0
DA:2564,0
DA:2565,0
DA:2568,0
DA:2589,0
DA:2593,0
DA:2594,0
DA:2597,0
DA:2599,0
DA:2601,0
DA:2602,0
DA:2605,0
DA:2606,0
DA:2607,0
DA:2610,0
DA:2614,0
DA:2615,0
DA:2618,0
DA:2628,0
DA:2630,0
DA:2641,0
DA:2644,0
DA:2648,0
DA:2650,0
DA:2655,0
DA:2656,0
DA:2658,0
DA:2662,0
DA:2663,0
DA:2665,0
DA:2668,0
DA:2670,0
DA:2675,0
DA:2677,0
DA:2684,0
DA:2686,0
DA:2687,0
DA:2688,0
DA:2694,0
DA:2695,0
DA:2696,0
DA:2697,0
DA:2699,0
DA:2704,0
DA:2708,0
DA:2709,0
DA:2711,0
DA:2712,0
DA:2713,0
DA:2721,0
DA:2724,0
DA:2725,0
DA:2727,0
DA:2734,0
DA:2735,0
DA:2736,0
DA:2738,0
DA:2739,0
DA:2745,0
DA:2746,0
DA:2750,0
DA:2753,0
DA:2760,0
DA:2761,0
DA:2763,0
DA:2765,0
DA:2766,0
DA:2769,0
DA:2770,0
DA:2773,0
DA:2779,0
DA:2780,0
DA:2784,0
DA:2785,0
DA:2786,0
DA:2789,0
DA:2794,0
DA:2795,0
DA:2797,0
DA:2798,0
DA:2807,0
DA:2815,0
DA:2816,0
DA:2819,0
DA:2820,0
DA:2822,0
DA:2825,0
DA:2826,0
DA:2833,0
DA:2840,0
DA:2844,0
DA:2849,0
DA:2850,0
DA:2854,0
DA:2855,0
DA:2856,0
DA:2860,0
DA:2861,0
DA:2865,0
DA:2866,0
DA:2867,0
DA:2869,0
DA:2870,0
DA:2871,0
DA:2874,0
DA:2879,0
DA:2884,0
DA:2885,0
DA:2887,0
DA:2888,0
DA:2889,0
DA:2892,0
DA:2895,0
DA:2898,0
DA:2901,0
DA:2913,0
DA:2914,0
DA:2915,0
DA:2916,0
DA:2919,0
DA:2921,0
DA:2922,0
DA:2924,0
DA:2925,0
DA:2930,0
DA:2931,0
DA:2933,0
DA:2934,0
DA:2939,0
DA:2940,0
DA:2942,0
DA:2946,0
DA:2950,0
DA:2958,0
DA:2962,0
DA:2963,0
DA:2967,0
DA:2968,0
DA:2969,0
DA:2970,0
DA:2971,0
DA:2974,0
DA:2975,0
DA:2976,0
DA:2978,0
DA:2981,0
DA:2982,0
DA:2983,0
DA:2984,0
DA:2985,0
DA:2988,0
DA:2989,0
DA:2991,0
DA:2995,0
DA:2997,0
DA:2998,0
DA:3000,0
DA:3001,0
DA:3008,0
DA:3009,0
DA:3010,0
DA:3013,0
DA:3018,0
DA:3019,0
DA:3020,0
DA:3021,0
DA:3026,0
DA:3040,0
DA:3041,0
DA:3045,0
DA:3050,0
DA:3051,0
DA:3054,0
DA:3056,0
DA:3057,0
DA:3060,0
DA:3062,0
DA:3063,0
DA:3064,0
DA:3067,0
DA:3069,0
DA:3073,0
DA:3081,0
DA:3082,0
DA:3083,0
DA:3084,0
DA:3085,0
DA:3086,0
DA:3089,0
DA:3092,0
DA:3093,0
DA:3094,0
DA:3095,0
DA:3098,0
DA:3102,0
DA:3103,0
DA:3104,0
DA:3108,0
DA:3109,0
DA:3112,0
DA:3113,0
DA:3114,0
DA:3119,0
DA:3120,0
DA:3122,0
DA:3123,0
DA:3124,0
DA:3125,0
DA:3126,0
DA:3127,0
DA:3131,0
DA:3132,0
DA:3137,0
DA:3139,0
DA:3140,0
DA:3142,0
DA:3143,0
DA:3144,0
DA:3147,0
DA:3148,0
DA:3149,0
DA:3152,0
DA:3155,0
DA:3157,0
DA:3164,0
DA:3167,0
DA:3169,0
DA:3170,0
DA:3174,0
DA:3175,0
DA:3176,0
DA:3178,0
DA:3179,0
DA:3185,0
DA:3191,0
DA:3193,0
DA:3201,0
DA:3202,0
DA:3206,0
DA:3209,0
DA:3210,0
DA:3212,0
DA:3213,0
DA:3214,0
DA:3215,0
DA:3216,0
DA:3217,0
DA:3218,0
DA:3220,0
DA:3221,0
DA:3225,0
DA:3226,0
DA:3229,0
DA:3230,0
DA:3236,0
DA:3237,0
DA:3241,0
DA:3242,0
DA:3243,0
DA:3245,0
DA:3246,0
DA:3250,0
DA:3252,0
DA:3253,0
DA:3255,0
DA:3258,0
DA:3259,0
DA:3260,0
DA:3261,0
DA:3262,0
DA:3269,0
DA:3283,0
DA:3284,0
DA:3287,0
DA:3294,0
DA:3299,0
DA:3300,0
DA:3301,0
DA:3302,0
DA:3304,0
DA:3305,0
DA:3309,0
DA:3310,0
DA:3315,0
DA:3316,0
DA:3319,0
DA:3324,0
DA:3325,0
DA:3329,0
DA:3334,0
DA:3336,0
DA:3337,0
DA:3338,0
DA:3342,0
DA:3343,0
DA:3347,0
DA:3348,0
DA:3352,0
DA:3353,0
DA:3356,0
DA:3380,0
DA:3381,0
DA:3386,0
DA:3387,0
DA:3397,0
DA:3405,0
DA:3406,0
DA:3408,0
DA:3410,0
DA:3411,0
DA:3418,0
DA:3420,0
DA:3422,0
DA:3423,0
DA:3427,0
DA:3428,0
DA:3432,0
DA:3434,0
DA:3435,0
DA:3439,0
DA:3440,0
DA:3441,0
DA:3445,0
DA:3450,0
DA:3454,0
DA:3455,0
DA:3459,0
DA:3462,0
DA:3465,0
DA:3466,0
DA:3468,0
DA:3469,0
DA:3474,0
DA:3476,0
DA:3478,0
DA:3479,0
DA:3480,0
DA:3484,0
DA:3485,0
DA:3489,0
DA:3493,0
DA:3495,0
DA:3496,0
DA:3497,0
DA:3500,0
DA:3501,0
DA:3504,0
DA:3507,0
DA:3508,0
DA:3516,0
DA:3520,0
DA:3525,0
DA:3533,0
DA:3534,0
DA:3535,0
DA:3536,0
DA:3538,0
DA:3544,0
DA:3546,0
DA:3549,0
DA:3550,0
DA:3554,0
DA:3556,0
DA:3558,0
DA:3559,0
DA:3561,0
DA:3562,0
DA:3565,0
DA:3573,0
DA:3574,0
DA:3578,0
DA:3584,0
DA:3586,0
DA:3590,0
DA:3594,0
DA:3595,0
DA:3596,0
DA:3597,0
DA:3600,0
DA:3601,0
DA:3602,0
DA:3603,0
DA:3607,0
DA:3610,0
DA:3611,0
DA:3613,0
DA:3614,0
DA:3615,0
DA:3616,0
DA:3619,0
DA:3625,0
DA:3628,0
DA:3629,0
DA:3634,0
DA:3636,0
DA:3642,0
DA:3643,0
DA:3646,0
DA:3648,0
DA:3651,0
DA:3653,0
DA:3654,0
DA:3658,0
DA:3659,0
DA:3666,0
DA:3669,0
DA:3672,0
DA:3674,0
DA:3676,0
DA:3677,0
DA:3679,0
DA:3680,0
DA:3682,0
DA:3685,0
DA:3687,0
DA:3688,0
DA:3689,0
DA:3690,0
DA:3692,0
DA:3693,0
DA:3696,0
DA:3697,0
DA:3698,0
DA:3701,0
DA:3702,0
DA:3703,0
DA:3704,0
DA:3707,0
DA:3708,0
DA:3709,0
DA:3711,0
DA:3712,0
DA:3715,0
DA:3717,0
DA:3718,0
DA:3722,0
DA:3725,0
DA:3727,0
DA:3728,0
DA:3733,0
DA:3735,0
DA:3737,0
DA:3738,0
DA:3740,0
DA:3742,0
DA:3744,0
DA:3745,0
DA:3747,0
DA:3748,0
DA:3750,0
DA:3751,0
DA:3756,0
DA:3759,0
DA:3763,0
DA:3764,0
DA:3767,0
DA:3768,0
DA:3772,0
DA:3776,0
DA:3780,0
DA:3781,0
DA:3785,0
DA:3786,0
DA:3792,0
DA:3797,0
DA:3798,0
DA:3801,0
DA:3804,0
DA:3808,0
DA:3809,0
DA:3810,0
DA:3813,0
DA:3817,0
DA:3821,0
DA:3826,0
DA:3827,0
DA:3828,0
DA:3829,0
DA:3832,0
DA:3837,0
DA:3838,0
DA:3841,0
DA:3842,0
DA:3845,0
DA:3846,0
DA:3858,0
DA:3860,0
DA:3874,0
DA:3875,0
DA:3876,0
DA:3879,0
DA:3880,0
DA:3881,0
DA:3883,0
DA:3885,0
DA:3886,0
DA:3889,0
DA:3890,0
DA:3893,0
DA:3900,0
DA:3901,0
DA:3902,0
DA:3904,0
DA:3905,0
DA:3907,0
DA:3909,0
DA:3910,0
DA:3911,0
DA:3916,0
DA:3918,0
DA:3919,0
DA:3922,0
DA:3926,0
DA:3927,0
DA:3929,0
DA:3930,0
DA:3933,0
DA:3940,0
DA:3943,0
DA:3944,0
DA:3949,0
DA:3950,0
DA:3954,0
DA:3958,0
DA:3959,0
DA:3962,0
DA:3965,0
DA:3966,0
DA:3967,0
DA:3969,0
DA:3970,0
DA:3972,0
DA:3975,0
DA:3976,0
DA:3979,0
DA:3983,0
DA:3987,0
DA:3988,0
DA:3991,0
DA:3992,0
DA:3995,0
DA:3996,0
DA:3997,0
DA:3999,0
DA:4000,0
DA:4001,0
DA:4002,0
DA:4007,0
DA:4008,0
DA:4009,0
DA:4015,0
DA:4018,0
DA:4019,0
DA:4020,0
DA:4023,0
DA:4026,0
DA:4027,0
DA:4028,0
DA:4029,0
DA:4031,0
DA:4032,0
DA:4033,0
DA:4034,0
DA:4040,0
DA:4043,0
DA:4044,0
DA:4047,0
DA:4048,0
DA:4051,0
DA:4052,0
DA:4054,0
DA:4055,0
DA:4058,0
DA:4059,0
DA:4061,0
DA:4062,0
DA:4063,0
DA:4065,0
DA:4066,0
DA:4067,0
DA:4069,0
DA:4070,0
DA:4071,0
DA:4077,0
DA:4078,0
DA:4083,0
DA:4086,0
DA:4087,0
DA:4095,0
DA:4096,0
DA:4097,0
DA:4098,0
DA:4099,0
DA:4101,0
DA:4103,0
DA:4105,0
DA:4106,0
DA:4109,0
DA:4110,0
DA:4113,0
DA:4114,0
DA:4116,0
DA:4117,0
DA:4119,0
DA:4120,0
DA:4124,0
DA:4125,0
DA:4126,0
DA:4127,0
DA:4128,0
DA:4130,0
DA:4131,0
DA:4132,0
DA:4135,0
DA:4138,0
DA:4139,0
DA:4140,0
DA:4146,0
DA:4147,0
DA:4148,0
DA:4151,0
DA:4153,0
DA:4154,0
DA:4157,0
DA:4163,0
DA:4164,0
DA:4165,0
DA:4168,0
DA:4172,0
DA:4175,0
DA:4178,0
DA:4179,0
DA:4186,0
DA:4187,0
DA:4191,0
DA:4192,0
DA:4194,0
DA:4195,0
DA:4196,0
DA:4198,0
DA:4201,0
DA:4202,0
DA:4205,0
DA:4206,0
DA:4211,0
DA:4213,0
DA:4214,0
DA:4218,0
DA:4221,0
DA:4244,0
DA:4247,0
DA:4253,0
DA:4257,0
DA:4258,0
DA:4261,0
DA:4262,0
DA:4263,0
DA:4265,0
DA:4271,0
DA:4272,0
DA:4277,0
DA:4282,0
DA:4283,0
DA:4285,0
DA:4286,0
DA:4288,0
DA:4289,0
DA:4290,0
DA:4295,0
DA:4296,0
DA:4298,0
DA:4299,0
DA:4305,0
DA:4306,0
DA:4312,0
DA:4316,0
DA:4317,0
DA:4318,0
DA:4319,0
DA:4322,0
DA:4326,0
DA:4330,0
DA:4331,0
DA:4332,0
DA:4333,0
DA:4336,0
DA:4342,0
DA:4343,0
DA:4346,0
DA:4351,0
DA:4352,0
DA:4355,0
DA:4356,0
DA:4357,0
DA:4361,0
DA:4366,0
DA:4367,0
DA:4373,0
DA:4375,0
DA:4376,0
DA:4379,0
DA:4380,0
DA:4381,0
DA:4382,0
DA:4383,0
DA:4386,0
DA:4387,0
DA:4392,0
DA:4396,0
DA:4400,0
DA:4404,0
DA:4405,0
DA:4406,0
DA:4409,0
DA:4412,0
DA:4417,0
DA:4418,0
DA:4420,0
DA:4421,0
DA:4425,0
DA:4427,0
DA:4431,0
DA:4433,0
DA:4434,0
DA:4438,0
DA:4440,0
DA:4441,0
DA:4444,0
DA:4448,0
DA:4450,0
DA:4451,0
DA:4454,0
DA:4456,0
DA:4457,0
DA:4460,0
DA:4463,0
DA:4464,0
DA:4467,0
DA:4471,0
DA:4473,0
DA:4479,0
DA:4483,0
DA:4487,0
DA:4493,0
DA:4494,0
DA:4497,0
DA:4501,0
DA:4505,0
DA:4509,0
DA:4513,0
DA:4517,0
DA:4520,0
DA:4524,0
DA:4528,0
DA:4532,0
DA:4536,0
DA:4540,0
DA:4541,0
DA:4545,0
DA:4549,0
DA:4550,0
DA:4554,0
DA:4555,0
DA:4559,0
DA:4563,0
DA:4568,0
DA:4572,0
DA:4576,0
DA:4580,0
DA:4584,0
DA:4588,0
DA:4592,0
DA:4596,0
DA:4601,0
DA:4604,0
DA:4605,0
DA:4607,0
DA:4608,0
DA:4610,0
DA:4611,0
DA:4613,0
DA:4614,0
DA:4615,0
DA:4619,0
DA:4622,0
DA:4627,0
DA:4633,0
DA:4636,0
DA:4637,0
DA:4638,0
DA:4642,0
DA:4643,0
DA:4646,0
DA:4649,0
DA:4650,0
DA:4651,0
DA:4655,0
DA:4658,0
DA:4659,0
DA:4661,0
DA:4662,0
DA:4665,0
DA:4666,0
DA:4668,0
DA:4669,0
DA:4671,0
DA:4672,0
DA:4673,0
DA:4677,0
DA:4680,0
DA:4682,0
DA:4683,0
DA:4686,0
DA:4692,0
DA:4696,0
DA:4700,0
DA:4705,0
DA:4717,0
DA:4741,0
DA:4744,0
DA:4745,0
DA:4751,0
DA:4753,0
DA:4756,0
DA:4757,0
DA:4758,0
DA:4761,0
DA:4762,0
DA:4764,0
DA:4765,0
DA:4766,0
[...]
BRDA:6528,1128,1,0
BRDA:6528,1129,0,0
BRDA:6528,1129,1,0
BRDA:6535,1130,0,0
BRDA:6535,1130,1,0
BRDA:6535,1131,0,0
BRDA:6535,1131,1,0
BRDA:6535,1131,2,0
BRDA:6540,1132,0,0
BRDA:6540,1132,1,0
BRDA:6540,1133,0,0
BRDA:6540,1133,1,0
BRDA:6545,1134,0,0
BRDA:6545,1134,1,0
BRDA:6545,1135,0,0
BRDA:6545,1135,1,0
BRDA:6545,1135,2,0
BRDA:6555,1136,0,0
BRDA:6555,1136,1,0
BRDA:6555,1137,0,0
BRDA:6555,1137,1,0
BRDA:6555,1137,2,0
BRDA:6570,1138,0,0
BRDA:6570,1138,1,0
BRDA:6573,1139,0,0
BRDA:6573,1139,1,0
BRDA:6578,1140,0,0
BRDA:6578,1140,1,0
BRDA:6578,1141,0,0
BRDA:6578,1141,1,0
BRDA:6578,1141,2,0
BRDA:6582,1142,0,0
BRDA:6582,1142,1,0
BRDA:6614,1143,0,0
BRDA:6614,1143,1,0
BRDA:6615,1144,0,0
BRDA:6615,1144,1,0
BRDA:6628,1145,0,0
BRDA:6628,1145,1,0
BRDA:6632,1146,0,0
BRDA:6632,1146,1,0
BRDA:6643,1147,0,0
BRDA:6643,1147,1,0
BRDA:6647,1148,0,0
BRDA:6647,1148,1,0
BRDA:6647,1149,0,0
BRDA:6647,1149,1,0
BRDA:6647,1150,0,0
BRDA:6647,1150,1,0
BRDA:6647,1151,0,0
BRDA:6647,1151,1,0
BRDA:6649,1152,0,0
BRDA:6649,1152,1,0
BRDA:6655,1153,0,0
BRDA:6655,1153,1,0
BRDA:6656,1154,0,0
BRDA:6656,1154,1,0
BRDA:6656,1154,2,0
BRDA:6656,1154,3,0
BRDA:6663,1155,0,0
BRDA:6663,1155,1,0
BRDA:6663,1156,0,0
BRDA:6663,1156,1,0
BRDA:6671,1157,0,0
BRDA:6671,1157,1,0
BRDA:6671,1158,0,0
BRDA:6671,1158,1,0
BRDA:6677,1159,0,0
BRDA:6677,1159,1,0
BRDA:6687,1160,0,0
BRDA:6687,1160,1,0
BRDA:6694,1161,0,0
BRDA:6694,1161,1,0
BRDA:6706,1162,0,0
BRDA:6706,1162,1,0
BRDA:6706,1163,0,0
BRDA:6706,1163,1,0
BRDA:6712,1164,0,0
BRDA:6712,1164,1,0
BRDA:6712,1165,0,0
BRDA:6712,1165,1,0
BRDA:6715,1166,0,0
BRDA:6715,1166,1,0
BRDA:6715,1167,0,0
BRDA:6715,1167,1,0
BRDA:6724,1168,0,0
BRDA:6724,1168,1,0
BRDA:6727,1169,0,0
BRDA:6727,1169,1,0
BRDA:6732,1170,0,0
BRDA:6732,1170,1,0
BRDA:6732,1171,0,0
BRDA:6732,1171,1,0
BRDA:6732,1171,2,0
BRDA:6741,1172,0,0
BRDA:6741,1172,1,0
BRDA:6741,1173,0,0
BRDA:6741,1173,1,0
BRDA:6745,1174,0,0
BRDA:6745,1174,1,0
BRDA:6748,1175,0,0
BRDA:6748,1175,1,0
BRDA:6751,1176,0,0
BRDA:6751,1176,1,0
BRDA:6751,1177,0,0
BRDA:6751,1177,1,0
BRDA:6756,1178,0,0
BRDA:6756,1178,1,0
BRDA:6761,1179,0,0
BRDA:6761,1179,1,0
BRDA:6765,1180,0,0
BRDA:6765,1180,1,0
BRDA:6770,1181,0,0
BRDA:6770,1181,1,0
BRDA:6771,1182,0,0
BRDA:6771,1182,1,0
BRDA:6775,1183,0,0
BRDA:6775,1183,1,0
BRDA:6776,1184,0,0
BRDA:6776,1184,1,0
BRDA:6778,1185,0,0
BRDA:6778,1185,1,0
BRDA:6779,1186,0,0
BRDA:6779,1186,1,0
BRDA:6781,1187,0,0
BRDA:6781,1187,1,0
BRDA:6782,1188,0,0
BRDA:6782,1188,1,0
BRDA:6784,1189,0,0
BRDA:6784,1189,1,0
BRDA:6794,1190,0,0
BRDA:6794,1190,1,0
BRDA:6794,1191,0,0
BRDA:6794,1191,1,0
BRDA:6795,1192,0,0
BRDA:6795,1192,1,0
BRDA:6798,1193,0,0
BRDA:6798,1193,1,0
BRDA:6801,1194,0,0
BRDA:6801,1194,1,0
BRDA:6803,1195,0,0
BRDA:6803,1195,1,0
BRDA:6804,1196,0,0
BRDA:6804,1196,1,0
BRDA:6805,1197,0,0
BRDA:6805,1197,1,0
BRDA:6807,1198,0,0
BRDA:6807,1198,1,0
BRDA:6808,1199,0,0
BRDA:6808,1199,1,0
BRDA:6816,1200,0,0
BRDA:6816,1200,1,0
BRDA:6816,1201,0,0
BRDA:6816,1201,1,0
BRDA:6821,1202,0,0
BRDA:6821,1202,1,0
BRDA:6821,1202,2,0
BRDA:6821,1202,3,0
BRDA:6821,1203,0,0
BRDA:6821,1203,1,0
BRDA:6821,1203,2,0
BRDA:6892,1204,0,0
BRDA:6892,1204,1,0
BRDA:6900,1205,0,0
BRDA:6900,1205,1,0
BRDA:6905,1206,0,0
BRDA:6905,1206,1,0
BRDA:6919,1207,0,0
BRDA:6919,1207,1,0
BRDA:6920,1208,0,0
BRDA:6920,1208,1,0
BRDA:6922,1209,0,0
BRDA:6922,1209,1,0
BRDA:6924,1210,0,0
BRDA:6924,1210,1,0
BRDA:6934,1211,0,0
BRDA:6934,1211,1,0
BRDA:6935,1212,0,0
BRDA:6935,1212,1,0
BRDA:6941,1213,0,0
BRDA:6941,1213,1,0
BRDA:6945,1214,0,0
BRDA:6945,1214,1,0
BRDA:6945,1214,2,0
BRDA:6949,1215,0,0
BRDA:6949,1215,1,0
BRDA:6950,1216,0,0
BRDA:6950,1216,1,0
BRDA:6950,1217,0,0
BRDA:6950,1217,1,0
BRDA:6961,1218,0,0
BRDA:6961,1218,1,0
BRDA:6961,1219,0,0
BRDA:6961,1219,1,0
BRDA:6961,1219,2,0
BRDA:6975,1220,0,0
BRDA:6975,1220,1,0
BRDA:6977,1221,0,0
BRDA:6977,1221,1,0
BRDA:6978,1222,0,0
BRDA:6978,1222,1,0
BRDA:6978,1223,0,0
BRDA:6978,1223,1,0
BRDA:6981,1224,0,0
BRDA:6981,1224,1,0
BRDA:6988,1225,0,0
BRDA:6988,1225,1,0
BRDA:6988,1226,0,0
BRDA:6988,1226,1,0
BRDA:6992,1227,0,0
BRDA:6992,1227,1,0
BRDA:6997,1228,0,0
BRDA:6997,1228,1,0
BRDA:7006,1229,0,0
BRDA:7006,1229,1,0
BRDA:7008,1230,0,0
BRDA:7008,1230,1,0
BRDA:7014,1231,0,0
BRDA:7014,1231,1,0
BRDA:7033,1232,0,0
BRDA:7033,1232,1,0
BRDA:7040,1233,0,0
BRDA:7040,1233,1,0
BRDA:7054,1234,0,0
BRDA:7054,1234,1,0
BRDA:7069,1235,0,0
BRDA:7069,1235,1,0
BRDA:7072,1236,0,0
BRDA:7072,1236,1,0
BRDA:7072,1236,2,0
BRDA:7072,1236,3,0
BRDA:7072,1236,4,0
BRDA:7079,1237,0,0
BRDA:7079,1237,1,0
BRDA:7081,1238,0,0
BRDA:7081,1238,1,0
BRDA:7100,1239,0,0
BRDA:7100,1239,1,0
BRDA:7101,1240,0,0
BRDA:7101,1240,1,0
BRDA:7130,1241,0,0
BRDA:7130,1241,1,0
BRDA:7215,1242,0,0
BRDA:7215,1242,1,0
BRDA:7221,1243,0,0
BRDA:7221,1243,1,0
BRDA:7226,1244,0,0
BRDA:7226,1244,1,0
BRDA:7230,1245,0,0
BRDA:7230,1245,1,0
BRDA:7230,1246,0,0
BRDA:7230,1246,1,0
BRDA:7230,1246,2,0
BRDA:7237,1247,0,0
BRDA:7237,1247,1,0
BRDA:7265,1248,0,0
BRDA:7265,1248,1,0
BRDA:7267,1249,0,0
BRDA:7267,1249,1,0
BRDA:7275,1250,0,0
BRDA:7275,1250,1,0
BRDA:7281,1251,0,0
BRDA:7281,1251,1,0
BRDA:7282,1252,0,0
BRDA:7282,1252,1,0
BRDA:7290,1253,0,0
BRDA:7290,1253,1,0
BRDA:7295,1254,0,0
BRDA:7295,1254,1,0
BRDA:7303,1255,0,0
BRDA:7303,1255,1,0
BRDA:7304,1256,0,0
BRDA:7304,1256,1,0
BRDA:7318,1257,0,0
BRDA:7318,1257,1,0
BRDA:7326,1258,0,0
BRDA:7326,1258,1,0
BRDA:7335,1259,0,0
BRDA:7335,1259,1,0
BRDA:7338,1260,0,0
BRDA:7338,1260,1,0
BRDA:7344,1261,0,0
BRDA:7344,1261,1,0
BRDA:7349,1262,0,0
BRDA:7349,1262,1,0
BRDA:7349,1263,0,0
BRDA:7349,1263,1,0
BRDA:7349,1263,2,0
BRDA:7352,1264,0,0
BRDA:7352,1264,1,0
BRDA:7354,1265,0,0
BRDA:7354,1265,1,0
BRDA:7357,1266,0,0
BRDA:7357,1266,1,0
BRDA:7363,1267,0,0
BRDA:7363,1267,1,0
BRDA:7385,1268,0,0
BRDA:7385,1268,1,0
BRDA:7385,1269,0,0
BRDA:7385,1269,1,0
BRDA:7387,1270,0,0
BRDA:7387,1270,1,0
BRDA:7395,1271,0,0
BRDA:7395,1271,1,0
BRDA:7398,1272,0,0
BRDA:7398,1272,1,0
BRDA:7408,1273,0,0
BRDA:7408,1273,1,0
BRDA:7409,1274,0,0
BRDA:7409,1274,1,0
BRDA:7410,1275,0,0
BRDA:7410,1275,1,0
BRDA:7416,1276,0,0
BRDA:7416,1276,1,0
BRDA:7419,1277,0,0
BRDA:7419,1277,1,0
BRDA:7433,1278,0,0
BRDA:7433,1278,1,0
BRDA:7435,1279,0,0
BRDA:7435,1279,1,0
BRDA:7450,1280,0,0
BRDA:7450,1280,1,0
BRDA:7453,1281,0,0
BRDA:7453,1281,1,0
BRDA:7456,1282,0,0
BRDA:7456,1282,1,0
BRDA:7458,1283,0,0
BRDA:7458,1283,1,0
BRDA:7458,1283,2,0
BRDA:7458,1283,3,0
BRDA:7460,1284,0,0
BRDA:7460,1284,1,0
BRDA:7460,1285,0,0
BRDA:7460,1285,1,0
BRDA:7461,1286,0,0
BRDA:7461,1286,1,0
BRDA:7461,1287,0,0
BRDA:7461,1287,1,0
BRDA:7466,1288,0,0
BRDA:7466,1288,1,0
BRDA:7466,1289,0,0
BRDA:7466,1289,1,0
BRDA:7466,1289,2,0
BRDA:7474,1290,0,0
BRDA:7474,1290,1,0
BRDA:7488,1291,0,0
BRDA:7488,1291,1,0
BRDA:7488,1292,0,0
BRDA:7488,1292,1,0
BRDA:7493,1293,0,0
BRDA:7493,1293,1,0
BRDA:7496,1294,0,0
BRDA:7496,1294,1,0
BRDA:7497,1295,0,0
BRDA:7497,1295,1,0
BRDA:7506,1296,0,0
BRDA:7506,1296,1,0
BRDA:7513,1297,0,0
BRDA:7513,1297,1,0
BRDA:7513,1298,0,0
BRDA:7513,1298,1,0
BRDA:7518,1299,0,0
BRDA:7518,1299,1,0
BRDA:7518,1300,0,0
BRDA:7518,1300,1,0
BRDA:7518,1300,2,0
BRDA:7518,1300,3,0
BRDA:7523,1301,0,0
BRDA:7523,1301,1,0
BRDA:7524,1302,0,0
BRDA:7524,1302,1,0
BRDA:7525,1303,0,0
BRDA:7525,1303,1,0
BRDA:7528,1304,0,0
BRDA:7528,1304,1,0
BRDA:7536,1305,0,0
BRDA:7536,1305,1,0
BRDA:7536,1306,0,0
BRDA:7536,1306,1,0
BRDA:7537,1307,0,0
BRDA:7537,1307,1,0
BRDA:7547,1308,0,0
BRDA:7547,1308,1,0
BRDA:7547,1309,0,0
BRDA:7547,1309,1,0
BRDA:7547,1309,2,0
BRDA:7563,1310,0,0
BRDA:7563,1310,1,0
BRDA:7568,1311,0,0
BRDA:7568,1311,1,0
BRDA:7572,1312,0,0
BRDA:7572,1312,1,0
BRDA:7572,1313,0,0
BRDA:7572,1313,1,0
BRDA:7583,1314,0,0
BRDA:7583,1314,1,0
BRDA:7601,1315,0,0
BRDA:7601,1315,1,0
BRDA:7606,1316,0,0
BRDA:7606,1316,1,0
BRDA:7611,1317,0,0
BRDA:7611,1317,1,0
BRDA:7611,1318,0,0
BRDA:7611,1318,1,0
BRDA:7611,1318,2,0
BRDA:7631,1319,0,0
BRDA:7631,1319,1,0
BRDA:7634,1320,0,0
BRDA:7634,1320,1,0
BRDA:7634,1321,0,0
BRDA:7634,1321,1,0
BRDA:7646,1322,0,0
BRDA:7646,1322,1,0
BRDA:7646,1323,0,0
BRDA:7646,1323,1,0
BRDA:7650,1324,0,0
BRDA:7650,1324,1,0
BRDA:7650,1325,0,0
BRDA:7650,1325,1,0
BRDA:7650,1325,2,0
BRDA:7692,1326,0,0
BRDA:7692,1326,1,0
BRDA:7700,1327,0,0
BRDA:7700,1327,1,0
BRDA:7701,1328,0,0
BRDA:7701,1328,1,0
BRDA:7706,1329,0,0
BRDA:7706,1329,1,0
BRDA:7708,1330,0,0
BRDA:7708,1330,1,0
BRDA:7708,1331,0,0
BRDA:7708,1331,1,0
BRDA:7716,1332,0,0
BRDA:7716,1332,1,0
BRDA:7721,1333,0,0
BRDA:7721,1333,1,0
BRDA:7721,1334,0,0
BRDA:7721,1334,1,0
BRDA:7725,1335,0,0
BRDA:7725,1335,1,0
BRDA:7730,1336,0,0
BRDA:7730,1336,1,0
BRDA:7736,1337,0,0
BRDA:7736,1337,1,0
BRDA:7737,1338,0,0
BRDA:7737,1338,1,0
BRDA:7748,1339,0,0
BRDA:7748,1339,1,0
BRDA:7774,1340,0,0
BRDA:7774,1340,1,0
BRDA:7776,1341,0,0
BRDA:7776,1341,1,0
BRDA:7787,1342,0,0
BRDA:7787,1342,1,0
BRDA:7790,1343,0,0
BRDA:7790,1343,1,0
BRDA:7790,1344,0,0
BRDA:7790,1344,1,0
BRDA:7794,1345,0,0
BRDA:7794,1345,1,0
BRDA:7797,1346,0,0
BRDA:7797,1346,1,0
BRDA:7801,1347,0,0
BRDA:7801,1347,1,0
BRDA:7801,1348,0,0
BRDA:7801,1348,1,0
BRDA:7803,1349,0,0
BRDA:7803,1349,1,0
BRDA:7805,1350,0,0
BRDA:7805,1350,1,0
BRDA:7807,1351,0,0
BRDA:7807,1351,1,0
BRDA:7816,1352,0,0
BRDA:7816,1352,1,0
BRDA:7816,1353,0,0
BRDA:7816,1353,1,0
BRDA:7820,1354,0,0
BRDA:7820,1354,1,0
BRDA:7822,1355,0,0
BRDA:7822,1355,1,0
BRDA:7846,1356,0,0
BRDA:7846,1356,1,0
BRDA:7849,1357,0,0
BRDA:7849,1357,1,0
BRDA:7849,1358,0,0
BRDA:7849,1358,1,0
BRDA:7849,1358,2,0
BRDA:7849,1358,3,0
BRDA:7849,1358,4,0
BRDA:7855,1359,0,0
BRDA:7855,1359,1,0
BRDA:7861,1360,0,0
BRDA:7861,1360,1,0
BRDA:7863,1361,0,0
BRDA:7863,1361,1,0
BRDA:7864,1362,0,0
BRDA:7864,1362,1,0
BRDA:7867,1363,0,0
BRDA:7867,1363,1,0
BRDA:7869,1364,0,0
BRDA:7869,1364,1,0
BRDA:7887,1365,0,0
BRDA:7887,1365,1,0
BRDA:7887,1366,0,0
BRDA:7887,1366,1,0
BRDA:7894,1367,0,0
BRDA:7894,1367,1,0
BRDA:7929,1368,0,0
BRDA:7929,1368,1,0
BRDA:7932,1369,0,0
BRDA:7932,1369,1,0
BRDA:7942,1370,0,0
BRDA:7942,1370,1,0
BRDA:7945,1371,0,0
BRDA:7945,1371,1,0
BRDA:7945,1371,2,0
BRDA:7955,1372,0,0
BRDA:7955,1372,1,0
BRDA:7964,1373,0,0
BRDA:7964,1373,1,0
BRDA:7964,1374,0,0
BRDA:7964,1374,1,0
BRDA:7964,1374,2,0
BRDA:7970,1375,0,0
BRDA:7970,1375,1,0
BRDA:7970,1376,0,0
BRDA:7970,1376,1,0
BRDA:7978,1377,0,0
BRDA:7978,1377,1,0
BRDA:7989,1378,0,0
BRDA:7989,1378,1,0
BRDA:8001,1379,0,0
BRDA:8001,1379,1,0
BRDA:8025,1380,0,0
BRDA:8025,1380,1,0
BRDA:8033,1381,0,0
BRDA:8033,1381,1,0
BRDA:8033,1381,2,0
BRDA:8042,1382,0,0
BRDA:8042,1382,1,0
BRDA:8047,1383,0,0
BRDA:8047,1383,1,0
BRDA:8051,1384,0,0
BRDA:8051,1384,1,0
BRDA:8051,1385,0,0
BRDA:8051,1385,1,0
BRDA:8065,1386,0,0
BRDA:8065,1386,1,0
BRDA:8072,1387,0,0
BRDA:8072,1387,1,0
BRDA:8079,1388,0,0
BRDA:8079,1388,1,0
BRDA:8079,1389,0,0
BRDA:8079,1389,1,0
BRDA:8088,1390,0,0
BRDA:8088,1390,1,0
BRDA:8088,1391,0,0
BRDA:8088,1391,1,0
BRDA:8102,1392,0,0
BRDA:8102,1392,1,0
BRDA:8102,1392,2,0
BRDA:8119,1393,0,0
BRDA:8119,1393,1,0
BRDA:8119,1394,0,0
BRDA:8119,1394,1,0
BRDA:8119,1394,2,0
BRDA:8125,1395,0,0
BRDA:8125,1395,1,0
BRDA:8127,1396,0,0
BRDA:8127,1396,1,0
BRDA:8133,1397,0,0
BRDA:8133,1397,1,0
BRDA:8135,1398,0,0
BRDA:8135,1398,1,0
BRDA:8145,1399,0,0
BRDA:8145,1399,1,0
BRDA:8145,1400,0,0
BRDA:8145,1400,1,0
BRDA:8164,1401,0,0
BRDA:8164,1401,1,0
BRDA:8164,1402,0,0
BRDA:8164,1402,1,0
BRDA:8164,1402,2,0
BRDA:8165,1403,0,0
BRDA:8165,1403,1,0
BRDA:8167,1404,0,0
BRDA:8167,1404,1,0
BRDA:8173,1405,0,0
BRDA:8173,1405,1,0
BRDA:8179,1406,0,0
BRDA:8179,1406,1,0
BRDA:8187,1407,0,0
BRDA:8187,1407,1,0
BRDA:8187,1408,0,0
BRDA:8187,1408,1,0
BRDA:8191,1409,0,0
BRDA:8191,1409,1,0
BRDA:8194,1410,0,0
BRDA:8194,1410,1,0
BRDA:8206,1411,0,0
BRDA:8206,1411,1,0
BRDA:8237,1412,0,0
BRDA:8237,1412,1,0
BRDA:8237,1413,0,0
BRDA:8237,1413,1,0
BRDA:8244,1414,0,0
BRDA:8244,1414,1,0
BRDA:8249,1415,0,0
BRDA:8249,1415,1,0
BRDA:8249,1416,0,0
BRDA:8249,1416,1,0
BRDA:8256,1417,0,0
BRDA:8256,1417,1,0
BRDA:8256,1418,0,0
BRDA:8256,1418,1,0
BRDA:8267,1419,0,0
BRDA:8267,1419,1,0
BRDA:8270,1420,0,0
BRDA:8270,1420,1,0
BRDA:8270,1421,0,0
BRDA:8270,1421,1,0
BRDA:8271,1422,0,0
BRDA:8271,1422,1,0
BRDA:8281,1423,0,0
BRDA:8281,1423,1,0
BRDA:8281,1424,0,0
BRDA:8281,1424,1,0
BRDA:8291,1425,0,0
BRDA:8291,1425,1,0
BRDA:8294,1426,0,0
BRDA:8294,1426,1,0
BRDA:8294,1427,0,0
BRDA:8294,1427,1,0
BRDA:8303,1428,0,0
BRDA:8303,1428,1,0
BRDA:8318,1429,0,0
BRDA:8318,1429,1,0
BRDA:8318,1430,0,0
BRDA:8318,1430,1,0
BRDA:8321,1431,0,0
BRDA:8321,1431,1,0
BRDA:8321,1432,0,0
BRDA:8321,1432,1,0
BRDA:8323,1433,0,0
BRDA:8323,1433,1,0
BRDA:8324,1434,0,0
BRDA:8324,1434,1,0
BRDA:8342,1435,0,0
BRDA:8342,1435,1,0
BRDA:8353,1436,0,0
BRDA:8353,1436,1,0
BRDA:8359,1437,0,0
BRDA:8359,1437,1,0
BRDA:8371,1438,0,0
BRDA:8371,1438,1,0
BRDA:8379,1439,0,0
BRDA:8379,1439,1,0
BRDA:8383,1440,0,0
BRDA:8383,1440,1,0
BRDA:8383,1440,2,0
BRDA:8383,1440,3,0
BRDA:8386,1441,0,0
BRDA:8386,1441,1,0
BRDA:8386,1442,0,0
BRDA:8386,1442,1,0
BRDA:8386,1442,2,0
BRDA:8386,1442,3,0
BRDA:8390,1443,0,0
BRDA:8390,1443,1,0
BRDA:8390,1444,0,0
BRDA:8390,1444,1,0
BRDA:8390,1444,2,0
BRDA:8399,1445,0,0
BRDA:8399,1445,1,0
BRDA:8399,1446,0,0
BRDA:8399,1446,1,0
BRDA:8404,1447,0,0
BRDA:8404,1447,1,0
BRDA:8404,1448,0,0
BRDA:8404,1448,1,0
BRDA:8414,1449,0,0
BRDA:8414,1449,1,0
BRDA:8422,1450,0,0
BRDA:8422,1450,1,0
BRDA:8426,1451,0,0
BRDA:8426,1451,1,0
BRDA:8426,1452,0,0
BRDA:8426,1452,1,0
BRDA:8426,1453,0,0
BRDA:8426,1453,1,0
BRDA:8427,1454,0,0
BRDA:8427,1454,1,0
BRDA:8428,1455,0,0
BRDA:8428,1455,1,0
BRDA:8438,1456,0,0
BRDA:8438,1456,1,0
BRDA:8440,1457,0,0
BRDA:8440,1457,1,0
BRDA:8440,1458,0,0
BRDA:8440,1458,1,0
BRDA:8443,1459,0,0
BRDA:8443,1459,1,0
BRDA:8444,1460,0,0
BRDA:8444,1460,1,0
BRDA:8445,1461,0,0
BRDA:8445,1461,1,0
BRDA:8450,1462,0,0
BRDA:8450,1462,1,0
BRDA:8451,1463,0,0
BRDA:8451,1463,1,0
BRDA:8466,1464,0,0
BRDA:8466,1464,1,0
BRDA:8472,1465,0,0
BRDA:8472,1465,1,0
BRDA:8477,1466,0,0
BRDA:8477,1466,1,0
BRDA:8477,1467,0,0
BRDA:8477,1467,1,0
BRDA:8478,1468,0,0
BRDA:8478,1468,1,0
BRDA:8488,1469,0,0
BRDA:8488,1469,1,0
BRDA:8498,1470,0,0
BRDA:8498,1470,1,0
BRDA:8500,1471,0,0
BRDA:8500,1471,1,0
BRDA:8500,1472,0,0
BRDA:8500,1472,1,0
BRDA:8500,1472,2,0
BRDA:8504,1473,0,0
BRDA:8504,1473,1,0
BRDA:8504,1474,0,0
BRDA:8504,1474,1,0
BRDA:8509,1475,0,0
BRDA:8509,1475,1,0
BRDA:8509,1476,0,0
BRDA:8509,1476,1,0
BRDA:8509,1476,2,0
BRDA:8510,1477,0,0
BRDA:8510,1477,1,0
BRDA:8525,1478,0,0
BRDA:8525,1478,1,0
BRDA:8525,1479,0,0
BRDA:8525,1479,1,0
BRDA:8570,1480,0,0
BRDA:8570,1480,1,0
BRDA:8570,1481,0,0
BRDA:8570,1481,1,0
BRDA:8571,1482,0,0
BRDA:8571,1482,1,0
BRDA:8571,1482,2,0
BRDA:8571,1482,3,0
BRDA:8571,1482,4,0
BRDA:8574,1483,0,0
BRDA:8574,1483,1,0
BRDA:8574,1483,2,0
BRDA:8574,1483,3,0
BRDA:8574,1483,4,0
BRDA:8577,1484,0,0
BRDA:8577,1484,1,0
BRDA:8577,1485,0,0
BRDA:8577,1485,1,0
BRDA:8578,1486,0,0
BRDA:8578,1486,1,0
BRDA:8581,1487,0,0
BRDA:8581,1487,1,0
BRDA:8581,1488,0,0
BRDA:8581,1488,1,0
BRDA:8589,1489,0,0
BRDA:8589,1489,1,0
BRDA:8593,1490,0,0
BRDA:8593,1490,1,0
BRDA:8595,1491,0,0
BRDA:8595,1491,1,0
BRDA:8619,1492,0,0
BRDA:8619,1492,1,0
BRDA:8627,1493,0,0
BRDA:8627,1493,1,0
BRDA:8631,1494,0,0
BRDA:8631,1494,1,0
BRDA:8636,1495,0,0
BRDA:8636,1495,1,0
BRDA:8636,1496,0,0
BRDA:8636,1496,1,0
BRDA:8636,1496,2,0
BRDA:8645,1497,0,0
BRDA:8645,1497,1,0
BRDA:8645,1498,0,0
BRDA:8645,1498,1,0
BRDA:8645,1499,0,0
BRDA:8645,1499,1,0
BRDA:8653,1500,0,0
BRDA:8653,1500,1,0
BRDA:8657,1501,0,0
BRDA:8657,1501,1,0
BRDA:8657,1501,2,0
BRDA:8657,1502,0,0
BRDA:8657,1502,1,0
BRDA:8666,1503,0,0
BRDA:8666,1503,1,0
BRDA:8666,1504,0,0
BRDA:8666,1504,1,0
BRDA:8671,1505,0,0
BRDA:8671,1505,1,0
BRDA:8671,1506,0,0
BRDA:8671,1506,1,0
BRDA:8671,1506,2,0
BRDA:8681,1507,0,0
BRDA:8681,1507,1,0
BRDA:8686,1508,0,0
BRDA:8686,1508,1,0
BRDA:8690,1509,0,0
BRDA:8690,1509,1,0
BRDA:8690,1510,0,0
BRDA:8690,1510,1,0
BRDA:8700,1511,0,0
BRDA:8700,1511,1,0
BRDA:8710,1512,0,0
BRDA:8710,1512,1,0
BRDA:8715,1513,0,0
BRDA:8715,1513,1,0
BRDA:8715,1514,0,0
BRDA:8715,1514,1,0
BRDA:8723,1515,0,0
BRDA:8723,1515,1,0
BRDA:8728,1516,0,0
BRDA:8728,1516,1,0
BRDA:8730,1517,0,0
BRDA:8730,1517,1,0
BRDA:8730,1518,0,0
BRDA:8730,1518,1,0
BRDA:8738,1519,0,0
BRDA:8738,1519,1,0
BRDA:8743,1520,0,0
BRDA:8743,1520,1,0
BRDA:8743,1521,0,0
BRDA:8743,1521,1,0
BRDA:8757,1522,0,0
BRDA:8757,1522,1,0
BRDA:8768,1523,0,0
BRDA:8768,1523,1,0
BRDA:8795,1524,0,0
BRDA:8795,1524,1,0
BRDA:8795,1525,0,0
BRDA:8795,1525,1,0
BRDA:8800,1526,0,0
BRDA:8800,1526,1,0
BRDA:8825,1527,0,0
BRDA:8825,1527,1,0
BRDA:8825,1528,0,0
BRDA:8825,1528,1,0
BRDA:8842,1529,0,0
BRDA:8842,1529,1,0
BRDA:8842,1530,0,0
BRDA:8842,1530,1,0
BRDA:8853,1531,0,0
BRDA:8853,1531,1,0
BRDA:8862,1532,0,0
BRDA:8862,1532,1,0
BRDA:8862,1533,0,0
BRDA:8862,1533,1,0
BRDA:8864,1534,0,0
BRDA:8864,1534,1,0
BRDA:8874,1535,0,0
BRDA:8874,1535,1,0
BRDA:8874,1536,0,0
BRDA:8874,1536,1,0
BRDA:8875,1537,0,0
BRDA:8875,1537,1,0
BRDA:8876,1538,0,0
BRDA:8876,1538,1,0
BRDA:8901,1539,0,0
BRDA:8901,1539,1,0
BRDA:8905,1540,0,0
BRDA:8905,1540,1,0
BRDA:8911,1541,0,0
BRDA:8911,1541,1,0
BRDA:8911,1542,0,0
BRDA:8911,1542,1,0
BRDA:8915,1543,0,0
BRDA:8915,1543,1,0
BRDA:8927,1544,0,0
BRDA:8927,1544,1,0
BRDA:8927,1545,0,0
BRDA:8927,1545,1,0
BRDA:8928,1546,0,0
BRDA:8928,1546,1,0
BRDA:8933,1547,0,0
BRDA:8933,1547,1,0
BRDA:8933,1547,2,0
BRDA:8934,1548,0,0
BRDA:8934,1548,1,0
BRDA:8934,1548,2,0
BRDA:8935,1549,0,0
BRDA:8935,1549,1,0
BRDA:8935,1549,2,0
BRDA:8935,1549,3,0
BRDA:8936,1550,0,0
BRDA:8936,1550,1,0
BRDA:8936,1550,2,0
BRDA:8936,1550,3,0
BRDA:8947,1551,0,0
BRDA:8947,1551,1,0
BRDA:8953,1552,0,0
BRDA:8953,1552,1,0
BRDA:8953,1553,0,0
BRDA:8953,1553,1,0
BRDA:8957,1554,0,0
BRDA:8957,1554,1,0
BRDA:8968,1555,0,0
BRDA:8968,1555,1,0
BRDA:8972,1556,0,0
BRDA:8972,1556,1,0
BRDA:8972,1556,2,0
BRDA:8973,1557,0,0
BRDA:8973,1557,1,0
BRDA:8973,1558,0,0
BRDA:8973,1558,1,0
BRDA:8977,1559,0,0
BRDA:8977,1559,1,0
BRDA:8981,1560,0,0
BRDA:8981,1560,1,0
BRDA:8985,1561,0,0
BRDA:8985,1561,1,0
BRDA:8985,1562,0,0
BRDA:8985,1562,1,0
BRDA:8985,1563,0,0
BRDA:8985,1563,1,0
BRDA:8986,1564,0,0
BRDA:8986,1564,1,0
BRDA:8987,1565,0,0
BRDA:8987,1565,1,0
BRDA:8994,1566,0,0
BRDA:8994,1566,1,0
BRDA:8994,1567,0,0
BRDA:8994,1567,1,0
BRDA:8995,1568,0,0
BRDA:8995,1568,1,0
BRDA:8996,1569,0,0
BRDA:8996,1569,1,0
BRDA:9002,1570,0,0
BRDA:9002,1570,1,0
BRDA:9002,1571,0,0
BRDA:9002,1571,1,0
BRDA:9007,1572,0,0
BRDA:9007,1572,1,0
BRDA:9007,1573,0,0
BRDA:9007,1573,1,0
BRDA:9022,1574,0,0
BRDA:9022,1574,1,0
BRDA:9023,1575,0,0
BRDA:9023,1575,1,0
BRDA:9024,1576,0,0
BRDA:9024,1576,1,0
BRDA:9034,1577,0,0
BRDA:9034,1577,1,0
BRDA:9042,1578,0,0
BRDA:9042,1578,1,0
BRDA:9042,1578,2,0
BRDA:9046,1579,0,0
BRDA:9046,1579,1,0
BRDA:9051,1580,0,0
BRDA:9051,1580,1,0
BRDA:9052,1581,0,0
BRDA:9052,1581,1,0
BRDA:9055,1582,0,0
BRDA:9055,1582,1,0
BRDA:9059,1583,0,0
BRDA:9059,1583,1,0
BRDA:9062,1584,0,0
BRDA:9062,1584,1,0
BRDA:9066,1585,0,0
BRDA:9066,1585,1,0
BRDA:9078,1586,0,0
BRDA:9078,1586,1,0
BRDA:9089,1587,0,0
BRDA:9089,1587,1,0
BRDA:9094,1588,0,0
BRDA:9094,1588,1,0
BRDA:9095,1589,0,0
BRDA:9095,1589,1,0
BRDA:9098,1590,0,0
BRDA:9098,1590,1,0
BRDA:9099,1591,0,0
BRDA:9099,1591,1,0
BRDA:9110,1592,0,0
BRDA:9110,1592,1,0
BRDA:9111,1593,0,0
BRDA:9111,1593,1,0
BRDA:9111,1593,2,0
BRDA:9127,1594,0,0
BRDA:9127,1594,1,0
BRDA:9130,1595,0,0
BRDA:9130,1595,1,0
BRDA:9137,1596,0,0
BRDA:9137,1596,1,0
BRDA:9137,1597,0,0
BRDA:9137,1597,1,0
BRDA:9137,1598,0,0
BRDA:9137,1598,1,0
BRDA:9138,1599,0,0
BRDA:9138,1599,1,0
BRDA:9138,1599,2,0
BRDA:9147,1600,0,0
BRDA:9147,1600,1,0
BRDA:9149,1601,0,0
BRDA:9149,1601,1,0
BRDA:9150,1602,0,0
BRDA:9150,1602,1,0
BRDA:9161,1603,0,0
BRDA:9161,1603,1,0
BRDA:9163,1604,0,0
BRDA:9163,1604,1,0
BRDA:9164,1605,0,0
BRDA:9164,1605,1,0
BRDA:9179,1606,0,0
BRDA:9179,1606,1,0
BRDA:9180,1607,0,0
BRDA:9180,1607,1,0
BRDA:9189,1608,0,0
BRDA:9189,1608,1,0
BRDA:9190,1609,0,0
BRDA:9190,1609,1,0
BRDA:9191,1610,0,0
BRDA:9191,1610,1,0
BRDA:9199,1611,0,0
BRDA:9199,1611,1,0
BRDA:9200,1612,0,0
BRDA:9200,1612,1,0
BRDA:9203,1613,0,0
BRDA:9203,1613,1,0
BRDA:9210,1614,0,0
BRDA:9210,1614,1,0
BRDA:9215,1615,0,0
BRDA:9215,1615,1,0
BRDA:9215,1615,2,0
BRDA:9215,1615,3,0
BRDA:9215,1615,4,0
BRDA:9219,1616,0,0
BRDA:9219,1616,1,0
BRDA:9228,1617,0,0
BRDA:9228,1617,1,0
BRDA:9232,1618,0,0
BRDA:9232,1618,1,0
BRDA:9236,1619,0,0
BRDA:9236,1619,1,0
BRDA:9260,1620,0,0
BRDA:9260,1620,1,0
BRDA:9260,1621,0,0
BRDA:9260,1621,1,0
BRDA:9260,1621,2,0
BRF:3497
BRH:0
end_of_record
